Page    1

Line Source Line
---- ----------------------------------------------------------------------
   1 $----------------------------------------
   2 $ Azariel Del Carmen
   3 $ Problem #13
   4 $ Problem13.sdl
   5 $----------------------------------------
   6 COMPONENTS
   7    LATCH showHexDigits
   8 
   9    NOT g1 $ not D
  10    NOT g2 $ not C
  11    NOT g3 $ not B
  12    NOT g4 $ not A
  13 
  14    $ NOT ANDs and checks
  15    AND*4 g5
  16    AND*4 g6
  17    AND*4 g7
  18    AND*4 g8
  19    AND*4 g9
  20    AND*4 g10
  21    AND*4 g11
  22    AND*4 g12
  23    AND*4 g13
  24    AND*4 g14
  25    AND*4 g15
  26    AND*4 g16
  27    AND*4 g17
  28    AND*4 g18
  29    AND*4 g19
  30    AND*4 g20
  31 
  32    $ Digits
  33    OR*10 g21
  34    OR*9 g22
  35    OR*10 g23
  36    OR*10 g24
  37    OR*12 g25
  38    OR*11 g26
  39    OR*13 g27
  40 
  41    $ isHexDigit
  42    OR*6 g28
  43    NOT g29
  44 
  45    $ NOT Q
  46    NOT g30
  47 
  48    $ showE
  49    AND g31
  50    
Page    2

Line Source Line
---- ----------------------------------------------------------------------
  51    $ showSx
  52    NOT g32
  53 
  54    $ 1st
  55    AND g33
  56    AND g34
  57    OR g35
  58 
  59    $ 2nd
  60    AND g36
  61    AND g37
  62    OR g38
  63 
  64    $ 3rd
  65    AND g39
  66    AND g40
  67    OR g41
  68 
  69    $ 4th
  70    AND g42
  71 
  72    $ 5th
  73    AND g43
  74 
  75    $ 6th
  76    AND g44
  77    AND g45
  78    OR g46
  79 
  80    $ 7th
  81    AND g47
  82    AND g48
  83    OR g49
  84 
  85 ALIASES
  86 $ 4-bit code
  87    B0   = IN#1
  88    B1   = IN#2
  89    B2   = IN#3
  90    B3   = IN#4
  91 $ segments
  92    SEG1 = OUT#1
  93    SEG2 = OUT#2
  94    SEG3 = OUT#3
  95    SEG4 = OUT#4
  96    SEG5 = OUT#5
  97    SEG6 = OUT#6
  98    SEG7 = OUT#7
  99 $ showHexDigits latch
 100    D    = IN#5
Page    3

Line Source Line
---- ----------------------------------------------------------------------
 101    CK   = IN#6
 102    Q    = OUT#8
 103 
 104 CONNECTIONS
 105 $ showHexDigits latch
 106    showHexDigits#1  - D
 107    showHexDigits#2  - CK
 108    showHexDigits#3  - GROUND
 109    showHexDigits#4  - GROUND 
 110    showHexDigits#5  - Q
 111 
 112    $ NOT B0-B3
 113    g1#1 - B3 $D
 114    g2#1 - B2 $C
 115    g3#1 - B1 $B
 116    g4#1 - B0 $A
 117 
 118    $ NOT ABCD
 119    g5#1 - g1#2
 120    g5#2 - g2#2
 121    g5#3 - g3#2
 122    g5#4 - g4#2
 123 
 124    $ A NOT BCD
 125    g6#1 - g1#2
 126    g6#2 - g2#2
 127    g6#3 - g3#2
 128    g6#4 - B0
 129 
 130    $ B NOT ACD
 131    g7#1 - g1#2
 132    g7#2 - g2#2
 133    g7#3 - B1
 134    g7#4 - g4#2
 135 
 136    $ AB NOT CD
 137    g8#1 - g1#2
 138    g8#2 - g2#2
 139    g8#3 - B1
 140    g8#4 - B0
 141 
 142    $ C NOT ABD
 143    g9#1 - g1#2
 144    g9#2 - B2
 145    g9#3 - g3#2
 146    g9#4 - g4#2
 147 
 148    $ AC NOT BD
 149    g10#1 - g1#2
 150    g10#2 - B2
Page    4

Line Source Line
---- ----------------------------------------------------------------------
 151    g10#3 - g3#2
 152    g10#4 - B0
 153 
 154    $ BC NOT AD
 155    g11#1 - g1#2
 156    g11#2 - B2
 157    g11#3 - B1
 158    g11#4 - g4#2
 159 
 160    $ ABC NOT D
 161    g12#1 - g1#2
 162    g12#2 - B2
 163    g12#3 - B1
 164    g12#4 - B0
 165 
 166    $ D NOT ABC
 167    g13#1 - B3
 168    g13#2 - g2#2
 169    g13#3 - g3#2
 170    g13#4 - g4#2
 171 
 172    $ AD not BC
 173    g14#1 - B3
 174    g14#2 - g2#2
 175    g14#3 - g3#2
 176    g14#4 - B0
 177 
 178    $ BD not AC
 179    g15#1 - B3
 180    g15#2 - g2#2
 181    g15#3 - B1
 182    g15#4 - g4#2
 183 
 184    $ ABD not C
 185    g16#1 - B3
 186    g16#2 - g2#2
 187    g16#3 - B1
 188    g16#4 - B0
 189 
 190    $ CD not AB
 191    g17#1 - B3
 192    g17#2 - B2
 193    g17#3 - g3#2
 194    g17#4 - g4#2
 195 
 196    $ ACD not B
 197    g18#1 - B3
 198    g18#2 - B2
 199    g18#3 - g3#2
 200    g18#4 - B0
Page    5

Line Source Line
---- ----------------------------------------------------------------------
 201 
 202    $ BCD not A
 203    g19#1 - B3
 204    g19#2 - B2
 205    g19#3 - B1
 206    g19#4 - g4#2
 207 
 208    $ ABCD
 209    g20#1 - B3
 210    g20#2 - B2
 211    g20#3 - B1
 212    g20#4 - B0
 213 
 214    $ 1st digit
 215    g21#1 - g5#5
 216    g21#2 - g7#5
 217    g21#3 - g11#5
 218    g21#4 - g13#5
 219    g21#5 - g15#5
 220    g21#6 - g16#5
 221    g21#7 - g17#5
 222    g21#8 - g18#5
 223    g21#9 - g19#5
 224    g21#10 - g20#5
 225    $ g21#11 - SEG1
 226 
 227    $ 2nd digit
 228    g22#1 - g5#5
 229    g22#2 - g9#5
 230    g22#3 - g10#5
 231    g22#4 - g11#5
 232    g22#5 - g13#5
 233    g22#6 - g14#5
 234    g22#7 - g16#5
 235    g22#8 - g19#5
 236    g22#9 - g20#5
 237    $ g22#10 - SEG2
 238 
 239    $ 3rd digit
 240    g23#1 - g5#5
 241    g23#2 - g7#5
 242    g23#3 - g8#5
 243    g23#4 - g10#5
 244    g23#5 - g11#5
 245    g23#6 - g12#5
 246    g23#7 - g13#5
 247    g23#8 - g14#5
 248    g23#9 - g19#5
 249    g23#10 - g20#5
 250    $ g23#11 - SEG3
Page    6

Line Source Line
---- ----------------------------------------------------------------------
 251 
 252    $ 4th digit
 253    g24#1 - g5#5
 254    g24#2 - g6#5
 255    g24#3 - g7#5
 256    g24#4 - g8#5
 257    g24#5 - g9#5
 258    g24#6 - g12#5
 259    g24#7 - g13#5
 260    g24#8 - g14#5
 261    g24#9 - g18#5
 262    g24#10 - g19#5
 263    $ g24#11 - SEG4
 264 
 265    $ 5th digit
 266    g25#1 - g5#5
 267    g25#2 - g6#5
 268    g25#3 - g8#5
 269    g25#4 - g9#5
 270    g25#5 - g10#5
 271    g25#6 - g11#5
 272    g25#7 - g12#5
 273    g25#8 - g13#5
 274    g25#9 - g14#5
 275    g25#10 - g15#5
 276    g25#11 - g16#5
 277    g25#12 - g18#5
 278    $ g25#13 - SEG5
 279 
 280    $ 6th digit
 281    g26#1 - g5#5
 282    g26#2 - g7#5
 283    g26#3 - g8#5
 284    g26#4 - g10#5
 285    g26#5 - g11#5
 286    g26#6 - g13#5
 287    g26#7 - g15#5
 288    g26#8 - g16#5
 289    g26#9 - g17#5
 290    g26#10 - g18#5
 291    g26#11 - g19#5
 292    $ g26#12 - SEG6
 293 
 294    $ 7th digit
 295    g27#1 - g7#5
 296    g27#2 - g8#5
 297    g27#3 - g9#5
 298    g27#4 - g10#5
 299    g27#5 - g11#5
 300    g27#6 - g13#5
Page    7

Line Source Line
---- ----------------------------------------------------------------------
 301    g27#7 - g14#5
 302    g27#8 - g15#5
 303    g27#9 - g16#5
 304    g27#10 - g17#5
 305    g27#11 - g18#5
 306    g27#12 - g19#5
 307    g27#13 - g20#5
 308    $ g27#14 - SEG7
 309 
 310    $ isHexDigit
 311    g28#1 - g15#5
 312    g28#2 - g16#5
 313    g28#3 - g17#5
 314    g28#4 - g18#5
 315    g28#5 - g19#5
 316    g28#6 - g20#5
 317 
 318    $ NOT isHexDigit
 319    g29#1 - g28#7
 320 
 321    $ NOT Q
 322    g30#1 - showHexDigits#5
 323 
 324    $ showE
 325    g31#1 - g28#7
 326    g31#2 - g30#2
 327 
 328    $ showSX
 329    g32#1 - g31#3
 330 
 331    $ 1st digit
 332    g33#1 - g21#11
 333    g33#2 - g32#2
 334 
 335    g34#1 - POWER
 336    g34#2 - g31#3
 337 
 338    g35#1 - g33#3
 339    g35#2 - g34#3
 340    g35#3 - SEG1
 341 
 342    $ 2nd digit
 343    g36#1 - g22#10
 344    g36#2 - g32#2
 345 
 346    g37#1 - POWER
 347    g37#2 - g31#3
 348 
 349    g38#1 - g36#3
 350    g38#2 - g37#3
Page    8

Line Source Line
---- ----------------------------------------------------------------------
 351    g38#3 - SEG2
 352 
 353    $ 3rd digit
 354    g39#1 - g23#11
 355    g39#2 - g32#2
 356 
 357    g40#1 - POWER
 358    g40#2 - g31#3
 359 
 360    g41#1 - g39#3
 361    g41#2 - g40#3
 362    g41#3 - SEG3
 363 
 364    $ 4th digit
 365    g42#1 - g24#11
 366    g42#2 - g32#2
 367    g42#3 - SEG4
 368 
 369    $ 5th digit
 370    g43#1 - g25#13
 371    g43#2 - g32#2
 372    g43#3 - SEG5
 373 
 374    $ 6th digit
 375    g44#1 - g26#12
 376    g44#2 - g32#2
 377 
 378    g45#1 - POWER
 379    g45#2 - g31#3
 380 
 381    g46#1 - g44#3
 382    g46#2 - g45#3
 383    g46#3 - SEG6
 384 
 385    $ 7th digit
 386    g47#1 - g27#14
 387    g47#2 - g32#2
 388 
 389    g48#1 - POWER
 390    g48#2 - g31#3
 391 
 392    g49#1 - g47#3
 393    g49#2 - g48#3
 394    g49#3 - SEG7
 395 
 396 END
5255 characters, 396 lines
  50 components (showHexDigits...g49)
 200 connections
