F(00000000) = 01
====================================================================================
    TOS0     TOS1     TOS2     TOS3        SP       PC Assembly instruction
 (empty)                             0007FFFC 00000000 Main            PUSH     #0XFFFFFFFF
====================================================================================

Cycle        PC MBR      MAR      MDR       SP      TOS       LV      CPP   OPC/T0 MPC  JAM Next Mem BBus Shift ALU      CBus
------ -------- --- -------- -------- -------- -------- -------- -------- -------- --- ---- ---- --- ---- ----- -------- ----
    0: 00000000  01 00000000 00000000 0007FFFC 00000000 00000000 00000000 00000000 100 C     000 F   PC         B+1      PC
 PC = 00000001
    1: 00000001  01 00000000 00000000 0007FFFC 00000000 00000000 00000000 00000000 001       047     PC         B+1      PC
 PC = 00000002
F(00000001) = FF
    2: 00000002  FF 00000000 00000000 0007FFFC 00000000 00000000 00000000 00000000 047       048 F   MBRU SL8   B        H
  H = 0000FF00
    3: 00000002  FF 00000000 00000000 0007FFFC 00000000 00000000 00000000 00000000 048       04B     PC         B+1      PC
 PC = 00000003
F(00000002) = FF
    4: 00000003  FF 00000000 00000000 0007FFFC 00000000 00000000 00000000 00000000 04B       04C F   MBRU SL8   H or B   H
  H = 00FFFF00
    5: 00000003  FF 00000000 00000000 0007FFFC 00000000 00000000 00000000 00000000 04C       04F     PC         B+1      PC
 PC = 00000004
F(00000003) = FF
    6: 00000004  FF 00000000 00000000 0007FFFC 00000000 00000000 00000000 00000000 04F       053 F   MBRU SL8   H or B   H
  H = FFFFFF00
    7: 00000004  FF 00000000 00000000 0007FFFC 00000000 00000000 00000000 00000000 053       054     PC         B+1      PC
 PC = 00000005
F(00000004) = FF
    8: 00000005  FF 00000000 00000000 0007FFFC 00000000 00000000 00000000 00000000 054       057 F   MBRU       H or B   H
  H = FFFFFFFF
    9: 00000005  FF 00000000 00000000 0007FFFC 00000000 00000000 00000000 00000000 057       058     PC         B+1      PC
 PC = 00000006
F(00000005) = 00
   10: 00000006  00 00000000 00000000 0007FFFC 00000000 00000000 00000000 00000000 058 C     040                0       
   11: 00000006  00 00000000 00000000 0007FFFC 00000000 00000000 00000000 00000000 040       07C                H        TOS
TOS = FFFFFFFF
   12: 00000006  00 00000000 00000000 0007FFFC FFFFFFFF 00000000 00000000 00000000 07C       07D     TOS        B        MDR
MDR = FFFFFFFF
   13: 00000006  00 00000000 FFFFFFFF 0007FFFC FFFFFFFF 00000000 00000000 00000000 07D       07E F W SP         B+4      SP MAR
 SP = 00080000
MAR = 00080000
   14: 00000006  00 00080000 FFFFFFFF 00080000 FFFFFFFF 00000000 00000000 00000000 07E       100                0       
F(00000006) = 01
W(00080000) = FFFFFFFF
====================================================================================
    TOS0     TOS1     TOS2     TOS3        SP       PC Assembly instruction
FFFFFFFF                             00080000 00000006                 PUSH     x
====================================================================================

Cycle        PC MBR      MAR      MDR       SP      TOS       LV      CPP   OPC/T0 MPC  JAM Next Mem BBus Shift ALU      CBus
------ -------- --- -------- -------- -------- -------- -------- -------- -------- --- ---- ---- --- ---- ----- -------- ----
   15: 00000006  01 00080000 FFFFFFFF 00080000 FFFFFFFF 00000000 00000000 00000000 100 C     000 F   PC         B+1      PC
 PC = 00000007
   16: 00000007  01 00080000 FFFFFFFF 00080000 FFFFFFFF 00000000 00000000 00000000 001       047     PC         B+1      PC
 PC = 00000008
F(00000007) = 00
   17: 00000008  00 00080000 FFFFFFFF 00080000 FFFFFFFF 00000000 00000000 00000000 047       048 F   MBRU SL8   B        H
  H = 00000000
   18: 00000008  00 00080000 FFFFFFFF 00080000 FFFFFFFF 00000000 00000000 00000000 048       04B     PC         B+1      PC
 PC = 00000009
F(00000008) = 00
   19: 00000009  00 00080000 FFFFFFFF 00080000 FFFFFFFF 00000000 00000000 00000000 04B       04C F   MBRU SL8   H or B   H
  H = 00000000
   20: 00000009  00 00080000 FFFFFFFF 00080000 FFFFFFFF 00000000 00000000 00000000 04C       04F     PC         B+1      PC
 PC = 0000000A
F(00000009) = 00
   21: 0000000A  00 00080000 FFFFFFFF 00080000 FFFFFFFF 00000000 00000000 00000000 04F       053 F   MBRU SL8   H or B   H
  H = 00000000
   22: 0000000A  00 00080000 FFFFFFFF 00080000 FFFFFFFF 00000000 00000000 00000000 053       054     PC         B+1      PC
 PC = 0000000B
F(0000000A) = 17
   23: 0000000B  17 00080000 FFFFFFFF 00080000 FFFFFFFF 00000000 00000000 00000000 054       057 F   MBRU       H or B   H
  H = 00000017
   24: 0000000B  17 00080000 FFFFFFFF 00080000 FFFFFFFF 00000000 00000000 00000000 057       058     PC         B+1      PC
 PC = 0000000C
F(0000000B) = 01
   25: 0000000C  01 00080000 FFFFFFFF 00080000 FFFFFFFF 00000000 00000000 00000000 058 C     040                0       
   26: 0000000C  01 00080000 FFFFFFFF 00080000 FFFFFFFF 00000000 00000000 00000000 041       05B  R             H        MAR
MAR = 00000017
   27: 0000000C  01 00000017 FFFFFFFF 00080000 FFFFFFFF 00000000 00000000 00000000 05B       05C                0       
R(00000017) = 00000001
   28: 0000000C  01 00000017 00000001 00080000 FFFFFFFF 00000000 00000000 00000000 05C       07C     MDR        B        TOS
TOS = 00000001
   29: 0000000C  01 00000017 00000001 00080000 00000001 00000000 00000000 00000000 07C       07D     TOS        B        MDR
MDR = 00000001

Cycle        PC MBR      MAR      MDR       SP      TOS       LV      CPP   OPC/T0 MPC  JAM Next Mem BBus Shift ALU      CBus
------ -------- --- -------- -------- -------- -------- -------- -------- -------- --- ---- ---- --- ---- ----- -------- ----
   30: 0000000C  01 00000017 00000001 00080000 00000001 00000000 00000000 00000000 07D       07E F W SP         B+4      SP MAR
 SP = 00080004
MAR = 00080004
   31: 0000000C  01 00080004 00000001 00080004 00000001 00000000 00000000 00000000 07E       100                0       
F(0000000C) = 10
W(00080004) = 00000001
====================================================================================
    TOS0     TOS1     TOS2     TOS3        SP       PC Assembly instruction
00000001 FFFFFFFF                    00080004 0000000C                 ADD      
====================================================================================
   32: 0000000C  10 00080004 00000001 00080004 00000001 00000000 00000000 00000000 100 C     000 F   PC         B+1      PC
 PC = 0000000D
   33: 0000000D  10 00080004 00000001 00080004 00000001 00000000 00000000 00000000 010       0CF  R  SP         B-4      SP MAR
 SP = 00080000
MAR = 00080000
F(0000000D) = 04
   34: 0000000D  04 00080000 00000001 00080000 00000001 00000000 00000000 00000000 0CF       0D0                0       
R(00080000) = FFFFFFFF
   35: 0000000D  04 00080000 FFFFFFFF 00080000 00000001 00000000 00000000 00000000 0D0       0D1     MDR        B        H
  H = FFFFFFFF
   36: 0000000D  04 00080000 FFFFFFFF 00080000 00000001 00000000 00000000 00000000 0D1       0D2   W TOS        H+B      TOS MDR
TOS = 00000000
MDR = 00000000
   37: 0000000D  04 00080000 00000000 00080000 00000000 00000000 00000000 00000000 0D2       100                0       
W(00080000) = 00000000
====================================================================================
    TOS0     TOS1     TOS2     TOS3        SP       PC Assembly instruction
00000000                             00080000 0000000D                 DISCARD  #1
====================================================================================
   38: 0000000D  04 00080000 00000000 00080000 00000000 00000000 00000000 00000000 100 C     000 F   PC         B+1      PC
 PC = 0000000E
   39: 0000000E  04 00080000 00000000 00080000 00000000 00000000 00000000 00000000 004       0A8     PC         B+1      PC
 PC = 0000000F
F(0000000E) = 00
   40: 0000000F  00 00080000 00000000 00080000 00000000 00000000 00000000 00000000 0A8       0A9 F   MBRU SL8   B        H
  H = 00000000
   41: 0000000F  00 00080000 00000000 00080000 00000000 00000000 00000000 00000000 0A9       0AA     PC         B+1      PC
 PC = 00000010
F(0000000F) = 00
   42: 00000010  00 00080000 00000000 00080000 00000000 00000000 00000000 00000000 0AA       0AB F   MBRU SL8   H or B   H
  H = 00000000
   43: 00000010  00 00080000 00000000 00080000 00000000 00000000 00000000 00000000 0AB       0AC     PC         B+1      PC
 PC = 00000011
F(00000010) = 00
   44: 00000011  00 00080000 00000000 00080000 00000000 00000000 00000000 00000000 0AC       0AD F   MBRU SL8   H or B   H
  H = 00000000

Cycle        PC MBR      MAR      MDR       SP      TOS       LV      CPP   OPC/T0 MPC  JAM Next Mem BBus Shift ALU      CBus
------ -------- --- -------- -------- -------- -------- -------- -------- -------- --- ---- ---- --- ---- ----- -------- ----
   45: 00000011  00 00080000 00000000 00080000 00000000 00000000 00000000 00000000 0AD       0AE     PC         B+1      PC
 PC = 00000012
F(00000011) = 01
   46: 00000012  01 00080000 00000000 00080000 00000000 00000000 00000000 00000000 0AE       143     MBRU       H or B   T1
 T1 = 00000001
   47: 00000012  01 00080000 00000000 00080000 00000000 00000000 00000000 00000000 143       0AF     SP         B-4      SP
 SP = 0007FFFC
   48: 00000012  01 00080000 00000000 0007FFFC 00000000 00000000 00000000 00000000 0AF       0B0     T1         B-1      T1
 T1 = 00000000
   49: 00000012  01 00080000 00000000 0007FFFC 00000000 00000000 00000000 00000000 0B0  N P  043     T1         B       
   50: 00000012  01 00080000 00000000 0007FFFC 00000000 00000000 00000000 00000000 043       0B1 FR  SP         B        MAR
MAR = 0007FFFC
   51: 00000012  01 0007FFFC 00000000 0007FFFC 00000000 00000000 00000000 00000000 0B1       0B2                0       
F(00000012) = 3F
R(0007FFFC) = C8E15B0C
   52: 00000012  3F 0007FFFC C8E15B0C 0007FFFC 00000000 00000000 00000000 00000000 0B2       100     MDR        B        TOS
TOS = C8E15B0C
====================================================================================
    TOS0     TOS1     TOS2     TOS3        SP       PC Assembly instruction
 (empty)                             0007FFFC 00000012                 SVC      #1
====================================================================================
   53: 00000012  3F 0007FFFC C8E15B0C 0007FFFC C8E15B0C 00000000 00000000 00000000 100 C     000 F   PC         B+1      PC
 PC = 00000013
   54: 00000013  3F 0007FFFC C8E15B0C 0007FFFC C8E15B0C 00000000 00000000 00000000 03F       13B     PC         B+1      PC
 PC = 00000014
F(00000013) = 00
   55: 00000014  00 0007FFFC C8E15B0C 0007FFFC C8E15B0C 00000000 00000000 00000000 13B       13C F   MBRU SL8   B        H
  H = 00000000
   56: 00000014  00 0007FFFC C8E15B0C 0007FFFC C8E15B0C 00000000 00000000 00000000 13C       13D     PC         B+1      PC
 PC = 00000015
F(00000014) = 00
   57: 00000015  00 0007FFFC C8E15B0C 0007FFFC C8E15B0C 00000000 00000000 00000000 13D       13E F   MBRU SL8   H or B   H
  H = 00000000
   58: 00000015  00 0007FFFC C8E15B0C 0007FFFC C8E15B0C 00000000 00000000 00000000 13E       13F     PC         B+1      PC
 PC = 00000016
F(00000015) = 00
   59: 00000016  00 0007FFFC C8E15B0C 0007FFFC C8E15B0C 00000000 00000000 00000000 13F       140 F   MBRU SL8   H or B   H
  H = 00000000

Cycle        PC MBR      MAR      MDR       SP      TOS       LV      CPP   OPC/T0 MPC  JAM Next Mem BBus Shift ALU      CBus
------ -------- --- -------- -------- -------- -------- -------- -------- -------- --- ---- ---- --- ---- ----- -------- ----
   60: 00000016  00 0007FFFC C8E15B0C 0007FFFC C8E15B0C 00000000 00000000 00000000 140       141     PC         B+1      PC
 PC = 00000017
F(00000016) = 01
   61: 00000017  01 0007FFFC C8E15B0C 0007FFFC C8E15B0C 00000000 00000000 00000000 141       142 F   MBRU       H or B   T1
 T1 = 00000001
   62: 00000017  01 0007FFFC C8E15B0C 0007FFFC C8E15B0C 00000000 00000000 00000000 142       100                SVC# 1  

SVC_STOP_PROGRAM_EXECUTION: Mic1 stopped
