
    TOS0     TOS1     TOS2     TOS3        SP       PC Assembly instruction
-------- -------- -------- --------  -------- -------- ----------------------------------------
 (empty)                             0007FFFC 00000000                 PUSH     #message1
000000D3                             00080000 00000006                 SVC      #6
000000D3                             00080000 0000000B                 PUSHA    n
000000DC 000000D3                    00080004 00000011                 SVC      #2
**********
n? 7
**********
000000DC 000000D3                    00080004 00000016                 DISCARD  #2
 (empty)                             0007FFFC 0000001B                 PUSH     #0X00000000
00000000                             00080000 00000021                 POP      x
 (empty)                             0007FFFC 00000027 while1          NOOP     
 (empty)                             0007FFFC 00000028                 PUSH     n
00000007                             00080000 0000002E                 PUSH     #0X00000001
00000001 00000007                    00080004 00000034                 CMP      
00000001                             00080000 00000035                 JMPE     endwhile1
 (empty)                             0007FFFC 0000003A                 PUSH     x
00000000                             00080000 00000040                 PUSH     #0X00000001
00000001 00000000                    00080004 00000046                 ADD      

    TOS0     TOS1     TOS2     TOS3        SP       PC Assembly instruction
-------- -------- -------- --------  -------- -------- ----------------------------------------
00000001                             00080000 00000047                 POP      x
 (empty)                             0007FFFC 0000004D                 PUSH     n
00000007                             00080000 00000053                 PUSH     #0X00000001
00000001 00000007                    00080004 00000059                 AND      
00000001                             00080000 0000005A                 JMPNE    else1
 (empty)                             0007FFFC 00000071 else1           NOOP     
 (empty)                             0007FFFC 00000072                 PUSH     n
00000007                             00080000 00000078                 SL1      
0000000E                             00080000 00000079                 PUSH     n
00000007 0000000E                    00080004 0000007F                 ADD      
00000015                             00080000 00000080                 PUSH     #0X00000001
00000001 00000015                    00080004 00000086                 ADD      
00000016                             00080000 00000087                 POP      n
 (empty)                             0007FFFC 0000008D endif1          NOOP     
 (empty)                             0007FFFC 0000008E                 PUSH     n

    TOS0     TOS1     TOS2     TOS3        SP       PC Assembly instruction
-------- -------- -------- --------  -------- -------- ----------------------------------------
00000016                             00080000 00000094                 SVC      #3
00000016                             00080000 00000099                 SVC      #7
**********
22
**********
00000016                             00080000 0000009E                 DISCARD  #1
 (empty)                             0007FFFC 000000A3                 JMP      while1
 (empty)                             0007FFFC 00000027 while1          NOOP     
 (empty)                             0007FFFC 00000028                 PUSH     n
00000016                             00080000 0000002E                 PUSH     #0X00000001
00000001 00000016                    00080004 00000034                 CMP      
00000001                             00080000 00000035                 JMPE     endwhile1
 (empty)                             0007FFFC 0000003A                 PUSH     x
00000001                             00080000 00000040                 PUSH     #0X00000001
00000001 00000001                    00080004 00000046                 ADD      
00000002                             00080000 00000047                 POP      x
 (empty)                             0007FFFC 0000004D                 PUSH     n
00000016                             00080000 00000053                 PUSH     #0X00000001

    TOS0     TOS1     TOS2     TOS3        SP       PC Assembly instruction
-------- -------- -------- --------  -------- -------- ----------------------------------------
00000001 00000016                    00080004 00000059                 AND      
00000000                             00080000 0000005A                 JMPNE    else1
 (empty)                             0007FFFC 0000005F                 PUSH     n
00000016                             00080000 00000065                 SRA1     
0000000B                             00080000 00000066                 POP      n
 (empty)                             0007FFFC 0000006C                 JMP      endif1
 (empty)                             0007FFFC 0000008D endif1          NOOP     
 (empty)                             0007FFFC 0000008E                 PUSH     n
0000000B                             00080000 00000094                 SVC      #3
0000000B                             00080000 00000099                 SVC      #7
**********
11
**********
0000000B                             00080000 0000009E                 DISCARD  #1
 (empty)                             0007FFFC 000000A3                 JMP      while1
 (empty)                             0007FFFC 00000027 while1          NOOP     
 (empty)                             0007FFFC 00000028                 PUSH     n
0000000B                             00080000 0000002E                 PUSH     #0X00000001

    TOS0     TOS1     TOS2     TOS3        SP       PC Assembly instruction
-------- -------- -------- --------  -------- -------- ----------------------------------------
00000001 0000000B                    00080004 00000034                 CMP      
00000001                             00080000 00000035                 JMPE     endwhile1
 (empty)                             0007FFFC 0000003A                 PUSH     x
00000002                             00080000 00000040                 PUSH     #0X00000001
00000001 00000002                    00080004 00000046                 ADD      
00000003                             00080000 00000047                 POP      x
 (empty)                             0007FFFC 0000004D                 PUSH     n
0000000B                             00080000 00000053                 PUSH     #0X00000001
00000001 0000000B                    00080004 00000059                 AND      
00000001                             00080000 0000005A                 JMPNE    else1
 (empty)                             0007FFFC 00000071 else1           NOOP     
 (empty)                             0007FFFC 00000072                 PUSH     n
0000000B                             00080000 00000078                 SL1      
00000016                             00080000 00000079                 PUSH     n
0000000B 00000016                    00080004 0000007F                 ADD      

    TOS0     TOS1     TOS2     TOS3        SP       PC Assembly instruction
-------- -------- -------- --------  -------- -------- ----------------------------------------
00000021                             00080000 00000080                 PUSH     #0X00000001
00000001 00000021                    00080004 00000086                 ADD      
00000022                             00080000 00000087                 POP      n
 (empty)                             0007FFFC 0000008D endif1          NOOP     
 (empty)                             0007FFFC 0000008E                 PUSH     n
00000022                             00080000 00000094                 SVC      #3
00000022                             00080000 00000099                 SVC      #7
**********
34
**********
00000022                             00080000 0000009E                 DISCARD  #1
 (empty)                             0007FFFC 000000A3                 JMP      while1
 (empty)                             0007FFFC 00000027 while1          NOOP     
 (empty)                             0007FFFC 00000028                 PUSH     n
00000022                             00080000 0000002E                 PUSH     #0X00000001
00000001 00000022                    00080004 00000034                 CMP      
00000001                             00080000 00000035                 JMPE     endwhile1
 (empty)                             0007FFFC 0000003A                 PUSH     x

    TOS0     TOS1     TOS2     TOS3        SP       PC Assembly instruction
-------- -------- -------- --------  -------- -------- ----------------------------------------
00000003                             00080000 00000040                 PUSH     #0X00000001
00000001 00000003                    00080004 00000046                 ADD      
00000004                             00080000 00000047                 POP      x
 (empty)                             0007FFFC 0000004D                 PUSH     n
00000022                             00080000 00000053                 PUSH     #0X00000001
00000001 00000022                    00080004 00000059                 AND      
00000000                             00080000 0000005A                 JMPNE    else1
 (empty)                             0007FFFC 0000005F                 PUSH     n
00000022                             00080000 00000065                 SRA1     
00000011                             00080000 00000066                 POP      n
 (empty)                             0007FFFC 0000006C                 JMP      endif1
 (empty)                             0007FFFC 0000008D endif1          NOOP     
 (empty)                             0007FFFC 0000008E                 PUSH     n
00000011                             00080000 00000094                 SVC      #3
00000011                             00080000 00000099                 SVC      #7
**********
17
**********

    TOS0     TOS1     TOS2     TOS3        SP       PC Assembly instruction
-------- -------- -------- --------  -------- -------- ----------------------------------------
00000011                             00080000 0000009E                 DISCARD  #1
 (empty)                             0007FFFC 000000A3                 JMP      while1
 (empty)                             0007FFFC 00000027 while1          NOOP     
 (empty)                             0007FFFC 00000028                 PUSH     n
00000011                             00080000 0000002E                 PUSH     #0X00000001
00000001 00000011                    00080004 00000034                 CMP      
00000001                             00080000 00000035                 JMPE     endwhile1
 (empty)                             0007FFFC 0000003A                 PUSH     x
00000004                             00080000 00000040                 PUSH     #0X00000001
00000001 00000004                    00080004 00000046                 ADD      
00000005                             00080000 00000047                 POP      x
 (empty)                             0007FFFC 0000004D                 PUSH     n
00000011                             00080000 00000053                 PUSH     #0X00000001
00000001 00000011                    00080004 00000059                 AND      
00000001                             00080000 0000005A                 JMPNE    else1

    TOS0     TOS1     TOS2     TOS3        SP       PC Assembly instruction
-------- -------- -------- --------  -------- -------- ----------------------------------------
 (empty)                             0007FFFC 00000071 else1           NOOP     
 (empty)                             0007FFFC 00000072                 PUSH     n
00000011                             00080000 00000078                 SL1      
00000022                             00080000 00000079                 PUSH     n
00000011 00000022                    00080004 0000007F                 ADD      
00000033                             00080000 00000080                 PUSH     #0X00000001
00000001 00000033                    00080004 00000086                 ADD      
00000034                             00080000 00000087                 POP      n
 (empty)                             0007FFFC 0000008D endif1          NOOP     
 (empty)                             0007FFFC 0000008E                 PUSH     n
00000034                             00080000 00000094                 SVC      #3
00000034                             00080000 00000099                 SVC      #7
**********
52
**********
00000034                             00080000 0000009E                 DISCARD  #1
 (empty)                             0007FFFC 000000A3                 JMP      while1
 (empty)                             0007FFFC 00000027 while1          NOOP     

    TOS0     TOS1     TOS2     TOS3        SP       PC Assembly instruction
-------- -------- -------- --------  -------- -------- ----------------------------------------
 (empty)                             0007FFFC 00000028                 PUSH     n
00000034                             00080000 0000002E                 PUSH     #0X00000001
00000001 00000034                    00080004 00000034                 CMP      
00000001                             00080000 00000035                 JMPE     endwhile1
 (empty)                             0007FFFC 0000003A                 PUSH     x
00000005                             00080000 00000040                 PUSH     #0X00000001
00000001 00000005                    00080004 00000046                 ADD      
00000006                             00080000 00000047                 POP      x
 (empty)                             0007FFFC 0000004D                 PUSH     n
00000034                             00080000 00000053                 PUSH     #0X00000001
00000001 00000034                    00080004 00000059                 AND      
00000000                             00080000 0000005A                 JMPNE    else1
 (empty)                             0007FFFC 0000005F                 PUSH     n
00000034                             00080000 00000065                 SRA1     
0000001A                             00080000 00000066                 POP      n

    TOS0     TOS1     TOS2     TOS3        SP       PC Assembly instruction
-------- -------- -------- --------  -------- -------- ----------------------------------------
 (empty)                             0007FFFC 0000006C                 JMP      endif1
 (empty)                             0007FFFC 0000008D endif1          NOOP     
 (empty)                             0007FFFC 0000008E                 PUSH     n
0000001A                             00080000 00000094                 SVC      #3
0000001A                             00080000 00000099                 SVC      #7
**********
26
**********
0000001A                             00080000 0000009E                 DISCARD  #1
 (empty)                             0007FFFC 000000A3                 JMP      while1
 (empty)                             0007FFFC 00000027 while1          NOOP     
 (empty)                             0007FFFC 00000028                 PUSH     n
0000001A                             00080000 0000002E                 PUSH     #0X00000001
00000001 0000001A                    00080004 00000034                 CMP      
00000001                             00080000 00000035                 JMPE     endwhile1
 (empty)                             0007FFFC 0000003A                 PUSH     x
00000006                             00080000 00000040                 PUSH     #0X00000001
00000001 00000006                    00080004 00000046                 ADD      

    TOS0     TOS1     TOS2     TOS3        SP       PC Assembly instruction
-------- -------- -------- --------  -------- -------- ----------------------------------------
00000007                             00080000 00000047                 POP      x
 (empty)                             0007FFFC 0000004D                 PUSH     n
0000001A                             00080000 00000053                 PUSH     #0X00000001
00000001 0000001A                    00080004 00000059                 AND      
00000000                             00080000 0000005A                 JMPNE    else1
 (empty)                             0007FFFC 0000005F                 PUSH     n
0000001A                             00080000 00000065                 SRA1     
0000000D                             00080000 00000066                 POP      n
 (empty)                             0007FFFC 0000006C                 JMP      endif1
 (empty)                             0007FFFC 0000008D endif1          NOOP     
 (empty)                             0007FFFC 0000008E                 PUSH     n
0000000D                             00080000 00000094                 SVC      #3
0000000D                             00080000 00000099                 SVC      #7
**********
13
**********
0000000D                             00080000 0000009E                 DISCARD  #1
 (empty)                             0007FFFC 000000A3                 JMP      while1

    TOS0     TOS1     TOS2     TOS3        SP       PC Assembly instruction
-------- -------- -------- --------  -------- -------- ----------------------------------------
 (empty)                             0007FFFC 00000027 while1          NOOP     
 (empty)                             0007FFFC 00000028                 PUSH     n
0000000D                             00080000 0000002E                 PUSH     #0X00000001
00000001 0000000D                    00080004 00000034                 CMP      
00000001                             00080000 00000035                 JMPE     endwhile1
 (empty)                             0007FFFC 0000003A                 PUSH     x
00000007                             00080000 00000040                 PUSH     #0X00000001
00000001 00000007                    00080004 00000046                 ADD      
00000008                             00080000 00000047                 POP      x
 (empty)                             0007FFFC 0000004D                 PUSH     n
0000000D                             00080000 00000053                 PUSH     #0X00000001
00000001 0000000D                    00080004 00000059                 AND      
00000001                             00080000 0000005A                 JMPNE    else1
 (empty)                             0007FFFC 00000071 else1           NOOP     
 (empty)                             0007FFFC 00000072                 PUSH     n

    TOS0     TOS1     TOS2     TOS3        SP       PC Assembly instruction
-------- -------- -------- --------  -------- -------- ----------------------------------------
0000000D                             00080000 00000078                 SL1      
0000001A                             00080000 00000079                 PUSH     n
0000000D 0000001A                    00080004 0000007F                 ADD      
00000027                             00080000 00000080                 PUSH     #0X00000001
00000001 00000027                    00080004 00000086                 ADD      
00000028                             00080000 00000087                 POP      n
 (empty)                             0007FFFC 0000008D endif1          NOOP     
 (empty)                             0007FFFC 0000008E                 PUSH     n
00000028                             00080000 00000094                 SVC      #3
00000028                             00080000 00000099                 SVC      #7
**********
40
**********
00000028                             00080000 0000009E                 DISCARD  #1
 (empty)                             0007FFFC 000000A3                 JMP      while1
 (empty)                             0007FFFC 00000027 while1          NOOP     
 (empty)                             0007FFFC 00000028                 PUSH     n
00000028                             00080000 0000002E                 PUSH     #0X00000001

    TOS0     TOS1     TOS2     TOS3        SP       PC Assembly instruction
-------- -------- -------- --------  -------- -------- ----------------------------------------
00000001 00000028                    00080004 00000034                 CMP      
00000001                             00080000 00000035                 JMPE     endwhile1
 (empty)                             0007FFFC 0000003A                 PUSH     x
00000008                             00080000 00000040                 PUSH     #0X00000001
00000001 00000008                    00080004 00000046                 ADD      
00000009                             00080000 00000047                 POP      x
 (empty)                             0007FFFC 0000004D                 PUSH     n
00000028                             00080000 00000053                 PUSH     #0X00000001
00000001 00000028                    00080004 00000059                 AND      
00000000                             00080000 0000005A                 JMPNE    else1
 (empty)                             0007FFFC 0000005F                 PUSH     n
00000028                             00080000 00000065                 SRA1     
00000014                             00080000 00000066                 POP      n
 (empty)                             0007FFFC 0000006C                 JMP      endif1
 (empty)                             0007FFFC 0000008D endif1          NOOP     

    TOS0     TOS1     TOS2     TOS3        SP       PC Assembly instruction
-------- -------- -------- --------  -------- -------- ----------------------------------------
 (empty)                             0007FFFC 0000008E                 PUSH     n
00000014                             00080000 00000094                 SVC      #3
00000014                             00080000 00000099                 SVC      #7
**********
20
**********
00000014                             00080000 0000009E                 DISCARD  #1
 (empty)                             0007FFFC 000000A3                 JMP      while1
 (empty)                             0007FFFC 00000027 while1          NOOP     
 (empty)                             0007FFFC 00000028                 PUSH     n
00000014                             00080000 0000002E                 PUSH     #0X00000001
00000001 00000014                    00080004 00000034                 CMP      
00000001                             00080000 00000035                 JMPE     endwhile1
 (empty)                             0007FFFC 0000003A                 PUSH     x
00000009                             00080000 00000040                 PUSH     #0X00000001
00000001 00000009                    00080004 00000046                 ADD      
0000000A                             00080000 00000047                 POP      x
 (empty)                             0007FFFC 0000004D                 PUSH     n

    TOS0     TOS1     TOS2     TOS3        SP       PC Assembly instruction
-------- -------- -------- --------  -------- -------- ----------------------------------------
00000014                             00080000 00000053                 PUSH     #0X00000001
00000001 00000014                    00080004 00000059                 AND      
00000000                             00080000 0000005A                 JMPNE    else1
 (empty)                             0007FFFC 0000005F                 PUSH     n
00000014                             00080000 00000065                 SRA1     
0000000A                             00080000 00000066                 POP      n
 (empty)                             0007FFFC 0000006C                 JMP      endif1
 (empty)                             0007FFFC 0000008D endif1          NOOP     
 (empty)                             0007FFFC 0000008E                 PUSH     n
0000000A                             00080000 00000094                 SVC      #3
0000000A                             00080000 00000099                 SVC      #7
**********
10
**********
0000000A                             00080000 0000009E                 DISCARD  #1
 (empty)                             0007FFFC 000000A3                 JMP      while1
 (empty)                             0007FFFC 00000027 while1          NOOP     
 (empty)                             0007FFFC 00000028                 PUSH     n

    TOS0     TOS1     TOS2     TOS3        SP       PC Assembly instruction
-------- -------- -------- --------  -------- -------- ----------------------------------------
0000000A                             00080000 0000002E                 PUSH     #0X00000001
00000001 0000000A                    00080004 00000034                 CMP      
00000001                             00080000 00000035                 JMPE     endwhile1
 (empty)                             0007FFFC 0000003A                 PUSH     x
0000000A                             00080000 00000040                 PUSH     #0X00000001
00000001 0000000A                    00080004 00000046                 ADD      
0000000B                             00080000 00000047                 POP      x
 (empty)                             0007FFFC 0000004D                 PUSH     n
0000000A                             00080000 00000053                 PUSH     #0X00000001
00000001 0000000A                    00080004 00000059                 AND      
00000000                             00080000 0000005A                 JMPNE    else1
 (empty)                             0007FFFC 0000005F                 PUSH     n
0000000A                             00080000 00000065                 SRA1     
00000005                             00080000 00000066                 POP      n
 (empty)                             0007FFFC 0000006C                 JMP      endif1

    TOS0     TOS1     TOS2     TOS3        SP       PC Assembly instruction
-------- -------- -------- --------  -------- -------- ----------------------------------------
 (empty)                             0007FFFC 0000008D endif1          NOOP     
 (empty)                             0007FFFC 0000008E                 PUSH     n
00000005                             00080000 00000094                 SVC      #3
00000005                             00080000 00000099                 SVC      #7
**********
5
**********
00000005                             00080000 0000009E                 DISCARD  #1
 (empty)                             0007FFFC 000000A3                 JMP      while1
 (empty)                             0007FFFC 00000027 while1          NOOP     
 (empty)                             0007FFFC 00000028                 PUSH     n
00000005                             00080000 0000002E                 PUSH     #0X00000001
00000001 00000005                    00080004 00000034                 CMP      
00000001                             00080000 00000035                 JMPE     endwhile1
 (empty)                             0007FFFC 0000003A                 PUSH     x
0000000B                             00080000 00000040                 PUSH     #0X00000001
00000001 0000000B                    00080004 00000046                 ADD      
0000000C                             00080000 00000047                 POP      x

    TOS0     TOS1     TOS2     TOS3        SP       PC Assembly instruction
-------- -------- -------- --------  -------- -------- ----------------------------------------
 (empty)                             0007FFFC 0000004D                 PUSH     n
00000005                             00080000 00000053                 PUSH     #0X00000001
00000001 00000005                    00080004 00000059                 AND      
00000001                             00080000 0000005A                 JMPNE    else1
 (empty)                             0007FFFC 00000071 else1           NOOP     
 (empty)                             0007FFFC 00000072                 PUSH     n
00000005                             00080000 00000078                 SL1      
0000000A                             00080000 00000079                 PUSH     n
00000005 0000000A                    00080004 0000007F                 ADD      
0000000F                             00080000 00000080                 PUSH     #0X00000001
00000001 0000000F                    00080004 00000086                 ADD      
00000010                             00080000 00000087                 POP      n
 (empty)                             0007FFFC 0000008D endif1          NOOP     
 (empty)                             0007FFFC 0000008E                 PUSH     n
00000010                             00080000 00000094                 SVC      #3

    TOS0     TOS1     TOS2     TOS3        SP       PC Assembly instruction
-------- -------- -------- --------  -------- -------- ----------------------------------------
00000010                             00080000 00000099                 SVC      #7
**********
16
**********
00000010                             00080000 0000009E                 DISCARD  #1
 (empty)                             0007FFFC 000000A3                 JMP      while1
 (empty)                             0007FFFC 00000027 while1          NOOP     
 (empty)                             0007FFFC 00000028                 PUSH     n
00000010                             00080000 0000002E                 PUSH     #0X00000001
00000001 00000010                    00080004 00000034                 CMP      
00000001                             00080000 00000035                 JMPE     endwhile1
 (empty)                             0007FFFC 0000003A                 PUSH     x
0000000C                             00080000 00000040                 PUSH     #0X00000001
00000001 0000000C                    00080004 00000046                 ADD      
0000000D                             00080000 00000047                 POP      x
 (empty)                             0007FFFC 0000004D                 PUSH     n
00000010                             00080000 00000053                 PUSH     #0X00000001
00000001 00000010                    00080004 00000059                 AND      

    TOS0     TOS1     TOS2     TOS3        SP       PC Assembly instruction
-------- -------- -------- --------  -------- -------- ----------------------------------------
00000000                             00080000 0000005A                 JMPNE    else1
 (empty)                             0007FFFC 0000005F                 PUSH     n
00000010                             00080000 00000065                 SRA1     
00000008                             00080000 00000066                 POP      n
 (empty)                             0007FFFC 0000006C                 JMP      endif1
 (empty)                             0007FFFC 0000008D endif1          NOOP     
 (empty)                             0007FFFC 0000008E                 PUSH     n
00000008                             00080000 00000094                 SVC      #3
00000008                             00080000 00000099                 SVC      #7
**********
8
**********
00000008                             00080000 0000009E                 DISCARD  #1
 (empty)                             0007FFFC 000000A3                 JMP      while1
 (empty)                             0007FFFC 00000027 while1          NOOP     
 (empty)                             0007FFFC 00000028                 PUSH     n
00000008                             00080000 0000002E                 PUSH     #0X00000001
00000001 00000008                    00080004 00000034                 CMP      

    TOS0     TOS1     TOS2     TOS3        SP       PC Assembly instruction
-------- -------- -------- --------  -------- -------- ----------------------------------------
00000001                             00080000 00000035                 JMPE     endwhile1
 (empty)                             0007FFFC 0000003A                 PUSH     x
0000000D                             00080000 00000040                 PUSH     #0X00000001
00000001 0000000D                    00080004 00000046                 ADD      
0000000E                             00080000 00000047                 POP      x
 (empty)                             0007FFFC 0000004D                 PUSH     n
00000008                             00080000 00000053                 PUSH     #0X00000001
00000001 00000008                    00080004 00000059                 AND      
00000000                             00080000 0000005A                 JMPNE    else1
 (empty)                             0007FFFC 0000005F                 PUSH     n
00000008                             00080000 00000065                 SRA1     
00000004                             00080000 00000066                 POP      n
 (empty)                             0007FFFC 0000006C                 JMP      endif1
 (empty)                             0007FFFC 0000008D endif1          NOOP     
 (empty)                             0007FFFC 0000008E                 PUSH     n

    TOS0     TOS1     TOS2     TOS3        SP       PC Assembly instruction
-------- -------- -------- --------  -------- -------- ----------------------------------------
00000004                             00080000 00000094                 SVC      #3
00000004                             00080000 00000099                 SVC      #7
**********
4
**********
00000004                             00080000 0000009E                 DISCARD  #1
 (empty)                             0007FFFC 000000A3                 JMP      while1
 (empty)                             0007FFFC 00000027 while1          NOOP     
 (empty)                             0007FFFC 00000028                 PUSH     n
00000004                             00080000 0000002E                 PUSH     #0X00000001
00000001 00000004                    00080004 00000034                 CMP      
00000001                             00080000 00000035                 JMPE     endwhile1
 (empty)                             0007FFFC 0000003A                 PUSH     x
0000000E                             00080000 00000040                 PUSH     #0X00000001
00000001 0000000E                    00080004 00000046                 ADD      
0000000F                             00080000 00000047                 POP      x
 (empty)                             0007FFFC 0000004D                 PUSH     n
00000004                             00080000 00000053                 PUSH     #0X00000001

    TOS0     TOS1     TOS2     TOS3        SP       PC Assembly instruction
-------- -------- -------- --------  -------- -------- ----------------------------------------
00000001 00000004                    00080004 00000059                 AND      
00000000                             00080000 0000005A                 JMPNE    else1
 (empty)                             0007FFFC 0000005F                 PUSH     n
00000004                             00080000 00000065                 SRA1     
00000002                             00080000 00000066                 POP      n
 (empty)                             0007FFFC 0000006C                 JMP      endif1
 (empty)                             0007FFFC 0000008D endif1          NOOP     
 (empty)                             0007FFFC 0000008E                 PUSH     n
00000002                             00080000 00000094                 SVC      #3
00000002                             00080000 00000099                 SVC      #7
**********
2
**********
00000002                             00080000 0000009E                 DISCARD  #1
 (empty)                             0007FFFC 000000A3                 JMP      while1
 (empty)                             0007FFFC 00000027 while1          NOOP     
 (empty)                             0007FFFC 00000028                 PUSH     n
00000002                             00080000 0000002E                 PUSH     #0X00000001

    TOS0     TOS1     TOS2     TOS3        SP       PC Assembly instruction
-------- -------- -------- --------  -------- -------- ----------------------------------------
00000001 00000002                    00080004 00000034                 CMP      
00000001                             00080000 00000035                 JMPE     endwhile1
 (empty)                             0007FFFC 0000003A                 PUSH     x
0000000F                             00080000 00000040                 PUSH     #0X00000001
00000001 0000000F                    00080004 00000046                 ADD      
00000010                             00080000 00000047                 POP      x
 (empty)                             0007FFFC 0000004D                 PUSH     n
00000002                             00080000 00000053                 PUSH     #0X00000001
00000001 00000002                    00080004 00000059                 AND      
00000000                             00080000 0000005A                 JMPNE    else1
 (empty)                             0007FFFC 0000005F                 PUSH     n
00000002                             00080000 00000065                 SRA1     
00000001                             00080000 00000066                 POP      n
 (empty)                             0007FFFC 0000006C                 JMP      endif1
 (empty)                             0007FFFC 0000008D endif1          NOOP     

    TOS0     TOS1     TOS2     TOS3        SP       PC Assembly instruction
-------- -------- -------- --------  -------- -------- ----------------------------------------
 (empty)                             0007FFFC 0000008E                 PUSH     n
00000001                             00080000 00000094                 SVC      #3
00000001                             00080000 00000099                 SVC      #7
**********
1
**********
00000001                             00080000 0000009E                 DISCARD  #1
 (empty)                             0007FFFC 000000A3                 JMP      while1
 (empty)                             0007FFFC 00000027 while1          NOOP     
 (empty)                             0007FFFC 00000028                 PUSH     n
00000001                             00080000 0000002E                 PUSH     #0X00000001
00000001 00000001                    00080004 00000034                 CMP      
00000000                             00080000 00000035                 JMPE     endwhile1
 (empty)                             0007FFFC 000000A8 endwhile1       NOOP     
 (empty)                             0007FFFC 000000A9                 PUSH     #result
000000D7                             00080000 000000AF                 SVC      #6
000000D7                             00080000 000000B4                 DISCARD  #1
 (empty)                             0007FFFC 000000B9                 PUSH     x

    TOS0     TOS1     TOS2     TOS3        SP       PC Assembly instruction
-------- -------- -------- --------  -------- -------- ----------------------------------------
00000010                             00080000 000000BF                 SVC      #3
00000010                             00080000 000000C4                 SVC      #7
**********
x = 16
**********
00000010                             00080000 000000C9                 DISCARD  #1
 (empty)                             0007FFFC 000000CE                 SVC      #1

SVC_STOP_PROGRAM_EXECUTION: Mic1 stopped
