
    TOS0     TOS1     TOS2     TOS3        SP       PC Assembly instruction
-------- -------- -------- --------  -------- -------- ----------------------------------------
 (empty)                             0007FFFC 00000000                 PUSH     #message1
00000090                             00080000 00000006                 SVC      #6
00000090                             00080000 0000000B                 PUSHA    n
00000088 00000090                    00080004 00000011                 SVC      #2
**********
n? 7
**********
00000088 00000090                    00080004 00000016                 DISCARD  #2
 (empty)                             0007FFFC 0000001B                 PUSH     #0X00000001
00000001                             00080000 00000021                 POP      i
 (empty)                             0007FFFC 00000027 forloop1        NOOP     
 (empty)                             0007FFFC 00000028                 PUSH     i
00000001                             00080000 0000002E                 PUSH     n
00000007 00000001                    00080004 00000034                 CMP      
FFFFFFFF                             00080000 00000035                 JMPG     endif1
 (empty)                             0007FFFC 0000003A                 PUSH     i
00000001                             00080000 00000040                 SL1      
00000002                             00080000 00000041                 PUSH     #0X00000002

    TOS0     TOS1     TOS2     TOS3        SP       PC Assembly instruction
-------- -------- -------- --------  -------- -------- ----------------------------------------
00000002 00000002                    00080004 00000047                 SUB      
00000000                             00080000 00000048                 PUSH     n
00000007 00000000                    00080004 0000004E                 CMP      
FFFFFFFF                             00080000 0000004F                 JMPG     endif2
 (empty)                             0007FFFC 00000054                 PUSH     i
00000001                             00080000 0000005A                 SVC      #3
00000001                             00080000 0000005F                 SVC      #7
**********
1
**********
00000001                             00080000 00000064                 DISCARD  #1
 (empty)                             0007FFFC 00000069 endif2          NOOP     
 (empty)                             0007FFFC 0000006A                 PUSH     i
00000001                             00080000 00000070                 PUSH     #0X00000001
00000001 00000001                    00080004 00000076                 ADD      
00000002                             00080000 00000077                 POP      i
 (empty)                             0007FFFC 0000007D                 JMP      forloop1
 (empty)                             0007FFFC 00000027 forloop1        NOOP     

    TOS0     TOS1     TOS2     TOS3        SP       PC Assembly instruction
-------- -------- -------- --------  -------- -------- ----------------------------------------
 (empty)                             0007FFFC 00000028                 PUSH     i
00000002                             00080000 0000002E                 PUSH     n
00000007 00000002                    00080004 00000034                 CMP      
FFFFFFFF                             00080000 00000035                 JMPG     endif1
 (empty)                             0007FFFC 0000003A                 PUSH     i
00000002                             00080000 00000040                 SL1      
00000004                             00080000 00000041                 PUSH     #0X00000002
00000002 00000004                    00080004 00000047                 SUB      
00000002                             00080000 00000048                 PUSH     n
00000007 00000002                    00080004 0000004E                 CMP      
FFFFFFFF                             00080000 0000004F                 JMPG     endif2
 (empty)                             0007FFFC 00000054                 PUSH     i
00000002                             00080000 0000005A                 SVC      #3
00000002                             00080000 0000005F                 SVC      #7
**********
2
**********
00000002                             00080000 00000064                 DISCARD  #1

    TOS0     TOS1     TOS2     TOS3        SP       PC Assembly instruction
-------- -------- -------- --------  -------- -------- ----------------------------------------
 (empty)                             0007FFFC 00000069 endif2          NOOP     
 (empty)                             0007FFFC 0000006A                 PUSH     i
00000002                             00080000 00000070                 PUSH     #0X00000001
00000001 00000002                    00080004 00000076                 ADD      
00000003                             00080000 00000077                 POP      i
 (empty)                             0007FFFC 0000007D                 JMP      forloop1
 (empty)                             0007FFFC 00000027 forloop1        NOOP     
 (empty)                             0007FFFC 00000028                 PUSH     i
00000003                             00080000 0000002E                 PUSH     n
00000007 00000003                    00080004 00000034                 CMP      
FFFFFFFF                             00080000 00000035                 JMPG     endif1
 (empty)                             0007FFFC 0000003A                 PUSH     i
00000003                             00080000 00000040                 SL1      
00000006                             00080000 00000041                 PUSH     #0X00000002
00000002 00000006                    00080004 00000047                 SUB      

    TOS0     TOS1     TOS2     TOS3        SP       PC Assembly instruction
-------- -------- -------- --------  -------- -------- ----------------------------------------
00000004                             00080000 00000048                 PUSH     n
00000007 00000004                    00080004 0000004E                 CMP      
FFFFFFFF                             00080000 0000004F                 JMPG     endif2
 (empty)                             0007FFFC 00000054                 PUSH     i
00000003                             00080000 0000005A                 SVC      #3
00000003                             00080000 0000005F                 SVC      #7
**********
3
**********
00000003                             00080000 00000064                 DISCARD  #1
 (empty)                             0007FFFC 00000069 endif2          NOOP     
 (empty)                             0007FFFC 0000006A                 PUSH     i
00000003                             00080000 00000070                 PUSH     #0X00000001
00000001 00000003                    00080004 00000076                 ADD      
00000004                             00080000 00000077                 POP      i
 (empty)                             0007FFFC 0000007D                 JMP      forloop1
 (empty)                             0007FFFC 00000027 forloop1        NOOP     
 (empty)                             0007FFFC 00000028                 PUSH     i

    TOS0     TOS1     TOS2     TOS3        SP       PC Assembly instruction
-------- -------- -------- --------  -------- -------- ----------------------------------------
00000004                             00080000 0000002E                 PUSH     n
00000007 00000004                    00080004 00000034                 CMP      
FFFFFFFF                             00080000 00000035                 JMPG     endif1
 (empty)                             0007FFFC 0000003A                 PUSH     i
00000004                             00080000 00000040                 SL1      
00000008                             00080000 00000041                 PUSH     #0X00000002
00000002 00000008                    00080004 00000047                 SUB      
00000006                             00080000 00000048                 PUSH     n
00000007 00000006                    00080004 0000004E                 CMP      
FFFFFFFF                             00080000 0000004F                 JMPG     endif2
 (empty)                             0007FFFC 00000054                 PUSH     i
00000004                             00080000 0000005A                 SVC      #3
00000004                             00080000 0000005F                 SVC      #7
**********
4
**********
00000004                             00080000 00000064                 DISCARD  #1
 (empty)                             0007FFFC 00000069 endif2          NOOP     

    TOS0     TOS1     TOS2     TOS3        SP       PC Assembly instruction
-------- -------- -------- --------  -------- -------- ----------------------------------------
 (empty)                             0007FFFC 0000006A                 PUSH     i
00000004                             00080000 00000070                 PUSH     #0X00000001
00000001 00000004                    00080004 00000076                 ADD      
00000005                             00080000 00000077                 POP      i
 (empty)                             0007FFFC 0000007D                 JMP      forloop1
 (empty)                             0007FFFC 00000027 forloop1        NOOP     
 (empty)                             0007FFFC 00000028                 PUSH     i
00000005                             00080000 0000002E                 PUSH     n
00000007 00000005                    00080004 00000034                 CMP      
FFFFFFFF                             00080000 00000035                 JMPG     endif1
 (empty)                             0007FFFC 0000003A                 PUSH     i
00000005                             00080000 00000040                 SL1      
0000000A                             00080000 00000041                 PUSH     #0X00000002
00000002 0000000A                    00080004 00000047                 SUB      
00000008                             00080000 00000048                 PUSH     n

    TOS0     TOS1     TOS2     TOS3        SP       PC Assembly instruction
-------- -------- -------- --------  -------- -------- ----------------------------------------
00000007 00000008                    00080004 0000004E                 CMP      
00000001                             00080000 0000004F                 JMPG     endif2
 (empty)                             0007FFFC 00000069 endif2          NOOP     
 (empty)                             0007FFFC 0000006A                 PUSH     i
00000005                             00080000 00000070                 PUSH     #0X00000001
00000001 00000005                    00080004 00000076                 ADD      
00000006                             00080000 00000077                 POP      i
 (empty)                             0007FFFC 0000007D                 JMP      forloop1
 (empty)                             0007FFFC 00000027 forloop1        NOOP     
 (empty)                             0007FFFC 00000028                 PUSH     i
00000006                             00080000 0000002E                 PUSH     n
00000007 00000006                    00080004 00000034                 CMP      
FFFFFFFF                             00080000 00000035                 JMPG     endif1
 (empty)                             0007FFFC 0000003A                 PUSH     i
00000006                             00080000 00000040                 SL1      

    TOS0     TOS1     TOS2     TOS3        SP       PC Assembly instruction
-------- -------- -------- --------  -------- -------- ----------------------------------------
0000000C                             00080000 00000041                 PUSH     #0X00000002
00000002 0000000C                    00080004 00000047                 SUB      
0000000A                             00080000 00000048                 PUSH     n
00000007 0000000A                    00080004 0000004E                 CMP      
00000001                             00080000 0000004F                 JMPG     endif2
 (empty)                             0007FFFC 00000069 endif2          NOOP     
 (empty)                             0007FFFC 0000006A                 PUSH     i
00000006                             00080000 00000070                 PUSH     #0X00000001
00000001 00000006                    00080004 00000076                 ADD      
00000007                             00080000 00000077                 POP      i
 (empty)                             0007FFFC 0000007D                 JMP      forloop1
 (empty)                             0007FFFC 00000027 forloop1        NOOP     
 (empty)                             0007FFFC 00000028                 PUSH     i
00000007                             00080000 0000002E                 PUSH     n
00000007 00000007                    00080004 00000034                 CMP      

    TOS0     TOS1     TOS2     TOS3        SP       PC Assembly instruction
-------- -------- -------- --------  -------- -------- ----------------------------------------
00000000                             00080000 00000035                 JMPG     endif1
 (empty)                             0007FFFC 0000003A                 PUSH     i
00000007                             00080000 00000040                 SL1      
0000000E                             00080000 00000041                 PUSH     #0X00000002
00000002 0000000E                    00080004 00000047                 SUB      
0000000C                             00080000 00000048                 PUSH     n
00000007 0000000C                    00080004 0000004E                 CMP      
00000001                             00080000 0000004F                 JMPG     endif2
 (empty)                             0007FFFC 00000069 endif2          NOOP     
 (empty)                             0007FFFC 0000006A                 PUSH     i
00000007                             00080000 00000070                 PUSH     #0X00000001
00000001 00000007                    00080004 00000076                 ADD      
00000008                             00080000 00000077                 POP      i
 (empty)                             0007FFFC 0000007D                 JMP      forloop1
 (empty)                             0007FFFC 00000027 forloop1        NOOP     

    TOS0     TOS1     TOS2     TOS3        SP       PC Assembly instruction
-------- -------- -------- --------  -------- -------- ----------------------------------------
 (empty)                             0007FFFC 00000028                 PUSH     i
00000008                             00080000 0000002E                 PUSH     n
00000007 00000008                    00080004 00000034                 CMP      
00000001                             00080000 00000035                 JMPG     endif1
 (empty)                             0007FFFC 00000082 endif1          NOOP     
 (empty)                             0007FFFC 00000083                 SVC      #1

SVC_STOP_PROGRAM_EXECUTION: Mic1 stopped
