
    TOS0     TOS1     TOS2     TOS3        SP       PC Assembly instruction
-------- -------- -------- --------  -------- -------- ----------------------------------------
 (empty)                             0007FFFC 00000000                 PUSH     #message1
0000008E                             00080000 00000006                 SVC      #6
0000008E                             00080000 0000000B                 PUSHA    limit
00000082 0000008E                    00080004 00000011                 SVC      #2
**********
limit? 13
**********
00000082 0000008E                    00080004 00000016                 DISCARD  #2
 (empty)                             0007FFFC 0000001B                 PUSH     #0X00000000
00000000                             00080000 00000021                 POP      sum
 (empty)                             0007FFFC 00000027 do1             NOOP     
 (empty)                             0007FFFC 00000028                 PUSH     #message2
00000096                             00080000 0000002E                 SVC      #6
00000096                             00080000 00000033                 PUSHA    x
0000008A 00000096                    00080004 00000039                 SVC      #2
**********
x? 3
**********
0000008A 00000096                    00080004 0000003E                 DISCARD  #2
 (empty)                             0007FFFC 00000043                 PUSH     sum
00000000                             00080000 00000049                 PUSH     x

    TOS0     TOS1     TOS2     TOS3        SP       PC Assembly instruction
-------- -------- -------- --------  -------- -------- ----------------------------------------
00000003 00000000                    00080004 0000004F                 ADD      
00000003                             00080000 00000050                 POP      sum
 (empty)                             0007FFFC 00000056                 PUSH     sum
00000003                             00080000 0000005C                 SVC      #3
00000003                             00080000 00000061                 SVC      #7
**********
3
**********
00000003                             00080000 00000066                 DISCARD  #1
 (empty)                             0007FFFC 0000006B                 PUSH     sum
00000003                             00080000 00000071                 PUSH     limit
0000000D 00000003                    00080004 00000077                 CMP      
FFFFFFFF                             00080000 00000078                 JMPL     do1
 (empty)                             0007FFFC 00000027 do1             NOOP     
 (empty)                             0007FFFC 00000028                 PUSH     #message2
00000096                             00080000 0000002E                 SVC      #6
00000096                             00080000 00000033                 PUSHA    x
0000008A 00000096                    00080004 00000039                 SVC      #2
**********
x? 0
**********

    TOS0     TOS1     TOS2     TOS3        SP       PC Assembly instruction
-------- -------- -------- --------  -------- -------- ----------------------------------------
0000008A 00000096                    00080004 0000003E                 DISCARD  #2
 (empty)                             0007FFFC 00000043                 PUSH     sum
00000003                             00080000 00000049                 PUSH     x
00000000 00000003                    00080004 0000004F                 ADD      
00000003                             00080000 00000050                 POP      sum
 (empty)                             0007FFFC 00000056                 PUSH     sum
00000003                             00080000 0000005C                 SVC      #3
00000003                             00080000 00000061                 SVC      #7
**********
3
**********
00000003                             00080000 00000066                 DISCARD  #1
 (empty)                             0007FFFC 0000006B                 PUSH     sum
00000003                             00080000 00000071                 PUSH     limit
0000000D 00000003                    00080004 00000077                 CMP      
FFFFFFFF                             00080000 00000078                 JMPL     do1
 (empty)                             0007FFFC 00000027 do1             NOOP     
 (empty)                             0007FFFC 00000028                 PUSH     #message2

    TOS0     TOS1     TOS2     TOS3        SP       PC Assembly instruction
-------- -------- -------- --------  -------- -------- ----------------------------------------
00000096                             00080000 0000002E                 SVC      #6
00000096                             00080000 00000033                 PUSHA    x
0000008A 00000096                    00080004 00000039                 SVC      #2
**********
x? 1
**********
0000008A 00000096                    00080004 0000003E                 DISCARD  #2
 (empty)                             0007FFFC 00000043                 PUSH     sum
00000003                             00080000 00000049                 PUSH     x
00000001 00000003                    00080004 0000004F                 ADD      
00000004                             00080000 00000050                 POP      sum
 (empty)                             0007FFFC 00000056                 PUSH     sum
00000004                             00080000 0000005C                 SVC      #3
00000004                             00080000 00000061                 SVC      #7
**********
4
**********
00000004                             00080000 00000066                 DISCARD  #1
 (empty)                             0007FFFC 0000006B                 PUSH     sum
00000004                             00080000 00000071                 PUSH     limit
0000000D 00000004                    00080004 00000077                 CMP      

    TOS0     TOS1     TOS2     TOS3        SP       PC Assembly instruction
-------- -------- -------- --------  -------- -------- ----------------------------------------
FFFFFFFF                             00080000 00000078                 JMPL     do1
 (empty)                             0007FFFC 00000027 do1             NOOP     
 (empty)                             0007FFFC 00000028                 PUSH     #message2
00000096                             00080000 0000002E                 SVC      #6
00000096                             00080000 00000033                 PUSHA    x
0000008A 00000096                    00080004 00000039                 SVC      #2
**********
x? 2
**********
0000008A 00000096                    00080004 0000003E                 DISCARD  #2
 (empty)                             0007FFFC 00000043                 PUSH     sum
00000004                             00080000 00000049                 PUSH     x
00000002 00000004                    00080004 0000004F                 ADD      
00000006                             00080000 00000050                 POP      sum
 (empty)                             0007FFFC 00000056                 PUSH     sum
00000006                             00080000 0000005C                 SVC      #3
00000006                             00080000 00000061                 SVC      #7
**********
6
**********
00000006                             00080000 00000066                 DISCARD  #1

    TOS0     TOS1     TOS2     TOS3        SP       PC Assembly instruction
-------- -------- -------- --------  -------- -------- ----------------------------------------
 (empty)                             0007FFFC 0000006B                 PUSH     sum
00000006                             00080000 00000071                 PUSH     limit
0000000D 00000006                    00080004 00000077                 CMP      
FFFFFFFF                             00080000 00000078                 JMPL     do1
 (empty)                             0007FFFC 00000027 do1             NOOP     
 (empty)                             0007FFFC 00000028                 PUSH     #message2
00000096                             00080000 0000002E                 SVC      #6
00000096                             00080000 00000033                 PUSHA    x
0000008A 00000096                    00080004 00000039                 SVC      #2
**********
x? 3
**********
0000008A 00000096                    00080004 0000003E                 DISCARD  #2
 (empty)                             0007FFFC 00000043                 PUSH     sum
00000006                             00080000 00000049                 PUSH     x
00000003 00000006                    00080004 0000004F                 ADD      
00000009                             00080000 00000050                 POP      sum
 (empty)                             0007FFFC 00000056                 PUSH     sum

    TOS0     TOS1     TOS2     TOS3        SP       PC Assembly instruction
-------- -------- -------- --------  -------- -------- ----------------------------------------
00000009                             00080000 0000005C                 SVC      #3
00000009                             00080000 00000061                 SVC      #7
**********
9
**********
00000009                             00080000 00000066                 DISCARD  #1
 (empty)                             0007FFFC 0000006B                 PUSH     sum
00000009                             00080000 00000071                 PUSH     limit
0000000D 00000009                    00080004 00000077                 CMP      
FFFFFFFF                             00080000 00000078                 JMPL     do1
 (empty)                             0007FFFC 00000027 do1             NOOP     
 (empty)                             0007FFFC 00000028                 PUSH     #message2
00000096                             00080000 0000002E                 SVC      #6
00000096                             00080000 00000033                 PUSHA    x
0000008A 00000096                    00080004 00000039                 SVC      #2
**********
x? -1
**********
0000008A 00000096                    00080004 0000003E                 DISCARD  #2
 (empty)                             0007FFFC 00000043                 PUSH     sum
00000009                             00080000 00000049                 PUSH     x

    TOS0     TOS1     TOS2     TOS3        SP       PC Assembly instruction
-------- -------- -------- --------  -------- -------- ----------------------------------------
FFFFFFFF 00000009                    00080004 0000004F                 ADD      
00000008                             00080000 00000050                 POP      sum
 (empty)                             0007FFFC 00000056                 PUSH     sum
00000008                             00080000 0000005C                 SVC      #3
00000008                             00080000 00000061                 SVC      #7
**********
8
**********
00000008                             00080000 00000066                 DISCARD  #1
 (empty)                             0007FFFC 0000006B                 PUSH     sum
00000008                             00080000 00000071                 PUSH     limit
0000000D 00000008                    00080004 00000077                 CMP      
FFFFFFFF                             00080000 00000078                 JMPL     do1
 (empty)                             0007FFFC 00000027 do1             NOOP     
 (empty)                             0007FFFC 00000028                 PUSH     #message2
00000096                             00080000 0000002E                 SVC      #6
00000096                             00080000 00000033                 PUSHA    x
0000008A 00000096                    00080004 00000039                 SVC      #2
**********
x? 9
**********

    TOS0     TOS1     TOS2     TOS3        SP       PC Assembly instruction
-------- -------- -------- --------  -------- -------- ----------------------------------------
0000008A 00000096                    00080004 0000003E                 DISCARD  #2
 (empty)                             0007FFFC 00000043                 PUSH     sum
00000008                             00080000 00000049                 PUSH     x
00000009 00000008                    00080004 0000004F                 ADD      
00000011                             00080000 00000050                 POP      sum
 (empty)                             0007FFFC 00000056                 PUSH     sum
00000011                             00080000 0000005C                 SVC      #3
00000011                             00080000 00000061                 SVC      #7
**********
17
**********
00000011                             00080000 00000066                 DISCARD  #1
 (empty)                             0007FFFC 0000006B                 PUSH     sum
00000011                             00080000 00000071                 PUSH     limit
0000000D 00000011                    00080004 00000077                 CMP      
00000001                             00080000 00000078                 JMPL     do1
 (empty)                             0007FFFC 0000007D                 SVC      #1

SVC_STOP_PROGRAM_EXECUTION: Mic1 stopped
