
    TOS0     TOS1     TOS2     TOS3        SP       PC Assembly instruction
-------- -------- -------- --------  -------- -------- ----------------------------------------
 (empty)                             0007FFFC 00000000                 PUSH     #0X00000000
00000000                             00080000 00000006                 POP      i
 (empty)                             0007FFFC 0000000C do1             NOOP     
 (empty)                             0007FFFC 0000000D                 PUSH     #message1
00000070                             00080000 00000013                 SVC      #6
00000070                             00080000 00000018                 PUSHA    x
0000006C 00000070                    00080004 0000001E                 SVC      #2
**********
x? 1
**********
0000006C 00000070                    00080004 00000023                 DISCARD  #2
 (empty)                             0007FFFC 00000028                 PUSH     x
00000001                             00080000 0000002E                 PUSH     #0X00000000
00000000 00000001                    00080004 00000034                 CMP      
00000001                             00080000 00000035                 JMPE     endif1
 (empty)                             0007FFFC 0000003A                 PUSH     i
00000000                             00080000 00000040                 PUSH     #0X00000001
00000001 00000000                    00080004 00000046                 ADD      

    TOS0     TOS1     TOS2     TOS3        SP       PC Assembly instruction
-------- -------- -------- --------  -------- -------- ----------------------------------------
00000001                             00080000 00000047                 POP      i
 (empty)                             0007FFFC 0000004D                 PUSH     i
00000001                             00080000 00000053                 SVC      #3
00000001                             00080000 00000058                 SVC      #7
**********
1
**********
00000001                             00080000 0000005D                 JMP      do1
00000001                             00080000 0000000C do1             NOOP     
00000001                             00080000 0000000D                 PUSH     #message1
00000070 00000001                    00080004 00000013                 SVC      #6
00000070 00000001                    00080004 00000018                 PUSHA    x
0000006C 00000070 00000001           00080008 0000001E                 SVC      #2
**********
x? 2
**********
0000006C 00000070 00000001           00080008 00000023                 DISCARD  #2
00000001                             00080000 00000028                 PUSH     x
00000002 00000001                    00080004 0000002E                 PUSH     #0X00000000
00000000 00000002 00000001           00080008 00000034                 CMP      
00000001 00000001                    00080004 00000035                 JMPE     endif1

    TOS0     TOS1     TOS2     TOS3        SP       PC Assembly instruction
-------- -------- -------- --------  -------- -------- ----------------------------------------
00000001                             00080000 0000003A                 PUSH     i
00000001 00000001                    00080004 00000040                 PUSH     #0X00000001
00000001 00000001 00000001           00080008 00000046                 ADD      
00000002 00000001                    00080004 00000047                 POP      i
00000001                             00080000 0000004D                 PUSH     i
00000002 00000001                    00080004 00000053                 SVC      #3
00000002 00000001                    00080004 00000058                 SVC      #7
**********
2
**********
00000002 00000001                    00080004 0000005D                 JMP      do1
00000002 00000001                    00080004 0000000C do1             NOOP     
00000002 00000001                    00080004 0000000D                 PUSH     #message1
00000070 00000002 00000001           00080008 00000013                 SVC      #6
00000070 00000002 00000001           00080008 00000018                 PUSHA    x
0000006C 00000070 00000002 00000001  0008000C 0000001E                 SVC      #2
**********
x? 987
**********
0000006C 00000070 00000002 00000001  0008000C 00000023                 DISCARD  #2
00000002 00000001                    00080004 00000028                 PUSH     x

    TOS0     TOS1     TOS2     TOS3        SP       PC Assembly instruction
-------- -------- -------- --------  -------- -------- ----------------------------------------
000003DB 00000002 00000001           00080008 0000002E                 PUSH     #0X00000000
00000000 000003DB 00000002 00000001  0008000C 00000034                 CMP      
00000001 00000002 00000001           00080008 00000035                 JMPE     endif1
00000002 00000001                    00080004 0000003A                 PUSH     i
00000002 00000002 00000001           00080008 00000040                 PUSH     #0X00000001
00000001 00000002 00000002 00000001  0008000C 00000046                 ADD      
00000003 00000002 00000001           00080008 00000047                 POP      i
00000002 00000001                    00080004 0000004D                 PUSH     i
00000003 00000002 00000001           00080008 00000053                 SVC      #3
00000003 00000002 00000001           00080008 00000058                 SVC      #7
**********
3
**********
00000003 00000002 00000001           00080008 0000005D                 JMP      do1
00000003 00000002 00000001           00080008 0000000C do1             NOOP     
00000003 00000002 00000001           00080008 0000000D                 PUSH     #message1
00000070 00000003 00000002 00000001  0008000C 00000013                 SVC      #6
00000070 00000003 00000002 00000001  0008000C 00000018                 PUSHA    x

    TOS0     TOS1     TOS2     TOS3        SP       PC Assembly instruction
-------- -------- -------- --------  -------- -------- ----------------------------------------
0000006C 00000070 00000003 00000002  00080010 0000001E                 SVC      #2
**********
x? 765
**********
0000006C 00000070 00000003 00000002  00080010 00000023                 DISCARD  #2
00000003 00000002 00000001           00080008 00000028                 PUSH     x
000002FD 00000003 00000002 00000001  0008000C 0000002E                 PUSH     #0X00000000
00000000 000002FD 00000003 00000002  00080010 00000034                 CMP      
00000001 00000003 00000002 00000001  0008000C 00000035                 JMPE     endif1
00000003 00000002 00000001           00080008 0000003A                 PUSH     i
00000003 00000003 00000002 00000001  0008000C 00000040                 PUSH     #0X00000001
00000001 00000003 00000003 00000002  00080010 00000046                 ADD      
00000004 00000003 00000002 00000001  0008000C 00000047                 POP      i
00000003 00000002 00000001           00080008 0000004D                 PUSH     i
00000004 00000003 00000002 00000001  0008000C 00000053                 SVC      #3
00000004 00000003 00000002 00000001  0008000C 00000058                 SVC      #7
**********
4
**********
00000004 00000003 00000002 00000001  0008000C 0000005D                 JMP      do1
00000004 00000003 00000002 00000001  0008000C 0000000C do1             NOOP     

    TOS0     TOS1     TOS2     TOS3        SP       PC Assembly instruction
-------- -------- -------- --------  -------- -------- ----------------------------------------
00000004 00000003 00000002 00000001  0008000C 0000000D                 PUSH     #message1
00000070 00000004 00000003 00000002  00080010 00000013                 SVC      #6
00000070 00000004 00000003 00000002  00080010 00000018                 PUSHA    x
0000006C 00000070 00000004 00000003  00080014 0000001E                 SVC      #2
**********
x? 3
**********
0000006C 00000070 00000004 00000003  00080014 00000023                 DISCARD  #2
00000004 00000003 00000002 00000001  0008000C 00000028                 PUSH     x
00000003 00000004 00000003 00000002  00080010 0000002E                 PUSH     #0X00000000
00000000 00000003 00000004 00000003  00080014 00000034                 CMP      
00000001 00000004 00000003 00000002  00080010 00000035                 JMPE     endif1
00000004 00000003 00000002 00000001  0008000C 0000003A                 PUSH     i
00000004 00000004 00000003 00000002  00080010 00000040                 PUSH     #0X00000001
00000001 00000004 00000004 00000003  00080014 00000046                 ADD      
00000005 00000004 00000003 00000002  00080010 00000047                 POP      i
00000004 00000003 00000002 00000001  0008000C 0000004D                 PUSH     i
00000005 00000004 00000003 00000002  00080010 00000053                 SVC      #3

    TOS0     TOS1     TOS2     TOS3        SP       PC Assembly instruction
-------- -------- -------- --------  -------- -------- ----------------------------------------
00000005 00000004 00000003 00000002  00080010 00000058                 SVC      #7
**********
5
**********
00000005 00000004 00000003 00000002  00080010 0000005D                 JMP      do1
00000005 00000004 00000003 00000002  00080010 0000000C do1             NOOP     
00000005 00000004 00000003 00000002  00080010 0000000D                 PUSH     #message1
00000070 00000005 00000004 00000003  00080014 00000013                 SVC      #6
00000070 00000005 00000004 00000003  00080014 00000018                 PUSHA    x
0000006C 00000070 00000005 00000004  00080018 0000001E                 SVC      #2
**********
x? 1
**********
0000006C 00000070 00000005 00000004  00080018 00000023                 DISCARD  #2
00000005 00000004 00000003 00000002  00080010 00000028                 PUSH     x
00000001 00000005 00000004 00000003  00080014 0000002E                 PUSH     #0X00000000
00000000 00000001 00000005 00000004  00080018 00000034                 CMP      
00000001 00000005 00000004 00000003  00080014 00000035                 JMPE     endif1
00000005 00000004 00000003 00000002  00080010 0000003A                 PUSH     i
00000005 00000005 00000004 00000003  00080014 00000040                 PUSH     #0X00000001
00000001 00000005 00000005 00000004  00080018 00000046                 ADD      

    TOS0     TOS1     TOS2     TOS3        SP       PC Assembly instruction
-------- -------- -------- --------  -------- -------- ----------------------------------------
00000006 00000005 00000004 00000003  00080014 00000047                 POP      i
00000005 00000004 00000003 00000002  00080010 0000004D                 PUSH     i
00000006 00000005 00000004 00000003  00080014 00000053                 SVC      #3
00000006 00000005 00000004 00000003  00080014 00000058                 SVC      #7
**********
6
**********
00000006 00000005 00000004 00000003  00080014 0000005D                 JMP      do1
00000006 00000005 00000004 00000003  00080014 0000000C do1             NOOP     
00000006 00000005 00000004 00000003  00080014 0000000D                 PUSH     #message1
00000070 00000006 00000005 00000004  00080018 00000013                 SVC      #6
00000070 00000006 00000005 00000004  00080018 00000018                 PUSHA    x
0000006C 00000070 00000006 00000005  0008001C 0000001E                 SVC      #2
**********
x? 0
**********
0000006C 00000070 00000006 00000005  0008001C 00000023                 DISCARD  #2
00000006 00000005 00000004 00000003  00080014 00000028                 PUSH     x
00000000 00000006 00000005 00000004  00080018 0000002E                 PUSH     #0X00000000
00000000 00000000 00000006 00000005  0008001C 00000034                 CMP      
00000000 00000006 00000005 00000004  00080018 00000035                 JMPE     endif1

    TOS0     TOS1     TOS2     TOS3        SP       PC Assembly instruction
-------- -------- -------- --------  -------- -------- ----------------------------------------
00000006 00000005 00000004 00000003  00080014 00000062 endif1          NOOP     
00000006 00000005 00000004 00000003  00080014 00000063                 SVC      #1

SVC_STOP_PROGRAM_EXECUTION: Mic1 stopped
