
    TOS0     TOS1     TOS2     TOS3        SP       PC Assembly instruction
-------- -------- -------- --------  -------- -------- ----------------------------------------
 (empty)                             0007FFFC 00000000 main            NOOP     
 (empty)                             0007FFFC 00000001                 PUSHA    x
00000058                             00080000 00000007                 SVC      #2
**********
3
**********
00000058                             00080000 0000000C                 DISCARD  #1
 (empty)                             0007FFFC 00000011                 PUSHA    y
0000005C                             00080000 00000017                 SVC      #2
**********
7
**********
0000005C                             00080000 0000001C                 DISCARD  #1
 (empty)                             0007FFFC 00000021                 PUSH     x
00000003                             00080000 00000027                 PUSH     #0X00000001
00000001 00000003                    00080004 0000002D                 ADD      
00000004                             00080000 0000002E                 SL1      
00000008                             00080000 0000002F                 SL1      
00000010                             00080000 00000030                 NEG      
FFFFFFF0                             00080000 00000031                 PUSH     y
00000007 FFFFFFF0                    00080004 00000037                 SUB      

    TOS0     TOS1     TOS2     TOS3        SP       PC Assembly instruction
-------- -------- -------- --------  -------- -------- ----------------------------------------
FFFFFFE9                             00080000 00000038                 POP      r
 (empty)                             0007FFFC 0000003E                 PUSH     r
FFFFFFE9                             00080000 00000044                 SVC      #3
FFFFFFE9                             00080000 00000049                 SVC      #7
**********
-23
**********
FFFFFFE9                             00080000 0000004E                 DISCARD  #1
 (empty)                             0007FFFC 00000053                 SVC      #1

SVC_STOP_PROGRAM_EXECUTION: Mic1 stopped
