F(00000000) = 00
====================================================================================
    TOS0     TOS1     TOS2     TOS3        SP       PC Assembly instruction
 (empty)                             0007FFFC 00000000 Main            NOOP     
====================================================================================

Cycle        PC MBR      MAR      MDR       SP      TOS       LV      CPP   OPC/T0 MPC  JAM Next Mem BBus Shift ALU      CBus
------ -------- --- -------- -------- -------- -------- -------- -------- -------- --- ---- ---- --- ---- ----- -------- ----
    0: 00000000  00 00000000 00000000 0007FFFC 00000000 00000000 00000000 00000000 100 C     000 F   PC         B+1      PC
 PC = 00000001
    1: 00000001  00 00000000 00000000 0007FFFC 00000000 00000000 00000000 00000000 000       100                0       
F(00000001) = 01
====================================================================================
    TOS0     TOS1     TOS2     TOS3        SP       PC Assembly instruction
 (empty)                             0007FFFC 00000001                 PUSH     #xPrompt
====================================================================================
    2: 00000001  01 00000000 00000000 0007FFFC 00000000 00000000 00000000 00000000 100 C     000 F   PC         B+1      PC
 PC = 00000002
    3: 00000002  01 00000000 00000000 0007FFFC 00000000 00000000 00000000 00000000 001       047     PC         B+1      PC
 PC = 00000003
F(00000002) = 00
    4: 00000003  00 00000000 00000000 0007FFFC 00000000 00000000 00000000 00000000 047       048 F   MBRU SL8   B        H
  H = 00000000
    5: 00000003  00 00000000 00000000 0007FFFC 00000000 00000000 00000000 00000000 048       04B     PC         B+1      PC
 PC = 00000004
F(00000003) = 00
    6: 00000004  00 00000000 00000000 0007FFFC 00000000 00000000 00000000 00000000 04B       04C F   MBRU SL8   H or B   H
  H = 00000000
    7: 00000004  00 00000000 00000000 0007FFFC 00000000 00000000 00000000 00000000 04C       04F     PC         B+1      PC
 PC = 00000005
F(00000004) = 10
    8: 00000005  10 00000000 00000000 0007FFFC 00000000 00000000 00000000 00000000 04F       053 F   MBRU SL8   H or B   H
  H = 00001000
    9: 00000005  10 00000000 00000000 0007FFFC 00000000 00000000 00000000 00000000 053       054     PC         B+1      PC
 PC = 00000006
F(00000005) = 00
   10: 00000006  00 00000000 00000000 0007FFFC 00000000 00000000 00000000 00000000 054       057 F   MBRU       H or B   H
  H = 00001000
   11: 00000006  00 00000000 00000000 0007FFFC 00000000 00000000 00000000 00000000 057       058     PC         B+1      PC
 PC = 00000007
F(00000006) = 00
   12: 00000007  00 00000000 00000000 0007FFFC 00000000 00000000 00000000 00000000 058 C     040                0       
   13: 00000007  00 00000000 00000000 0007FFFC 00000000 00000000 00000000 00000000 040       07C                H        TOS
TOS = 00001000
   14: 00000007  00 00000000 00000000 0007FFFC 00001000 00000000 00000000 00000000 07C       07D     TOS        B        MDR
MDR = 00001000

Cycle        PC MBR      MAR      MDR       SP      TOS       LV      CPP   OPC/T0 MPC  JAM Next Mem BBus Shift ALU      CBus
------ -------- --- -------- -------- -------- -------- -------- -------- -------- --- ---- ---- --- ---- ----- -------- ----
   15: 00000007  00 00000000 00001000 0007FFFC 00001000 00000000 00000000 00000000 07D       07E F W SP         B+4      SP MAR
 SP = 00080000
MAR = 00080000
   16: 00000007  00 00080000 00001000 00080000 00001000 00000000 00000000 00000000 07E       100                0       
F(00000007) = 3F
W(00080000) = 00001000
====================================================================================
    TOS0     TOS1     TOS2     TOS3        SP       PC Assembly instruction
00001000                             00080000 00000007                 SVC      #6
====================================================================================
   17: 00000007  3F 00080000 00001000 00080000 00001000 00000000 00000000 00000000 100 C     000 F   PC         B+1      PC
 PC = 00000008
   18: 00000008  3F 00080000 00001000 00080000 00001000 00000000 00000000 00000000 03F       13B     PC         B+1      PC
 PC = 00000009
F(00000008) = 00
   19: 00000009  00 00080000 00001000 00080000 00001000 00000000 00000000 00000000 13B       13C F   MBRU SL8   B        H
  H = 00000000
   20: 00000009  00 00080000 00001000 00080000 00001000 00000000 00000000 00000000 13C       13D     PC         B+1      PC
 PC = 0000000A
F(00000009) = 00
   21: 0000000A  00 00080000 00001000 00080000 00001000 00000000 00000000 00000000 13D       13E F   MBRU SL8   H or B   H
  H = 00000000
   22: 0000000A  00 00080000 00001000 00080000 00001000 00000000 00000000 00000000 13E       13F     PC         B+1      PC
 PC = 0000000B
F(0000000A) = 00
   23: 0000000B  00 00080000 00001000 00080000 00001000 00000000 00000000 00000000 13F       140 F   MBRU SL8   H or B   H
  H = 00000000
   24: 0000000B  00 00080000 00001000 00080000 00001000 00000000 00000000 00000000 140       141     PC         B+1      PC
 PC = 0000000C
F(0000000B) = 06
   25: 0000000C  06 00080000 00001000 00080000 00001000 00000000 00000000 00000000 141       142 F   MBRU       H or B   T1
 T1 = 00000006
   26: 0000000C  06 00080000 00001000 00080000 00001000 00000000 00000000 00000000 142       100                SVC# 6  
F(0000000C) = 04
====================================================================================
    TOS0     TOS1     TOS2     TOS3        SP       PC Assembly instruction
00001000                             00080000 0000000C                 DISCARD  #1
====================================================================================
   27: 0000000C  04 00080000 00001000 00080000 00001000 00000000 00000000 00000000 100 C     000 F   PC         B+1      PC
 PC = 0000000D
   28: 0000000D  04 00080000 00001000 00080000 00001000 00000000 00000000 00000000 004       0A8     PC         B+1      PC
 PC = 0000000E
F(0000000D) = 00
   29: 0000000E  00 00080000 00001000 00080000 00001000 00000000 00000000 00000000 0A8       0A9 F   MBRU SL8   B        H
  H = 00000000

Cycle        PC MBR      MAR      MDR       SP      TOS       LV      CPP   OPC/T0 MPC  JAM Next Mem BBus Shift ALU      CBus
------ -------- --- -------- -------- -------- -------- -------- -------- -------- --- ---- ---- --- ---- ----- -------- ----
   30: 0000000E  00 00080000 00001000 00080000 00001000 00000000 00000000 00000000 0A9       0AA     PC         B+1      PC
 PC = 0000000F
F(0000000E) = 00
   31: 0000000F  00 00080000 00001000 00080000 00001000 00000000 00000000 00000000 0AA       0AB F   MBRU SL8   H or B   H
  H = 00000000
   32: 0000000F  00 00080000 00001000 00080000 00001000 00000000 00000000 00000000 0AB       0AC     PC         B+1      PC
 PC = 00000010
F(0000000F) = 00
   33: 00000010  00 00080000 00001000 00080000 00001000 00000000 00000000 00000000 0AC       0AD F   MBRU SL8   H or B   H
  H = 00000000
   34: 00000010  00 00080000 00001000 00080000 00001000 00000000 00000000 00000000 0AD       0AE     PC         B+1      PC
 PC = 00000011
F(00000010) = 01
   35: 00000011  01 00080000 00001000 00080000 00001000 00000000 00000000 00000000 0AE       143     MBRU       H or B   T1
 T1 = 00000001
   36: 00000011  01 00080000 00001000 00080000 00001000 00000000 00000000 00000000 143       0AF     SP         B-4      SP
 SP = 0007FFFC
   37: 00000011  01 00080000 00001000 0007FFFC 00001000 00000000 00000000 00000000 0AF       0B0     T1         B-1      T1
 T1 = 00000000
   38: 00000011  01 00080000 00001000 0007FFFC 00001000 00000000 00000000 00000000 0B0  N P  043     T1         B       
   39: 00000011  01 00080000 00001000 0007FFFC 00001000 00000000 00000000 00000000 043       0B1 FR  SP         B        MAR
MAR = 0007FFFC
   40: 00000011  01 0007FFFC 00001000 0007FFFC 00001000 00000000 00000000 00000000 0B1       0B2                0       
F(00000011) = 01
R(0007FFFC) = A40F9324
   41: 00000011  01 0007FFFC A40F9324 0007FFFC 00001000 00000000 00000000 00000000 0B2       100     MDR        B        TOS
TOS = A40F9324
====================================================================================
    TOS0     TOS1     TOS2     TOS3        SP       PC Assembly instruction
 (empty)                             0007FFFC 00000011                 PUSH     #x
====================================================================================
   42: 00000011  01 0007FFFC A40F9324 0007FFFC A40F9324 00000000 00000000 00000000 100 C     000 F   PC         B+1      PC
 PC = 00000012
   43: 00000012  01 0007FFFC A40F9324 0007FFFC A40F9324 00000000 00000000 00000000 001       047     PC         B+1      PC
 PC = 00000013
F(00000012) = 00
   44: 00000013  00 0007FFFC A40F9324 0007FFFC A40F9324 00000000 00000000 00000000 047       048 F   MBRU SL8   B        H
  H = 00000000

Cycle        PC MBR      MAR      MDR       SP      TOS       LV      CPP   OPC/T0 MPC  JAM Next Mem BBus Shift ALU      CBus
------ -------- --- -------- -------- -------- -------- -------- -------- -------- --- ---- ---- --- ---- ----- -------- ----
   45: 00000013  00 0007FFFC A40F9324 0007FFFC A40F9324 00000000 00000000 00000000 048       04B     PC         B+1      PC
 PC = 00000014
F(00000013) = 00
   46: 00000014  00 0007FFFC A40F9324 0007FFFC A40F9324 00000000 00000000 00000000 04B       04C F   MBRU SL8   H or B   H
  H = 00000000
   47: 00000014  00 0007FFFC A40F9324 0007FFFC A40F9324 00000000 00000000 00000000 04C       04F     PC         B+1      PC
 PC = 00000015
F(00000014) = 10
   48: 00000015  10 0007FFFC A40F9324 0007FFFC A40F9324 00000000 00000000 00000000 04F       053 F   MBRU SL8   H or B   H
  H = 00001000
   49: 00000015  10 0007FFFC A40F9324 0007FFFC A40F9324 00000000 00000000 00000000 053       054     PC         B+1      PC
 PC = 00000016
F(00000015) = 1F
   50: 00000016  1F 0007FFFC A40F9324 0007FFFC A40F9324 00000000 00000000 00000000 054       057 F   MBRU       H or B   H
  H = 0000101F
   51: 00000016  1F 0007FFFC A40F9324 0007FFFC A40F9324 00000000 00000000 00000000 057       058     PC         B+1      PC
 PC = 00000017
F(00000016) = 00
   52: 00000017  00 0007FFFC A40F9324 0007FFFC A40F9324 00000000 00000000 00000000 058 C     040                0       
   53: 00000017  00 0007FFFC A40F9324 0007FFFC A40F9324 00000000 00000000 00000000 040       07C                H        TOS
TOS = 0000101F
   54: 00000017  00 0007FFFC A40F9324 0007FFFC 0000101F 00000000 00000000 00000000 07C       07D     TOS        B        MDR
MDR = 0000101F
   55: 00000017  00 0007FFFC 0000101F 0007FFFC 0000101F 00000000 00000000 00000000 07D       07E F W SP         B+4      SP MAR
 SP = 00080000
MAR = 00080000
   56: 00000017  00 00080000 0000101F 00080000 0000101F 00000000 00000000 00000000 07E       100                0       
F(00000017) = 3F
W(00080000) = 0000101F
====================================================================================
    TOS0     TOS1     TOS2     TOS3        SP       PC Assembly instruction
0000101F                             00080000 00000017                 SVC      #2
====================================================================================
   57: 00000017  3F 00080000 0000101F 00080000 0000101F 00000000 00000000 00000000 100 C     000 F   PC         B+1      PC
 PC = 00000018
   58: 00000018  3F 00080000 0000101F 00080000 0000101F 00000000 00000000 00000000 03F       13B     PC         B+1      PC
 PC = 00000019
F(00000018) = 00
   59: 00000019  00 00080000 0000101F 00080000 0000101F 00000000 00000000 00000000 13B       13C F   MBRU SL8   B        H
  H = 00000000

Cycle        PC MBR      MAR      MDR       SP      TOS       LV      CPP   OPC/T0 MPC  JAM Next Mem BBus Shift ALU      CBus
------ -------- --- -------- -------- -------- -------- -------- -------- -------- --- ---- ---- --- ---- ----- -------- ----
   60: 00000019  00 00080000 0000101F 00080000 0000101F 00000000 00000000 00000000 13C       13D     PC         B+1      PC
 PC = 0000001A
F(00000019) = 00
   61: 0000001A  00 00080000 0000101F 00080000 0000101F 00000000 00000000 00000000 13D       13E F   MBRU SL8   H or B   H
  H = 00000000
   62: 0000001A  00 00080000 0000101F 00080000 0000101F 00000000 00000000 00000000 13E       13F     PC         B+1      PC
 PC = 0000001B
F(0000001A) = 00
   63: 0000001B  00 00080000 0000101F 00080000 0000101F 00000000 00000000 00000000 13F       140 F   MBRU SL8   H or B   H
  H = 00000000
   64: 0000001B  00 00080000 0000101F 00080000 0000101F 00000000 00000000 00000000 140       141     PC         B+1      PC
 PC = 0000001C
F(0000001B) = 02
   65: 0000001C  02 00080000 0000101F 00080000 0000101F 00000000 00000000 00000000 141       142 F   MBRU       H or B   T1
 T1 = 00000002
   66: 0000001C  02 00080000 0000101F 00080000 0000101F 00000000 00000000 00000000 142       100                SVC# 2  
**********
x? -7
**********
F(0000001C) = 04
====================================================================================
    TOS0     TOS1     TOS2     TOS3        SP       PC Assembly instruction
0000101F                             00080000 0000001C                 DISCARD  #1
====================================================================================
   67: 0000001C  04 00080000 0000101F 00080000 0000101F 00000000 00000000 00000000 100 C     000 F   PC         B+1      PC
 PC = 0000001D
   68: 0000001D  04 00080000 0000101F 00080000 0000101F 00000000 00000000 00000000 004       0A8     PC         B+1      PC
 PC = 0000001E
F(0000001D) = 00
   69: 0000001E  00 00080000 0000101F 00080000 0000101F 00000000 00000000 00000000 0A8       0A9 F   MBRU SL8   B        H
  H = 00000000
   70: 0000001E  00 00080000 0000101F 00080000 0000101F 00000000 00000000 00000000 0A9       0AA     PC         B+1      PC
 PC = 0000001F
F(0000001E) = 00
   71: 0000001F  00 00080000 0000101F 00080000 0000101F 00000000 00000000 00000000 0AA       0AB F   MBRU SL8   H or B   H
  H = 00000000
   72: 0000001F  00 00080000 0000101F 00080000 0000101F 00000000 00000000 00000000 0AB       0AC     PC         B+1      PC
 PC = 00000020
F(0000001F) = 00
   73: 00000020  00 00080000 0000101F 00080000 0000101F 00000000 00000000 00000000 0AC       0AD F   MBRU SL8   H or B   H
  H = 00000000
   74: 00000020  00 00080000 0000101F 00080000 0000101F 00000000 00000000 00000000 0AD       0AE     PC         B+1      PC
 PC = 00000021
F(00000020) = 01

Cycle        PC MBR      MAR      MDR       SP      TOS       LV      CPP   OPC/T0 MPC  JAM Next Mem BBus Shift ALU      CBus
------ -------- --- -------- -------- -------- -------- -------- -------- -------- --- ---- ---- --- ---- ----- -------- ----
   75: 00000021  01 00080000 0000101F 00080000 0000101F 00000000 00000000 00000000 0AE       143     MBRU       H or B   T1
 T1 = 00000001
   76: 00000021  01 00080000 0000101F 00080000 0000101F 00000000 00000000 00000000 143       0AF     SP         B-4      SP
 SP = 0007FFFC
   77: 00000021  01 00080000 0000101F 0007FFFC 0000101F 00000000 00000000 00000000 0AF       0B0     T1         B-1      T1
 T1 = 00000000
   78: 00000021  01 00080000 0000101F 0007FFFC 0000101F 00000000 00000000 00000000 0B0  N P  043     T1         B       
   79: 00000021  01 00080000 0000101F 0007FFFC 0000101F 00000000 00000000 00000000 043       0B1 FR  SP         B        MAR
MAR = 0007FFFC
   80: 00000021  01 0007FFFC 0000101F 0007FFFC 0000101F 00000000 00000000 00000000 0B1       0B2                0       
F(00000021) = 01
R(0007FFFC) = A40F9324
   81: 00000021  01 0007FFFC A40F9324 0007FFFC 0000101F 00000000 00000000 00000000 0B2       100     MDR        B        TOS
TOS = A40F9324
====================================================================================
    TOS0     TOS1     TOS2     TOS3        SP       PC Assembly instruction
 (empty)                             0007FFFC 00000021                 PUSH     x
====================================================================================
   82: 00000021  01 0007FFFC A40F9324 0007FFFC A40F9324 00000000 00000000 00000000 100 C     000 F   PC         B+1      PC
 PC = 00000022
   83: 00000022  01 0007FFFC A40F9324 0007FFFC A40F9324 00000000 00000000 00000000 001       047     PC         B+1      PC
 PC = 00000023
F(00000022) = 00
   84: 00000023  00 0007FFFC A40F9324 0007FFFC A40F9324 00000000 00000000 00000000 047       048 F   MBRU SL8   B        H
  H = 00000000
   85: 00000023  00 0007FFFC A40F9324 0007FFFC A40F9324 00000000 00000000 00000000 048       04B     PC         B+1      PC
 PC = 00000024
F(00000023) = 00
   86: 00000024  00 0007FFFC A40F9324 0007FFFC A40F9324 00000000 00000000 00000000 04B       04C F   MBRU SL8   H or B   H
  H = 00000000
   87: 00000024  00 0007FFFC A40F9324 0007FFFC A40F9324 00000000 00000000 00000000 04C       04F     PC         B+1      PC
 PC = 00000025
F(00000024) = 10
   88: 00000025  10 0007FFFC A40F9324 0007FFFC A40F9324 00000000 00000000 00000000 04F       053 F   MBRU SL8   H or B   H
  H = 00001000
   89: 00000025  10 0007FFFC A40F9324 0007FFFC A40F9324 00000000 00000000 00000000 053       054     PC         B+1      PC
 PC = 00000026
F(00000025) = 1F

Cycle        PC MBR      MAR      MDR       SP      TOS       LV      CPP   OPC/T0 MPC  JAM Next Mem BBus Shift ALU      CBus
------ -------- --- -------- -------- -------- -------- -------- -------- -------- --- ---- ---- --- ---- ----- -------- ----
   90: 00000026  1F 0007FFFC A40F9324 0007FFFC A40F9324 00000000 00000000 00000000 054       057 F   MBRU       H or B   H
  H = 0000101F
   91: 00000026  1F 0007FFFC A40F9324 0007FFFC A40F9324 00000000 00000000 00000000 057       058     PC         B+1      PC
 PC = 00000027
F(00000026) = 01
   92: 00000027  01 0007FFFC A40F9324 0007FFFC A40F9324 00000000 00000000 00000000 058 C     040                0       
   93: 00000027  01 0007FFFC A40F9324 0007FFFC A40F9324 00000000 00000000 00000000 041       05B  R             H        MAR
MAR = 0000101F
   94: 00000027  01 0000101F A40F9324 0007FFFC A40F9324 00000000 00000000 00000000 05B       05C                0       
R(0000101F) = FFFFFFF9
   95: 00000027  01 0000101F FFFFFFF9 0007FFFC A40F9324 00000000 00000000 00000000 05C       07C     MDR        B        TOS
TOS = FFFFFFF9
   96: 00000027  01 0000101F FFFFFFF9 0007FFFC FFFFFFF9 00000000 00000000 00000000 07C       07D     TOS        B        MDR
MDR = FFFFFFF9
   97: 00000027  01 0000101F FFFFFFF9 0007FFFC FFFFFFF9 00000000 00000000 00000000 07D       07E F W SP         B+4      SP MAR
 SP = 00080000
MAR = 00080000
   98: 00000027  01 00080000 FFFFFFF9 00080000 FFFFFFF9 00000000 00000000 00000000 07E       100                0       
F(00000027) = 01
W(00080000) = FFFFFFF9
====================================================================================
    TOS0     TOS1     TOS2     TOS3        SP       PC Assembly instruction
FFFFFFF9                             00080000 00000027                 PUSH     #0X00000007
====================================================================================
   99: 00000027  01 00080000 FFFFFFF9 00080000 FFFFFFF9 00000000 00000000 00000000 100 C     000 F   PC         B+1      PC
 PC = 00000028
  100: 00000028  01 00080000 FFFFFFF9 00080000 FFFFFFF9 00000000 00000000 00000000 001       047     PC         B+1      PC
 PC = 00000029
F(00000028) = 00
  101: 00000029  00 00080000 FFFFFFF9 00080000 FFFFFFF9 00000000 00000000 00000000 047       048 F   MBRU SL8   B        H
  H = 00000000
  102: 00000029  00 00080000 FFFFFFF9 00080000 FFFFFFF9 00000000 00000000 00000000 048       04B     PC         B+1      PC
 PC = 0000002A
F(00000029) = 00
  103: 0000002A  00 00080000 FFFFFFF9 00080000 FFFFFFF9 00000000 00000000 00000000 04B       04C F   MBRU SL8   H or B   H
  H = 00000000
  104: 0000002A  00 00080000 FFFFFFF9 00080000 FFFFFFF9 00000000 00000000 00000000 04C       04F     PC         B+1      PC
 PC = 0000002B
F(0000002A) = 00

Cycle        PC MBR      MAR      MDR       SP      TOS       LV      CPP   OPC/T0 MPC  JAM Next Mem BBus Shift ALU      CBus
------ -------- --- -------- -------- -------- -------- -------- -------- -------- --- ---- ---- --- ---- ----- -------- ----
  105: 0000002B  00 00080000 FFFFFFF9 00080000 FFFFFFF9 00000000 00000000 00000000 04F       053 F   MBRU SL8   H or B   H
  H = 00000000
  106: 0000002B  00 00080000 FFFFFFF9 00080000 FFFFFFF9 00000000 00000000 00000000 053       054     PC         B+1      PC
 PC = 0000002C
F(0000002B) = 07
  107: 0000002C  07 00080000 FFFFFFF9 00080000 FFFFFFF9 00000000 00000000 00000000 054       057 F   MBRU       H or B   H
  H = 00000007
  108: 0000002C  07 00080000 FFFFFFF9 00080000 FFFFFFF9 00000000 00000000 00000000 057       058     PC         B+1      PC
 PC = 0000002D
F(0000002C) = 00
  109: 0000002D  00 00080000 FFFFFFF9 00080000 FFFFFFF9 00000000 00000000 00000000 058 C     040                0       
  110: 0000002D  00 00080000 FFFFFFF9 00080000 FFFFFFF9 00000000 00000000 00000000 040       07C                H        TOS
TOS = 00000007
  111: 0000002D  00 00080000 FFFFFFF9 00080000 00000007 00000000 00000000 00000000 07C       07D     TOS        B        MDR
MDR = 00000007
  112: 0000002D  00 00080000 00000007 00080000 00000007 00000000 00000000 00000000 07D       07E F W SP         B+4      SP MAR
 SP = 00080004
MAR = 00080004
  113: 0000002D  00 00080004 00000007 00080004 00000007 00000000 00000000 00000000 07E       100                0       
F(0000002D) = 10
W(00080004) = 00000007
====================================================================================
    TOS0     TOS1     TOS2     TOS3        SP       PC Assembly instruction
00000007 FFFFFFF9                    00080004 0000002D                 ADD      
====================================================================================
  114: 0000002D  10 00080004 00000007 00080004 00000007 00000000 00000000 00000000 100 C     000 F   PC         B+1      PC
 PC = 0000002E
  115: 0000002E  10 00080004 00000007 00080004 00000007 00000000 00000000 00000000 010       0CF  R  SP         B-4      SP MAR
 SP = 00080000
MAR = 00080000
F(0000002E) = 02
  116: 0000002E  02 00080000 00000007 00080000 00000007 00000000 00000000 00000000 0CF       0D0                0       
R(00080000) = FFFFFFF9
  117: 0000002E  02 00080000 FFFFFFF9 00080000 00000007 00000000 00000000 00000000 0D0       0D1     MDR        B        H
  H = FFFFFFF9
  118: 0000002E  02 00080000 FFFFFFF9 00080000 00000007 00000000 00000000 00000000 0D1       0D2   W TOS        H+B      TOS MDR
TOS = 00000000
MDR = 00000000
  119: 0000002E  02 00080000 00000000 00080000 00000000 00000000 00000000 00000000 0D2       100                0       
W(00080000) = 00000000
====================================================================================
    TOS0     TOS1     TOS2     TOS3        SP       PC Assembly instruction
00000000                             00080000 0000002E                 PUSHA    xResult1
====================================================================================

Cycle        PC MBR      MAR      MDR       SP      TOS       LV      CPP   OPC/T0 MPC  JAM Next Mem BBus Shift ALU      CBus
------ -------- --- -------- -------- -------- -------- -------- -------- -------- --- ---- ---- --- ---- ----- -------- ----
  120: 0000002E  02 00080000 00000000 00080000 00000000 00000000 00000000 00000000 100 C     000 F   PC         B+1      PC
 PC = 0000002F
  121: 0000002F  02 00080000 00000000 00080000 00000000 00000000 00000000 00000000 002       07F     PC         B+1      PC
 PC = 00000030
F(0000002F) = 00
  122: 00000030  00 00080000 00000000 00080000 00000000 00000000 00000000 00000000 07F       080 F   MBRU SL8   B        H
  H = 00000000
  123: 00000030  00 00080000 00000000 00080000 00000000 00000000 00000000 00000000 080       081     PC         B+1      PC
 PC = 00000031
F(00000030) = 00
  124: 00000031  00 00080000 00000000 00080000 00000000 00000000 00000000 00000000 081       082 F   MBRU SL8   H or B   H
  H = 00000000
  125: 00000031  00 00080000 00000000 00080000 00000000 00000000 00000000 00000000 082       083     PC         B+1      PC
 PC = 00000032
F(00000031) = 10
  126: 00000032  10 00080000 00000000 00080000 00000000 00000000 00000000 00000000 083       084 F   MBRU SL8   H or B   H
  H = 00001000
  127: 00000032  10 00080000 00000000 00080000 00000000 00000000 00000000 00000000 084       085     PC         B+1      PC
 PC = 00000033
F(00000032) = 04
  128: 00000033  04 00080000 00000000 00080000 00000000 00000000 00000000 00000000 085       086 F   MBRU       H or B   H
  H = 00001004
  129: 00000033  04 00080000 00000000 00080000 00000000 00000000 00000000 00000000 086       087     PC         B+1      PC
 PC = 00000034
F(00000033) = 01
  130: 00000034  01 00080000 00000000 00080000 00000000 00000000 00000000 00000000 087 C     050                0       
  131: 00000034  01 00080000 00000000 00080000 00000000 00000000 00000000 00000000 051       08C                H        TOS
TOS = 00001004
  132: 00000034  01 00080000 00000000 00080000 00001004 00000000 00000000 00000000 08C       08D     TOS        B        MDR
MDR = 00001004
  133: 00000034  01 00080000 00001004 00080000 00001004 00000000 00000000 00000000 08D       08E F W SP         B+4      SP MAR
 SP = 00080004
MAR = 00080004
  134: 00000034  01 00080004 00001004 00080004 00001004 00000000 00000000 00000000 08E       100                0       
F(00000034) = 3F
W(00080004) = 00001004
====================================================================================
    TOS0     TOS1     TOS2     TOS3        SP       PC Assembly instruction
00001004 00000000                    00080004 00000034                 SVC      #6
====================================================================================

Cycle        PC MBR      MAR      MDR       SP      TOS       LV      CPP   OPC/T0 MPC  JAM Next Mem BBus Shift ALU      CBus
------ -------- --- -------- -------- -------- -------- -------- -------- -------- --- ---- ---- --- ---- ----- -------- ----
  135: 00000034  3F 00080004 00001004 00080004 00001004 00000000 00000000 00000000 100 C     000 F   PC         B+1      PC
 PC = 00000035
  136: 00000035  3F 00080004 00001004 00080004 00001004 00000000 00000000 00000000 03F       13B     PC         B+1      PC
 PC = 00000036
F(00000035) = 00
  137: 00000036  00 00080004 00001004 00080004 00001004 00000000 00000000 00000000 13B       13C F   MBRU SL8   B        H
  H = 00000000
  138: 00000036  00 00080004 00001004 00080004 00001004 00000000 00000000 00000000 13C       13D     PC         B+1      PC
 PC = 00000037
F(00000036) = 00
  139: 00000037  00 00080004 00001004 00080004 00001004 00000000 00000000 00000000 13D       13E F   MBRU SL8   H or B   H
  H = 00000000
  140: 00000037  00 00080004 00001004 00080004 00001004 00000000 00000000 00000000 13E       13F     PC         B+1      PC
 PC = 00000038
F(00000037) = 00
  141: 00000038  00 00080004 00001004 00080004 00001004 00000000 00000000 00000000 13F       140 F   MBRU SL8   H or B   H
  H = 00000000
  142: 00000038  00 00080004 00001004 00080004 00001004 00000000 00000000 00000000 140       141     PC         B+1      PC
 PC = 00000039
F(00000038) = 06
  143: 00000039  06 00080004 00001004 00080004 00001004 00000000 00000000 00000000 141       142 F   MBRU       H or B   T1
 T1 = 00000006
  144: 00000039  06 00080004 00001004 00080004 00001004 00000000 00000000 00000000 142       100                SVC# 6  
F(00000039) = 04
====================================================================================
    TOS0     TOS1     TOS2     TOS3        SP       PC Assembly instruction
00001004 00000000                    00080004 00000039                 DISCARD  #1
====================================================================================
  145: 00000039  04 00080004 00001004 00080004 00001004 00000000 00000000 00000000 100 C     000 F   PC         B+1      PC
 PC = 0000003A
  146: 0000003A  04 00080004 00001004 00080004 00001004 00000000 00000000 00000000 004       0A8     PC         B+1      PC
 PC = 0000003B
F(0000003A) = 00
  147: 0000003B  00 00080004 00001004 00080004 00001004 00000000 00000000 00000000 0A8       0A9 F   MBRU SL8   B        H
  H = 00000000
  148: 0000003B  00 00080004 00001004 00080004 00001004 00000000 00000000 00000000 0A9       0AA     PC         B+1      PC
 PC = 0000003C
F(0000003B) = 00
  149: 0000003C  00 00080004 00001004 00080004 00001004 00000000 00000000 00000000 0AA       0AB F   MBRU SL8   H or B   H
  H = 00000000

Cycle        PC MBR      MAR      MDR       SP      TOS       LV      CPP   OPC/T0 MPC  JAM Next Mem BBus Shift ALU      CBus
------ -------- --- -------- -------- -------- -------- -------- -------- -------- --- ---- ---- --- ---- ----- -------- ----
  150: 0000003C  00 00080004 00001004 00080004 00001004 00000000 00000000 00000000 0AB       0AC     PC         B+1      PC
 PC = 0000003D
F(0000003C) = 00
  151: 0000003D  00 00080004 00001004 00080004 00001004 00000000 00000000 00000000 0AC       0AD F   MBRU SL8   H or B   H
  H = 00000000
  152: 0000003D  00 00080004 00001004 00080004 00001004 00000000 00000000 00000000 0AD       0AE     PC         B+1      PC
 PC = 0000003E
F(0000003D) = 01
  153: 0000003E  01 00080004 00001004 00080004 00001004 00000000 00000000 00000000 0AE       143     MBRU       H or B   T1
 T1 = 00000001
  154: 0000003E  01 00080004 00001004 00080004 00001004 00000000 00000000 00000000 143       0AF     SP         B-4      SP
 SP = 00080000
  155: 0000003E  01 00080004 00001004 00080000 00001004 00000000 00000000 00000000 0AF       0B0     T1         B-1      T1
 T1 = 00000000
  156: 0000003E  01 00080004 00001004 00080000 00001004 00000000 00000000 00000000 0B0  N P  043     T1         B       
  157: 0000003E  01 00080004 00001004 00080000 00001004 00000000 00000000 00000000 043       0B1 FR  SP         B        MAR
MAR = 00080000
  158: 0000003E  01 00080000 00001004 00080000 00001004 00000000 00000000 00000000 0B1       0B2                0       
F(0000003E) = 3F
R(00080000) = 00000000
  159: 0000003E  3F 00080000 00000000 00080000 00001004 00000000 00000000 00000000 0B2       100     MDR        B        TOS
TOS = 00000000
====================================================================================
    TOS0     TOS1     TOS2     TOS3        SP       PC Assembly instruction
00000000                             00080000 0000003E                 SVC      #3
====================================================================================
  160: 0000003E  3F 00080000 00000000 00080000 00000000 00000000 00000000 00000000 100 C     000 F   PC         B+1      PC
 PC = 0000003F
  161: 0000003F  3F 00080000 00000000 00080000 00000000 00000000 00000000 00000000 03F       13B     PC         B+1      PC
 PC = 00000040
F(0000003F) = 00
  162: 00000040  00 00080000 00000000 00080000 00000000 00000000 00000000 00000000 13B       13C F   MBRU SL8   B        H
  H = 00000000
  163: 00000040  00 00080000 00000000 00080000 00000000 00000000 00000000 00000000 13C       13D     PC         B+1      PC
 PC = 00000041
F(00000040) = 00
  164: 00000041  00 00080000 00000000 00080000 00000000 00000000 00000000 00000000 13D       13E F   MBRU SL8   H or B   H
  H = 00000000

Cycle        PC MBR      MAR      MDR       SP      TOS       LV      CPP   OPC/T0 MPC  JAM Next Mem BBus Shift ALU      CBus
------ -------- --- -------- -------- -------- -------- -------- -------- -------- --- ---- ---- --- ---- ----- -------- ----
  165: 00000041  00 00080000 00000000 00080000 00000000 00000000 00000000 00000000 13E       13F     PC         B+1      PC
 PC = 00000042
F(00000041) = 00
  166: 00000042  00 00080000 00000000 00080000 00000000 00000000 00000000 00000000 13F       140 F   MBRU SL8   H or B   H
  H = 00000000
  167: 00000042  00 00080000 00000000 00080000 00000000 00000000 00000000 00000000 140       141     PC         B+1      PC
 PC = 00000043
F(00000042) = 03
  168: 00000043  03 00080000 00000000 00080000 00000000 00000000 00000000 00000000 141       142 F   MBRU       H or B   T1
 T1 = 00000003
  169: 00000043  03 00080000 00000000 00080000 00000000 00000000 00000000 00000000 142       100                SVC# 3  
F(00000043) = 04
====================================================================================
    TOS0     TOS1     TOS2     TOS3        SP       PC Assembly instruction
00000000                             00080000 00000043                 DISCARD  #1
====================================================================================
  170: 00000043  04 00080000 00000000 00080000 00000000 00000000 00000000 00000000 100 C     000 F   PC         B+1      PC
 PC = 00000044
  171: 00000044  04 00080000 00000000 00080000 00000000 00000000 00000000 00000000 004       0A8     PC         B+1      PC
 PC = 00000045
F(00000044) = 00
  172: 00000045  00 00080000 00000000 00080000 00000000 00000000 00000000 00000000 0A8       0A9 F   MBRU SL8   B        H
  H = 00000000
  173: 00000045  00 00080000 00000000 00080000 00000000 00000000 00000000 00000000 0A9       0AA     PC         B+1      PC
 PC = 00000046
F(00000045) = 00
  174: 00000046  00 00080000 00000000 00080000 00000000 00000000 00000000 00000000 0AA       0AB F   MBRU SL8   H or B   H
  H = 00000000
  175: 00000046  00 00080000 00000000 00080000 00000000 00000000 00000000 00000000 0AB       0AC     PC         B+1      PC
 PC = 00000047
F(00000046) = 00
  176: 00000047  00 00080000 00000000 00080000 00000000 00000000 00000000 00000000 0AC       0AD F   MBRU SL8   H or B   H
  H = 00000000
  177: 00000047  00 00080000 00000000 00080000 00000000 00000000 00000000 00000000 0AD       0AE     PC         B+1      PC
 PC = 00000048
F(00000047) = 01
  178: 00000048  01 00080000 00000000 00080000 00000000 00000000 00000000 00000000 0AE       143     MBRU       H or B   T1
 T1 = 00000001
  179: 00000048  01 00080000 00000000 00080000 00000000 00000000 00000000 00000000 143       0AF     SP         B-4      SP
 SP = 0007FFFC

Cycle        PC MBR      MAR      MDR       SP      TOS       LV      CPP   OPC/T0 MPC  JAM Next Mem BBus Shift ALU      CBus
------ -------- --- -------- -------- -------- -------- -------- -------- -------- --- ---- ---- --- ---- ----- -------- ----
  180: 00000048  01 00080000 00000000 0007FFFC 00000000 00000000 00000000 00000000 0AF       0B0     T1         B-1      T1
 T1 = 00000000
  181: 00000048  01 00080000 00000000 0007FFFC 00000000 00000000 00000000 00000000 0B0  N P  043     T1         B       
  182: 00000048  01 00080000 00000000 0007FFFC 00000000 00000000 00000000 00000000 043       0B1 FR  SP         B        MAR
MAR = 0007FFFC
  183: 00000048  01 0007FFFC 00000000 0007FFFC 00000000 00000000 00000000 00000000 0B1       0B2                0       
F(00000048) = 3F
R(0007FFFC) = A40F9324
  184: 00000048  3F 0007FFFC A40F9324 0007FFFC 00000000 00000000 00000000 00000000 0B2       100     MDR        B        TOS
TOS = A40F9324
====================================================================================
    TOS0     TOS1     TOS2     TOS3        SP       PC Assembly instruction
 (empty)                             0007FFFC 00000048                 SVC      #7
====================================================================================
  185: 00000048  3F 0007FFFC A40F9324 0007FFFC A40F9324 00000000 00000000 00000000 100 C     000 F   PC         B+1      PC
 PC = 00000049
  186: 00000049  3F 0007FFFC A40F9324 0007FFFC A40F9324 00000000 00000000 00000000 03F       13B     PC         B+1      PC
 PC = 0000004A
F(00000049) = 00
  187: 0000004A  00 0007FFFC A40F9324 0007FFFC A40F9324 00000000 00000000 00000000 13B       13C F   MBRU SL8   B        H
  H = 00000000
  188: 0000004A  00 0007FFFC A40F9324 0007FFFC A40F9324 00000000 00000000 00000000 13C       13D     PC         B+1      PC
 PC = 0000004B
F(0000004A) = 00
  189: 0000004B  00 0007FFFC A40F9324 0007FFFC A40F9324 00000000 00000000 00000000 13D       13E F   MBRU SL8   H or B   H
  H = 00000000
  190: 0000004B  00 0007FFFC A40F9324 0007FFFC A40F9324 00000000 00000000 00000000 13E       13F     PC         B+1      PC
 PC = 0000004C
F(0000004B) = 00
  191: 0000004C  00 0007FFFC A40F9324 0007FFFC A40F9324 00000000 00000000 00000000 13F       140 F   MBRU SL8   H or B   H
  H = 00000000
  192: 0000004C  00 0007FFFC A40F9324 0007FFFC A40F9324 00000000 00000000 00000000 140       141     PC         B+1      PC
 PC = 0000004D
F(0000004C) = 07
  193: 0000004D  07 0007FFFC A40F9324 0007FFFC A40F9324 00000000 00000000 00000000 141       142 F   MBRU       H or B   T1
 T1 = 00000007
  194: 0000004D  07 0007FFFC A40F9324 0007FFFC A40F9324 00000000 00000000 00000000 142       100                SVC# 7  
**********
x+7 = 0
**********
F(0000004D) = 30
====================================================================================
    TOS0     TOS1     TOS2     TOS3        SP       PC Assembly instruction
 (empty)                             0007FFFC 0000004D                 JMP      JMPForFun
====================================================================================

Cycle        PC MBR      MAR      MDR       SP      TOS       LV      CPP   OPC/T0 MPC  JAM Next Mem BBus Shift ALU      CBus
------ -------- --- -------- -------- -------- -------- -------- -------- -------- --- ---- ---- --- ---- ----- -------- ----
  195: 0000004D  30 0007FFFC A40F9324 0007FFFC A40F9324 00000000 00000000 00000000 100 C     000 F   PC         B+1      PC
 PC = 0000004E
  196: 0000004E  30 0007FFFC A40F9324 0007FFFC A40F9324 00000000 00000000 00000000 030       0F1     PC         B+1      PC
 PC = 0000004F
F(0000004E) = 00
  197: 0000004F  00 0007FFFC A40F9324 0007FFFC A40F9324 00000000 00000000 00000000 0F1       0F2 F   MBRU SL8   B        H
  H = 00000000
  198: 0000004F  00 0007FFFC A40F9324 0007FFFC A40F9324 00000000 00000000 00000000 0F2       0F3     PC         B+1      PC
 PC = 00000050
F(0000004F) = 00
  199: 00000050  00 0007FFFC A40F9324 0007FFFC A40F9324 00000000 00000000 00000000 0F3       0F4 F   MBRU SL8   H or B   H
  H = 00000000
  200: 00000050  00 0007FFFC A40F9324 0007FFFC A40F9324 00000000 00000000 00000000 0F4       0F5     PC         B+1      PC
 PC = 00000051
F(00000050) = 00
  201: 00000051  00 0007FFFC A40F9324 0007FFFC A40F9324 00000000 00000000 00000000 0F5       0F6 F   MBRU SL8   H or B   H
  H = 00000000
  202: 00000051  00 0007FFFC A40F9324 0007FFFC A40F9324 00000000 00000000 00000000 0F6       0F7                0       
F(00000051) = 7D
  203: 00000051  7D 0007FFFC A40F9324 0007FFFC A40F9324 00000000 00000000 00000000 0F7       0F8 F   MBRU       H or B   PC
 PC = 0000007D
  204: 0000007D  7D 0007FFFC A40F9324 0007FFFC A40F9324 00000000 00000000 00000000 0F8       100                0       
F(0000007D) = 30
====================================================================================
    TOS0     TOS1     TOS2     TOS3        SP       PC Assembly instruction
 (empty)                             0007FFFC 0000007D JMPForFun       JMP      result2
====================================================================================
  205: 0000007D  30 0007FFFC A40F9324 0007FFFC A40F9324 00000000 00000000 00000000 100 C     000 F   PC         B+1      PC
 PC = 0000007E
  206: 0000007E  30 0007FFFC A40F9324 0007FFFC A40F9324 00000000 00000000 00000000 030       0F1     PC         B+1      PC
 PC = 0000007F
F(0000007E) = 00
  207: 0000007F  00 0007FFFC A40F9324 0007FFFC A40F9324 00000000 00000000 00000000 0F1       0F2 F   MBRU SL8   B        H
  H = 00000000
  208: 0000007F  00 0007FFFC A40F9324 0007FFFC A40F9324 00000000 00000000 00000000 0F2       0F3     PC         B+1      PC
 PC = 00000080
F(0000007F) = 00
  209: 00000080  00 0007FFFC A40F9324 0007FFFC A40F9324 00000000 00000000 00000000 0F3       0F4 F   MBRU SL8   H or B   H
  H = 00000000

Cycle        PC MBR      MAR      MDR       SP      TOS       LV      CPP   OPC/T0 MPC  JAM Next Mem BBus Shift ALU      CBus
------ -------- --- -------- -------- -------- -------- -------- -------- -------- --- ---- ---- --- ---- ----- -------- ----
  210: 00000080  00 0007FFFC A40F9324 0007FFFC A40F9324 00000000 00000000 00000000 0F4       0F5     PC         B+1      PC
 PC = 00000081
F(00000080) = 00
  211: 00000081  00 0007FFFC A40F9324 0007FFFC A40F9324 00000000 00000000 00000000 0F5       0F6 F   MBRU SL8   H or B   H
  H = 00000000
  212: 00000081  00 0007FFFC A40F9324 0007FFFC A40F9324 00000000 00000000 00000000 0F6       0F7                0       
F(00000081) = 52
  213: 00000081  52 0007FFFC A40F9324 0007FFFC A40F9324 00000000 00000000 00000000 0F7       0F8 F   MBRU       H or B   PC
 PC = 00000052
  214: 00000052  52 0007FFFC A40F9324 0007FFFC A40F9324 00000000 00000000 00000000 0F8       100                0       
F(00000052) = 02
====================================================================================
    TOS0     TOS1     TOS2     TOS3        SP       PC Assembly instruction
 (empty)                             0007FFFC 00000052 result2         PUSHA    xResult2
====================================================================================
  215: 00000052  02 0007FFFC A40F9324 0007FFFC A40F9324 00000000 00000000 00000000 100 C     000 F   PC         B+1      PC
 PC = 00000053
  216: 00000053  02 0007FFFC A40F9324 0007FFFC A40F9324 00000000 00000000 00000000 002       07F     PC         B+1      PC
 PC = 00000054
F(00000053) = 00
  217: 00000054  00 0007FFFC A40F9324 0007FFFC A40F9324 00000000 00000000 00000000 07F       080 F   MBRU SL8   B        H
  H = 00000000
  218: 00000054  00 0007FFFC A40F9324 0007FFFC A40F9324 00000000 00000000 00000000 080       081     PC         B+1      PC
 PC = 00000055
F(00000054) = 00
  219: 00000055  00 0007FFFC A40F9324 0007FFFC A40F9324 00000000 00000000 00000000 081       082 F   MBRU SL8   H or B   H
  H = 00000000
  220: 00000055  00 0007FFFC A40F9324 0007FFFC A40F9324 00000000 00000000 00000000 082       083     PC         B+1      PC
 PC = 00000056
F(00000055) = 10
  221: 00000056  10 0007FFFC A40F9324 0007FFFC A40F9324 00000000 00000000 00000000 083       084 F   MBRU SL8   H or B   H
  H = 00001000
  222: 00000056  10 0007FFFC A40F9324 0007FFFC A40F9324 00000000 00000000 00000000 084       085     PC         B+1      PC
 PC = 00000057
F(00000056) = 0B
  223: 00000057  0B 0007FFFC A40F9324 0007FFFC A40F9324 00000000 00000000 00000000 085       086 F   MBRU       H or B   H
  H = 0000100B
  224: 00000057  0B 0007FFFC A40F9324 0007FFFC A40F9324 00000000 00000000 00000000 086       087     PC         B+1      PC
 PC = 00000058
F(00000057) = 01

Cycle        PC MBR      MAR      MDR       SP      TOS       LV      CPP   OPC/T0 MPC  JAM Next Mem BBus Shift ALU      CBus
------ -------- --- -------- -------- -------- -------- -------- -------- -------- --- ---- ---- --- ---- ----- -------- ----
  225: 00000058  01 0007FFFC A40F9324 0007FFFC A40F9324 00000000 00000000 00000000 087 C     050                0       
  226: 00000058  01 0007FFFC A40F9324 0007FFFC A40F9324 00000000 00000000 00000000 051       08C                H        TOS
TOS = 0000100B
  227: 00000058  01 0007FFFC A40F9324 0007FFFC 0000100B 00000000 00000000 00000000 08C       08D     TOS        B        MDR
MDR = 0000100B
  228: 00000058  01 0007FFFC 0000100B 0007FFFC 0000100B 00000000 00000000 00000000 08D       08E F W SP         B+4      SP MAR
 SP = 00080000
MAR = 00080000
  229: 00000058  01 00080000 0000100B 00080000 0000100B 00000000 00000000 00000000 08E       100                0       
F(00000058) = 3F
W(00080000) = 0000100B
====================================================================================
    TOS0     TOS1     TOS2     TOS3        SP       PC Assembly instruction
0000100B                             00080000 00000058                 SVC      #6
====================================================================================
  230: 00000058  3F 00080000 0000100B 00080000 0000100B 00000000 00000000 00000000 100 C     000 F   PC         B+1      PC
 PC = 00000059
  231: 00000059  3F 00080000 0000100B 00080000 0000100B 00000000 00000000 00000000 03F       13B     PC         B+1      PC
 PC = 0000005A
F(00000059) = 00
  232: 0000005A  00 00080000 0000100B 00080000 0000100B 00000000 00000000 00000000 13B       13C F   MBRU SL8   B        H
  H = 00000000
  233: 0000005A  00 00080000 0000100B 00080000 0000100B 00000000 00000000 00000000 13C       13D     PC         B+1      PC
 PC = 0000005B
F(0000005A) = 00
  234: 0000005B  00 00080000 0000100B 00080000 0000100B 00000000 00000000 00000000 13D       13E F   MBRU SL8   H or B   H
  H = 00000000
  235: 0000005B  00 00080000 0000100B 00080000 0000100B 00000000 00000000 00000000 13E       13F     PC         B+1      PC
 PC = 0000005C
F(0000005B) = 00
  236: 0000005C  00 00080000 0000100B 00080000 0000100B 00000000 00000000 00000000 13F       140 F   MBRU SL8   H or B   H
  H = 00000000
  237: 0000005C  00 00080000 0000100B 00080000 0000100B 00000000 00000000 00000000 140       141     PC         B+1      PC
 PC = 0000005D
F(0000005C) = 06
  238: 0000005D  06 00080000 0000100B 00080000 0000100B 00000000 00000000 00000000 141       142 F   MBRU       H or B   T1
 T1 = 00000006
  239: 0000005D  06 00080000 0000100B 00080000 0000100B 00000000 00000000 00000000 142       100                SVC# 6  
F(0000005D) = 04
====================================================================================
    TOS0     TOS1     TOS2     TOS3        SP       PC Assembly instruction
0000100B                             00080000 0000005D                 DISCARD  #1
====================================================================================

Cycle        PC MBR      MAR      MDR       SP      TOS       LV      CPP   OPC/T0 MPC  JAM Next Mem BBus Shift ALU      CBus
------ -------- --- -------- -------- -------- -------- -------- -------- -------- --- ---- ---- --- ---- ----- -------- ----
  240: 0000005D  04 00080000 0000100B 00080000 0000100B 00000000 00000000 00000000 100 C     000 F   PC         B+1      PC
 PC = 0000005E
  241: 0000005E  04 00080000 0000100B 00080000 0000100B 00000000 00000000 00000000 004       0A8     PC         B+1      PC
 PC = 0000005F
F(0000005E) = 00
  242: 0000005F  00 00080000 0000100B 00080000 0000100B 00000000 00000000 00000000 0A8       0A9 F   MBRU SL8   B        H
  H = 00000000
  243: 0000005F  00 00080000 0000100B 00080000 0000100B 00000000 00000000 00000000 0A9       0AA     PC         B+1      PC
 PC = 00000060
F(0000005F) = 00
  244: 00000060  00 00080000 0000100B 00080000 0000100B 00000000 00000000 00000000 0AA       0AB F   MBRU SL8   H or B   H
  H = 00000000
  245: 00000060  00 00080000 0000100B 00080000 0000100B 00000000 00000000 00000000 0AB       0AC     PC         B+1      PC
 PC = 00000061
F(00000060) = 00
  246: 00000061  00 00080000 0000100B 00080000 0000100B 00000000 00000000 00000000 0AC       0AD F   MBRU SL8   H or B   H
  H = 00000000
  247: 00000061  00 00080000 0000100B 00080000 0000100B 00000000 00000000 00000000 0AD       0AE     PC         B+1      PC
 PC = 00000062
F(00000061) = 01
  248: 00000062  01 00080000 0000100B 00080000 0000100B 00000000 00000000 00000000 0AE       143     MBRU       H or B   T1
 T1 = 00000001
  249: 00000062  01 00080000 0000100B 00080000 0000100B 00000000 00000000 00000000 143       0AF     SP         B-4      SP
 SP = 0007FFFC
  250: 00000062  01 00080000 0000100B 0007FFFC 0000100B 00000000 00000000 00000000 0AF       0B0     T1         B-1      T1
 T1 = 00000000
  251: 00000062  01 00080000 0000100B 0007FFFC 0000100B 00000000 00000000 00000000 0B0  N P  043     T1         B       
  252: 00000062  01 00080000 0000100B 0007FFFC 0000100B 00000000 00000000 00000000 043       0B1 FR  SP         B        MAR
MAR = 0007FFFC
  253: 00000062  01 0007FFFC 0000100B 0007FFFC 0000100B 00000000 00000000 00000000 0B1       0B2                0       
F(00000062) = 01
R(0007FFFC) = A40F9324
  254: 00000062  01 0007FFFC A40F9324 0007FFFC 0000100B 00000000 00000000 00000000 0B2       100     MDR        B        TOS
TOS = A40F9324
====================================================================================
    TOS0     TOS1     TOS2     TOS3        SP       PC Assembly instruction
 (empty)                             0007FFFC 00000062                 PUSH     x
====================================================================================

Cycle        PC MBR      MAR      MDR       SP      TOS       LV      CPP   OPC/T0 MPC  JAM Next Mem BBus Shift ALU      CBus
------ -------- --- -------- -------- -------- -------- -------- -------- -------- --- ---- ---- --- ---- ----- -------- ----
  255: 00000062  01 0007FFFC A40F9324 0007FFFC A40F9324 00000000 00000000 00000000 100 C     000 F   PC         B+1      PC
 PC = 00000063
  256: 00000063  01 0007FFFC A40F9324 0007FFFC A40F9324 00000000 00000000 00000000 001       047     PC         B+1      PC
 PC = 00000064
F(00000063) = 00
  257: 00000064  00 0007FFFC A40F9324 0007FFFC A40F9324 00000000 00000000 00000000 047       048 F   MBRU SL8   B        H
  H = 00000000
  258: 00000064  00 0007FFFC A40F9324 0007FFFC A40F9324 00000000 00000000 00000000 048       04B     PC         B+1      PC
 PC = 00000065
F(00000064) = 00
  259: 00000065  00 0007FFFC A40F9324 0007FFFC A40F9324 00000000 00000000 00000000 04B       04C F   MBRU SL8   H or B   H
  H = 00000000
  260: 00000065  00 0007FFFC A40F9324 0007FFFC A40F9324 00000000 00000000 00000000 04C       04F     PC         B+1      PC
 PC = 00000066
F(00000065) = 10
  261: 00000066  10 0007FFFC A40F9324 0007FFFC A40F9324 00000000 00000000 00000000 04F       053 F   MBRU SL8   H or B   H
  H = 00001000
  262: 00000066  10 0007FFFC A40F9324 0007FFFC A40F9324 00000000 00000000 00000000 053       054     PC         B+1      PC
 PC = 00000067
F(00000066) = 1F
  263: 00000067  1F 0007FFFC A40F9324 0007FFFC A40F9324 00000000 00000000 00000000 054       057 F   MBRU       H or B   H
  H = 0000101F
  264: 00000067  1F 0007FFFC A40F9324 0007FFFC A40F9324 00000000 00000000 00000000 057       058     PC         B+1      PC
 PC = 00000068
F(00000067) = 01
  265: 00000068  01 0007FFFC A40F9324 0007FFFC A40F9324 00000000 00000000 00000000 058 C     040                0       
  266: 00000068  01 0007FFFC A40F9324 0007FFFC A40F9324 00000000 00000000 00000000 041       05B  R             H        MAR
MAR = 0000101F
  267: 00000068  01 0000101F A40F9324 0007FFFC A40F9324 00000000 00000000 00000000 05B       05C                0       
R(0000101F) = FFFFFFF9
  268: 00000068  01 0000101F FFFFFFF9 0007FFFC A40F9324 00000000 00000000 00000000 05C       07C     MDR        B        TOS
TOS = FFFFFFF9
  269: 00000068  01 0000101F FFFFFFF9 0007FFFC FFFFFFF9 00000000 00000000 00000000 07C       07D     TOS        B        MDR
MDR = FFFFFFF9

Cycle        PC MBR      MAR      MDR       SP      TOS       LV      CPP   OPC/T0 MPC  JAM Next Mem BBus Shift ALU      CBus
------ -------- --- -------- -------- -------- -------- -------- -------- -------- --- ---- ---- --- ---- ----- -------- ----
  270: 00000068  01 0000101F FFFFFFF9 0007FFFC FFFFFFF9 00000000 00000000 00000000 07D       07E F W SP         B+4      SP MAR
 SP = 00080000
MAR = 00080000
  271: 00000068  01 00080000 FFFFFFF9 00080000 FFFFFFF9 00000000 00000000 00000000 07E       100                0       
F(00000068) = 18
W(00080000) = FFFFFFF9
====================================================================================
    TOS0     TOS1     TOS2     TOS3        SP       PC Assembly instruction
FFFFFFF9                             00080000 00000068                 SRA1     
====================================================================================
  272: 00000068  18 00080000 FFFFFFF9 00080000 FFFFFFF9 00000000 00000000 00000000 100 C     000 F   PC         B+1      PC
 PC = 00000069
  273: 00000069  18 00080000 FFFFFFF9 00080000 FFFFFFF9 00000000 00000000 00000000 018       0ED     TOS  SRA1  B        TOS MDR
TOS = FFFFFFFC
MDR = FFFFFFFC
F(00000069) = 3F
  274: 00000069  3F 00080000 FFFFFFFC 00080000 FFFFFFFC 00000000 00000000 00000000 0ED       0EE   W SP         B        MAR
MAR = 00080000
  275: 00000069  3F 00080000 FFFFFFFC 00080000 FFFFFFFC 00000000 00000000 00000000 0EE       100                0       
W(00080000) = FFFFFFFC
====================================================================================
    TOS0     TOS1     TOS2     TOS3        SP       PC Assembly instruction
FFFFFFFC                             00080000 00000069                 SVC      #3
====================================================================================
  276: 00000069  3F 00080000 FFFFFFFC 00080000 FFFFFFFC 00000000 00000000 00000000 100 C     000 F   PC         B+1      PC
 PC = 0000006A
  277: 0000006A  3F 00080000 FFFFFFFC 00080000 FFFFFFFC 00000000 00000000 00000000 03F       13B     PC         B+1      PC
 PC = 0000006B
F(0000006A) = 00
  278: 0000006B  00 00080000 FFFFFFFC 00080000 FFFFFFFC 00000000 00000000 00000000 13B       13C F   MBRU SL8   B        H
  H = 00000000
  279: 0000006B  00 00080000 FFFFFFFC 00080000 FFFFFFFC 00000000 00000000 00000000 13C       13D     PC         B+1      PC
 PC = 0000006C
F(0000006B) = 00
  280: 0000006C  00 00080000 FFFFFFFC 00080000 FFFFFFFC 00000000 00000000 00000000 13D       13E F   MBRU SL8   H or B   H
  H = 00000000
  281: 0000006C  00 00080000 FFFFFFFC 00080000 FFFFFFFC 00000000 00000000 00000000 13E       13F     PC         B+1      PC
 PC = 0000006D
F(0000006C) = 00
  282: 0000006D  00 00080000 FFFFFFFC 00080000 FFFFFFFC 00000000 00000000 00000000 13F       140 F   MBRU SL8   H or B   H
  H = 00000000
  283: 0000006D  00 00080000 FFFFFFFC 00080000 FFFFFFFC 00000000 00000000 00000000 140       141     PC         B+1      PC
 PC = 0000006E
F(0000006D) = 03
  284: 0000006E  03 00080000 FFFFFFFC 00080000 FFFFFFFC 00000000 00000000 00000000 141       142 F   MBRU       H or B   T1
 T1 = 00000003

Cycle        PC MBR      MAR      MDR       SP      TOS       LV      CPP   OPC/T0 MPC  JAM Next Mem BBus Shift ALU      CBus
------ -------- --- -------- -------- -------- -------- -------- -------- -------- --- ---- ---- --- ---- ----- -------- ----
  285: 0000006E  03 00080000 FFFFFFFC 00080000 FFFFFFFC 00000000 00000000 00000000 142       100                SVC# 3  
F(0000006E) = 04
====================================================================================
    TOS0     TOS1     TOS2     TOS3        SP       PC Assembly instruction
FFFFFFFC                             00080000 0000006E                 DISCARD  #1
====================================================================================
  286: 0000006E  04 00080000 FFFFFFFC 00080000 FFFFFFFC 00000000 00000000 00000000 100 C     000 F   PC         B+1      PC
 PC = 0000006F
  287: 0000006F  04 00080000 FFFFFFFC 00080000 FFFFFFFC 00000000 00000000 00000000 004       0A8     PC         B+1      PC
 PC = 00000070
F(0000006F) = 00
  288: 00000070  00 00080000 FFFFFFFC 00080000 FFFFFFFC 00000000 00000000 00000000 0A8       0A9 F   MBRU SL8   B        H
  H = 00000000
  289: 00000070  00 00080000 FFFFFFFC 00080000 FFFFFFFC 00000000 00000000 00000000 0A9       0AA     PC         B+1      PC
 PC = 00000071
F(00000070) = 00
  290: 00000071  00 00080000 FFFFFFFC 00080000 FFFFFFFC 00000000 00000000 00000000 0AA       0AB F   MBRU SL8   H or B   H
  H = 00000000
  291: 00000071  00 00080000 FFFFFFFC 00080000 FFFFFFFC 00000000 00000000 00000000 0AB       0AC     PC         B+1      PC
 PC = 00000072
F(00000071) = 00
  292: 00000072  00 00080000 FFFFFFFC 00080000 FFFFFFFC 00000000 00000000 00000000 0AC       0AD F   MBRU SL8   H or B   H
  H = 00000000
  293: 00000072  00 00080000 FFFFFFFC 00080000 FFFFFFFC 00000000 00000000 00000000 0AD       0AE     PC         B+1      PC
 PC = 00000073
F(00000072) = 01
  294: 00000073  01 00080000 FFFFFFFC 00080000 FFFFFFFC 00000000 00000000 00000000 0AE       143     MBRU       H or B   T1
 T1 = 00000001
  295: 00000073  01 00080000 FFFFFFFC 00080000 FFFFFFFC 00000000 00000000 00000000 143       0AF     SP         B-4      SP
 SP = 0007FFFC
  296: 00000073  01 00080000 FFFFFFFC 0007FFFC FFFFFFFC 00000000 00000000 00000000 0AF       0B0     T1         B-1      T1
 T1 = 00000000
  297: 00000073  01 00080000 FFFFFFFC 0007FFFC FFFFFFFC 00000000 00000000 00000000 0B0  N P  043     T1         B       
  298: 00000073  01 00080000 FFFFFFFC 0007FFFC FFFFFFFC 00000000 00000000 00000000 043       0B1 FR  SP         B        MAR
MAR = 0007FFFC
  299: 00000073  01 0007FFFC FFFFFFFC 0007FFFC FFFFFFFC 00000000 00000000 00000000 0B1       0B2                0       
F(00000073) = 3F
R(0007FFFC) = A40F9324

Cycle        PC MBR      MAR      MDR       SP      TOS       LV      CPP   OPC/T0 MPC  JAM Next Mem BBus Shift ALU      CBus
------ -------- --- -------- -------- -------- -------- -------- -------- -------- --- ---- ---- --- ---- ----- -------- ----
  300: 00000073  3F 0007FFFC A40F9324 0007FFFC FFFFFFFC 00000000 00000000 00000000 0B2       100     MDR        B        TOS
TOS = A40F9324
====================================================================================
    TOS0     TOS1     TOS2     TOS3        SP       PC Assembly instruction
 (empty)                             0007FFFC 00000073                 SVC      #7
====================================================================================
  301: 00000073  3F 0007FFFC A40F9324 0007FFFC A40F9324 00000000 00000000 00000000 100 C     000 F   PC         B+1      PC
 PC = 00000074
  302: 00000074  3F 0007FFFC A40F9324 0007FFFC A40F9324 00000000 00000000 00000000 03F       13B     PC         B+1      PC
 PC = 00000075
F(00000074) = 00
  303: 00000075  00 0007FFFC A40F9324 0007FFFC A40F9324 00000000 00000000 00000000 13B       13C F   MBRU SL8   B        H
  H = 00000000
  304: 00000075  00 0007FFFC A40F9324 0007FFFC A40F9324 00000000 00000000 00000000 13C       13D     PC         B+1      PC
 PC = 00000076
F(00000075) = 00
  305: 00000076  00 0007FFFC A40F9324 0007FFFC A40F9324 00000000 00000000 00000000 13D       13E F   MBRU SL8   H or B   H
  H = 00000000
  306: 00000076  00 0007FFFC A40F9324 0007FFFC A40F9324 00000000 00000000 00000000 13E       13F     PC         B+1      PC
 PC = 00000077
F(00000076) = 00
  307: 00000077  00 0007FFFC A40F9324 0007FFFC A40F9324 00000000 00000000 00000000 13F       140 F   MBRU SL8   H or B   H
  H = 00000000
  308: 00000077  00 0007FFFC A40F9324 0007FFFC A40F9324 00000000 00000000 00000000 140       141     PC         B+1      PC
 PC = 00000078
F(00000077) = 07
  309: 00000078  07 0007FFFC A40F9324 0007FFFC A40F9324 00000000 00000000 00000000 141       142 F   MBRU       H or B   T1
 T1 = 00000007
  310: 00000078  07 0007FFFC A40F9324 0007FFFC A40F9324 00000000 00000000 00000000 142       100                SVC# 7  
**********
x >> 1 = -4
**********
F(00000078) = 30
====================================================================================
    TOS0     TOS1     TOS2     TOS3        SP       PC Assembly instruction
 (empty)                             0007FFFC 00000078                 JMP      result3
====================================================================================
  311: 00000078  30 0007FFFC A40F9324 0007FFFC A40F9324 00000000 00000000 00000000 100 C     000 F   PC         B+1      PC
 PC = 00000079
  312: 00000079  30 0007FFFC A40F9324 0007FFFC A40F9324 00000000 00000000 00000000 030       0F1     PC         B+1      PC
 PC = 0000007A
F(00000079) = 00
  313: 0000007A  00 0007FFFC A40F9324 0007FFFC A40F9324 00000000 00000000 00000000 0F1       0F2 F   MBRU SL8   B        H
  H = 00000000
  314: 0000007A  00 0007FFFC A40F9324 0007FFFC A40F9324 00000000 00000000 00000000 0F2       0F3     PC         B+1      PC
 PC = 0000007B
F(0000007A) = 00

Cycle        PC MBR      MAR      MDR       SP      TOS       LV      CPP   OPC/T0 MPC  JAM Next Mem BBus Shift ALU      CBus
------ -------- --- -------- -------- -------- -------- -------- -------- -------- --- ---- ---- --- ---- ----- -------- ----
  315: 0000007B  00 0007FFFC A40F9324 0007FFFC A40F9324 00000000 00000000 00000000 0F3       0F4 F   MBRU SL8   H or B   H
  H = 00000000
  316: 0000007B  00 0007FFFC A40F9324 0007FFFC A40F9324 00000000 00000000 00000000 0F4       0F5     PC         B+1      PC
 PC = 0000007C
F(0000007B) = 00
  317: 0000007C  00 0007FFFC A40F9324 0007FFFC A40F9324 00000000 00000000 00000000 0F5       0F6 F   MBRU SL8   H or B   H
  H = 00000000
  318: 0000007C  00 0007FFFC A40F9324 0007FFFC A40F9324 00000000 00000000 00000000 0F6       0F7                0       
F(0000007C) = 82
  319: 0000007C  82 0007FFFC A40F9324 0007FFFC A40F9324 00000000 00000000 00000000 0F7       0F8 F   MBRU       H or B   PC
 PC = 00000082
  320: 00000082  82 0007FFFC A40F9324 0007FFFC A40F9324 00000000 00000000 00000000 0F8       100                0       
F(00000082) = 02
====================================================================================
    TOS0     TOS1     TOS2     TOS3        SP       PC Assembly instruction
 (empty)                             0007FFFC 00000082 result3         PUSHA    xResult3
====================================================================================
  321: 00000082  02 0007FFFC A40F9324 0007FFFC A40F9324 00000000 00000000 00000000 100 C     000 F   PC         B+1      PC
 PC = 00000083
  322: 00000083  02 0007FFFC A40F9324 0007FFFC A40F9324 00000000 00000000 00000000 002       07F     PC         B+1      PC
 PC = 00000084
F(00000083) = 00
  323: 00000084  00 0007FFFC A40F9324 0007FFFC A40F9324 00000000 00000000 00000000 07F       080 F   MBRU SL8   B        H
  H = 00000000
  324: 00000084  00 0007FFFC A40F9324 0007FFFC A40F9324 00000000 00000000 00000000 080       081     PC         B+1      PC
 PC = 00000085
F(00000084) = 00
  325: 00000085  00 0007FFFC A40F9324 0007FFFC A40F9324 00000000 00000000 00000000 081       082 F   MBRU SL8   H or B   H
  H = 00000000
  326: 00000085  00 0007FFFC A40F9324 0007FFFC A40F9324 00000000 00000000 00000000 082       083     PC         B+1      PC
 PC = 00000086
F(00000085) = 10
  327: 00000086  10 0007FFFC A40F9324 0007FFFC A40F9324 00000000 00000000 00000000 083       084 F   MBRU SL8   H or B   H
  H = 00001000
  328: 00000086  10 0007FFFC A40F9324 0007FFFC A40F9324 00000000 00000000 00000000 084       085     PC         B+1      PC
 PC = 00000087
F(00000086) = 15
  329: 00000087  15 0007FFFC A40F9324 0007FFFC A40F9324 00000000 00000000 00000000 085       086 F   MBRU       H or B   H
  H = 00001015

Cycle        PC MBR      MAR      MDR       SP      TOS       LV      CPP   OPC/T0 MPC  JAM Next Mem BBus Shift ALU      CBus
------ -------- --- -------- -------- -------- -------- -------- -------- -------- --- ---- ---- --- ---- ----- -------- ----
  330: 00000087  15 0007FFFC A40F9324 0007FFFC A40F9324 00000000 00000000 00000000 086       087     PC         B+1      PC
 PC = 00000088
F(00000087) = 01
  331: 00000088  01 0007FFFC A40F9324 0007FFFC A40F9324 00000000 00000000 00000000 087 C     050                0       
  332: 00000088  01 0007FFFC A40F9324 0007FFFC A40F9324 00000000 00000000 00000000 051       08C                H        TOS
TOS = 00001015
  333: 00000088  01 0007FFFC A40F9324 0007FFFC 00001015 00000000 00000000 00000000 08C       08D     TOS        B        MDR
MDR = 00001015
  334: 00000088  01 0007FFFC 00001015 0007FFFC 00001015 00000000 00000000 00000000 08D       08E F W SP         B+4      SP MAR
 SP = 00080000
MAR = 00080000
  335: 00000088  01 00080000 00001015 00080000 00001015 00000000 00000000 00000000 08E       100                0       
F(00000088) = 3F
W(00080000) = 00001015
====================================================================================
    TOS0     TOS1     TOS2     TOS3        SP       PC Assembly instruction
00001015                             00080000 00000088                 SVC      #6
====================================================================================
  336: 00000088  3F 00080000 00001015 00080000 00001015 00000000 00000000 00000000 100 C     000 F   PC         B+1      PC
 PC = 00000089
  337: 00000089  3F 00080000 00001015 00080000 00001015 00000000 00000000 00000000 03F       13B     PC         B+1      PC
 PC = 0000008A
F(00000089) = 00
  338: 0000008A  00 00080000 00001015 00080000 00001015 00000000 00000000 00000000 13B       13C F   MBRU SL8   B        H
  H = 00000000
  339: 0000008A  00 00080000 00001015 00080000 00001015 00000000 00000000 00000000 13C       13D     PC         B+1      PC
 PC = 0000008B
F(0000008A) = 00
  340: 0000008B  00 00080000 00001015 00080000 00001015 00000000 00000000 00000000 13D       13E F   MBRU SL8   H or B   H
  H = 00000000
  341: 0000008B  00 00080000 00001015 00080000 00001015 00000000 00000000 00000000 13E       13F     PC         B+1      PC
 PC = 0000008C
F(0000008B) = 00
  342: 0000008C  00 00080000 00001015 00080000 00001015 00000000 00000000 00000000 13F       140 F   MBRU SL8   H or B   H
  H = 00000000
  343: 0000008C  00 00080000 00001015 00080000 00001015 00000000 00000000 00000000 140       141     PC         B+1      PC
 PC = 0000008D
F(0000008C) = 06
  344: 0000008D  06 00080000 00001015 00080000 00001015 00000000 00000000 00000000 141       142 F   MBRU       H or B   T1
 T1 = 00000006

Cycle        PC MBR      MAR      MDR       SP      TOS       LV      CPP   OPC/T0 MPC  JAM Next Mem BBus Shift ALU      CBus
------ -------- --- -------- -------- -------- -------- -------- -------- -------- --- ---- ---- --- ---- ----- -------- ----
  345: 0000008D  06 00080000 00001015 00080000 00001015 00000000 00000000 00000000 142       100                SVC# 6  
F(0000008D) = 04
====================================================================================
    TOS0     TOS1     TOS2     TOS3        SP       PC Assembly instruction
00001015                             00080000 0000008D                 DISCARD  #1
====================================================================================
  346: 0000008D  04 00080000 00001015 00080000 00001015 00000000 00000000 00000000 100 C     000 F   PC         B+1      PC
 PC = 0000008E
  347: 0000008E  04 00080000 00001015 00080000 00001015 00000000 00000000 00000000 004       0A8     PC         B+1      PC
 PC = 0000008F
F(0000008E) = 00
  348: 0000008F  00 00080000 00001015 00080000 00001015 00000000 00000000 00000000 0A8       0A9 F   MBRU SL8   B        H
  H = 00000000
  349: 0000008F  00 00080000 00001015 00080000 00001015 00000000 00000000 00000000 0A9       0AA     PC         B+1      PC
 PC = 00000090
F(0000008F) = 00
  350: 00000090  00 00080000 00001015 00080000 00001015 00000000 00000000 00000000 0AA       0AB F   MBRU SL8   H or B   H
  H = 00000000
  351: 00000090  00 00080000 00001015 00080000 00001015 00000000 00000000 00000000 0AB       0AC     PC         B+1      PC
 PC = 00000091
F(00000090) = 00
  352: 00000091  00 00080000 00001015 00080000 00001015 00000000 00000000 00000000 0AC       0AD F   MBRU SL8   H or B   H
  H = 00000000
  353: 00000091  00 00080000 00001015 00080000 00001015 00000000 00000000 00000000 0AD       0AE     PC         B+1      PC
 PC = 00000092
F(00000091) = 01
  354: 00000092  01 00080000 00001015 00080000 00001015 00000000 00000000 00000000 0AE       143     MBRU       H or B   T1
 T1 = 00000001
  355: 00000092  01 00080000 00001015 00080000 00001015 00000000 00000000 00000000 143       0AF     SP         B-4      SP
 SP = 0007FFFC
  356: 00000092  01 00080000 00001015 0007FFFC 00001015 00000000 00000000 00000000 0AF       0B0     T1         B-1      T1
 T1 = 00000000
  357: 00000092  01 00080000 00001015 0007FFFC 00001015 00000000 00000000 00000000 0B0  N P  043     T1         B       
  358: 00000092  01 00080000 00001015 0007FFFC 00001015 00000000 00000000 00000000 043       0B1 FR  SP         B        MAR
MAR = 0007FFFC
  359: 00000092  01 0007FFFC 00001015 0007FFFC 00001015 00000000 00000000 00000000 0B1       0B2                0       
F(00000092) = 01
R(0007FFFC) = A40F9324

Cycle        PC MBR      MAR      MDR       SP      TOS       LV      CPP   OPC/T0 MPC  JAM Next Mem BBus Shift ALU      CBus
------ -------- --- -------- -------- -------- -------- -------- -------- -------- --- ---- ---- --- ---- ----- -------- ----
  360: 00000092  01 0007FFFC A40F9324 0007FFFC 00001015 00000000 00000000 00000000 0B2       100     MDR        B        TOS
TOS = A40F9324
====================================================================================
    TOS0     TOS1     TOS2     TOS3        SP       PC Assembly instruction
 (empty)                             0007FFFC 00000092                 PUSH     x
====================================================================================
  361: 00000092  01 0007FFFC A40F9324 0007FFFC A40F9324 00000000 00000000 00000000 100 C     000 F   PC         B+1      PC
 PC = 00000093
  362: 00000093  01 0007FFFC A40F9324 0007FFFC A40F9324 00000000 00000000 00000000 001       047     PC         B+1      PC
 PC = 00000094
F(00000093) = 00
  363: 00000094  00 0007FFFC A40F9324 0007FFFC A40F9324 00000000 00000000 00000000 047       048 F   MBRU SL8   B        H
  H = 00000000
  364: 00000094  00 0007FFFC A40F9324 0007FFFC A40F9324 00000000 00000000 00000000 048       04B     PC         B+1      PC
 PC = 00000095
F(00000094) = 00
  365: 00000095  00 0007FFFC A40F9324 0007FFFC A40F9324 00000000 00000000 00000000 04B       04C F   MBRU SL8   H or B   H
  H = 00000000
  366: 00000095  00 0007FFFC A40F9324 0007FFFC A40F9324 00000000 00000000 00000000 04C       04F     PC         B+1      PC
 PC = 00000096
F(00000095) = 10
  367: 00000096  10 0007FFFC A40F9324 0007FFFC A40F9324 00000000 00000000 00000000 04F       053 F   MBRU SL8   H or B   H
  H = 00001000
  368: 00000096  10 0007FFFC A40F9324 0007FFFC A40F9324 00000000 00000000 00000000 053       054     PC         B+1      PC
 PC = 00000097
F(00000096) = 1F
  369: 00000097  1F 0007FFFC A40F9324 0007FFFC A40F9324 00000000 00000000 00000000 054       057 F   MBRU       H or B   H
  H = 0000101F
  370: 00000097  1F 0007FFFC A40F9324 0007FFFC A40F9324 00000000 00000000 00000000 057       058     PC         B+1      PC
 PC = 00000098
F(00000097) = 01
  371: 00000098  01 0007FFFC A40F9324 0007FFFC A40F9324 00000000 00000000 00000000 058 C     040                0       
  372: 00000098  01 0007FFFC A40F9324 0007FFFC A40F9324 00000000 00000000 00000000 041       05B  R             H        MAR
MAR = 0000101F
  373: 00000098  01 0000101F A40F9324 0007FFFC A40F9324 00000000 00000000 00000000 05B       05C                0       
R(0000101F) = FFFFFFF9
  374: 00000098  01 0000101F FFFFFFF9 0007FFFC A40F9324 00000000 00000000 00000000 05C       07C     MDR        B        TOS
TOS = FFFFFFF9

Cycle        PC MBR      MAR      MDR       SP      TOS       LV      CPP   OPC/T0 MPC  JAM Next Mem BBus Shift ALU      CBus
------ -------- --- -------- -------- -------- -------- -------- -------- -------- --- ---- ---- --- ---- ----- -------- ----
  375: 00000098  01 0000101F FFFFFFF9 0007FFFC FFFFFFF9 00000000 00000000 00000000 07C       07D     TOS        B        MDR
MDR = FFFFFFF9
  376: 00000098  01 0000101F FFFFFFF9 0007FFFC FFFFFFF9 00000000 00000000 00000000 07D       07E F W SP         B+4      SP MAR
 SP = 00080000
MAR = 00080000
  377: 00000098  01 00080000 FFFFFFF9 00080000 FFFFFFF9 00000000 00000000 00000000 07E       100                0       
F(00000098) = 19
W(00080000) = FFFFFFF9
====================================================================================
    TOS0     TOS1     TOS2     TOS3        SP       PC Assembly instruction
FFFFFFF9                             00080000 00000098                 SL1      
====================================================================================
  378: 00000098  19 00080000 FFFFFFF9 00080000 FFFFFFF9 00000000 00000000 00000000 100 C     000 F   PC         B+1      PC
 PC = 00000099
  379: 00000099  19 00080000 FFFFFFF9 00080000 FFFFFFF9 00000000 00000000 00000000 019       0EF     TOS  SL1   B        TOS MDR
TOS = FFFFFFF2
MDR = FFFFFFF2
F(00000099) = 3F
  380: 00000099  3F 00080000 FFFFFFF2 00080000 FFFFFFF2 00000000 00000000 00000000 0EF       0F0   W SP         B        MAR
MAR = 00080000
  381: 00000099  3F 00080000 FFFFFFF2 00080000 FFFFFFF2 00000000 00000000 00000000 0F0       100                0       
W(00080000) = FFFFFFF2
====================================================================================
    TOS0     TOS1     TOS2     TOS3        SP       PC Assembly instruction
FFFFFFF2                             00080000 00000099                 SVC      #3
====================================================================================
  382: 00000099  3F 00080000 FFFFFFF2 00080000 FFFFFFF2 00000000 00000000 00000000 100 C     000 F   PC         B+1      PC
 PC = 0000009A
  383: 0000009A  3F 00080000 FFFFFFF2 00080000 FFFFFFF2 00000000 00000000 00000000 03F       13B     PC         B+1      PC
 PC = 0000009B
F(0000009A) = 00
  384: 0000009B  00 00080000 FFFFFFF2 00080000 FFFFFFF2 00000000 00000000 00000000 13B       13C F   MBRU SL8   B        H
  H = 00000000
  385: 0000009B  00 00080000 FFFFFFF2 00080000 FFFFFFF2 00000000 00000000 00000000 13C       13D     PC         B+1      PC
 PC = 0000009C
F(0000009B) = 00
  386: 0000009C  00 00080000 FFFFFFF2 00080000 FFFFFFF2 00000000 00000000 00000000 13D       13E F   MBRU SL8   H or B   H
  H = 00000000
  387: 0000009C  00 00080000 FFFFFFF2 00080000 FFFFFFF2 00000000 00000000 00000000 13E       13F     PC         B+1      PC
 PC = 0000009D
F(0000009C) = 00
  388: 0000009D  00 00080000 FFFFFFF2 00080000 FFFFFFF2 00000000 00000000 00000000 13F       140 F   MBRU SL8   H or B   H
  H = 00000000
  389: 0000009D  00 00080000 FFFFFFF2 00080000 FFFFFFF2 00000000 00000000 00000000 140       141     PC         B+1      PC
 PC = 0000009E
F(0000009D) = 03

Cycle        PC MBR      MAR      MDR       SP      TOS       LV      CPP   OPC/T0 MPC  JAM Next Mem BBus Shift ALU      CBus
------ -------- --- -------- -------- -------- -------- -------- -------- -------- --- ---- ---- --- ---- ----- -------- ----
  390: 0000009E  03 00080000 FFFFFFF2 00080000 FFFFFFF2 00000000 00000000 00000000 141       142 F   MBRU       H or B   T1
 T1 = 00000003
  391: 0000009E  03 00080000 FFFFFFF2 00080000 FFFFFFF2 00000000 00000000 00000000 142       100                SVC# 3  
F(0000009E) = 04
====================================================================================
    TOS0     TOS1     TOS2     TOS3        SP       PC Assembly instruction
FFFFFFF2                             00080000 0000009E                 DISCARD  #1
====================================================================================
  392: 0000009E  04 00080000 FFFFFFF2 00080000 FFFFFFF2 00000000 00000000 00000000 100 C     000 F   PC         B+1      PC
 PC = 0000009F
  393: 0000009F  04 00080000 FFFFFFF2 00080000 FFFFFFF2 00000000 00000000 00000000 004       0A8     PC         B+1      PC
 PC = 000000A0
F(0000009F) = 00
  394: 000000A0  00 00080000 FFFFFFF2 00080000 FFFFFFF2 00000000 00000000 00000000 0A8       0A9 F   MBRU SL8   B        H
  H = 00000000
  395: 000000A0  00 00080000 FFFFFFF2 00080000 FFFFFFF2 00000000 00000000 00000000 0A9       0AA     PC         B+1      PC
 PC = 000000A1
F(000000A0) = 00
  396: 000000A1  00 00080000 FFFFFFF2 00080000 FFFFFFF2 00000000 00000000 00000000 0AA       0AB F   MBRU SL8   H or B   H
  H = 00000000
  397: 000000A1  00 00080000 FFFFFFF2 00080000 FFFFFFF2 00000000 00000000 00000000 0AB       0AC     PC         B+1      PC
 PC = 000000A2
F(000000A1) = 00
  398: 000000A2  00 00080000 FFFFFFF2 00080000 FFFFFFF2 00000000 00000000 00000000 0AC       0AD F   MBRU SL8   H or B   H
  H = 00000000
  399: 000000A2  00 00080000 FFFFFFF2 00080000 FFFFFFF2 00000000 00000000 00000000 0AD       0AE     PC         B+1      PC
 PC = 000000A3
F(000000A2) = 01
  400: 000000A3  01 00080000 FFFFFFF2 00080000 FFFFFFF2 00000000 00000000 00000000 0AE       143     MBRU       H or B   T1
 T1 = 00000001
  401: 000000A3  01 00080000 FFFFFFF2 00080000 FFFFFFF2 00000000 00000000 00000000 143       0AF     SP         B-4      SP
 SP = 0007FFFC
  402: 000000A3  01 00080000 FFFFFFF2 0007FFFC FFFFFFF2 00000000 00000000 00000000 0AF       0B0     T1         B-1      T1
 T1 = 00000000
  403: 000000A3  01 00080000 FFFFFFF2 0007FFFC FFFFFFF2 00000000 00000000 00000000 0B0  N P  043     T1         B       
  404: 000000A3  01 00080000 FFFFFFF2 0007FFFC FFFFFFF2 00000000 00000000 00000000 043       0B1 FR  SP         B        MAR
MAR = 0007FFFC

Cycle        PC MBR      MAR      MDR       SP      TOS       LV      CPP   OPC/T0 MPC  JAM Next Mem BBus Shift ALU      CBus
------ -------- --- -------- -------- -------- -------- -------- -------- -------- --- ---- ---- --- ---- ----- -------- ----
  405: 000000A3  01 0007FFFC FFFFFFF2 0007FFFC FFFFFFF2 00000000 00000000 00000000 0B1       0B2                0       
F(000000A3) = 3F
R(0007FFFC) = A40F9324
  406: 000000A3  3F 0007FFFC A40F9324 0007FFFC FFFFFFF2 00000000 00000000 00000000 0B2       100     MDR        B        TOS
TOS = A40F9324
====================================================================================
    TOS0     TOS1     TOS2     TOS3        SP       PC Assembly instruction
 (empty)                             0007FFFC 000000A3                 SVC      #7
====================================================================================
  407: 000000A3  3F 0007FFFC A40F9324 0007FFFC A40F9324 00000000 00000000 00000000 100 C     000 F   PC         B+1      PC
 PC = 000000A4
  408: 000000A4  3F 0007FFFC A40F9324 0007FFFC A40F9324 00000000 00000000 00000000 03F       13B     PC         B+1      PC
 PC = 000000A5
F(000000A4) = 00
  409: 000000A5  00 0007FFFC A40F9324 0007FFFC A40F9324 00000000 00000000 00000000 13B       13C F   MBRU SL8   B        H
  H = 00000000
  410: 000000A5  00 0007FFFC A40F9324 0007FFFC A40F9324 00000000 00000000 00000000 13C       13D     PC         B+1      PC
 PC = 000000A6
F(000000A5) = 00
  411: 000000A6  00 0007FFFC A40F9324 0007FFFC A40F9324 00000000 00000000 00000000 13D       13E F   MBRU SL8   H or B   H
  H = 00000000
  412: 000000A6  00 0007FFFC A40F9324 0007FFFC A40F9324 00000000 00000000 00000000 13E       13F     PC         B+1      PC
 PC = 000000A7
F(000000A6) = 00
  413: 000000A7  00 0007FFFC A40F9324 0007FFFC A40F9324 00000000 00000000 00000000 13F       140 F   MBRU SL8   H or B   H
  H = 00000000
  414: 000000A7  00 0007FFFC A40F9324 0007FFFC A40F9324 00000000 00000000 00000000 140       141     PC         B+1      PC
 PC = 000000A8
F(000000A7) = 07
  415: 000000A8  07 0007FFFC A40F9324 0007FFFC A40F9324 00000000 00000000 00000000 141       142 F   MBRU       H or B   T1
 T1 = 00000007
  416: 000000A8  07 0007FFFC A40F9324 0007FFFC A40F9324 00000000 00000000 00000000 142       100                SVC# 7  
**********
x << 1 = -14
**********
F(000000A8) = 3F
====================================================================================
    TOS0     TOS1     TOS2     TOS3        SP       PC Assembly instruction
 (empty)                             0007FFFC 000000A8                 SVC      #1
====================================================================================
  417: 000000A8  3F 0007FFFC A40F9324 0007FFFC A40F9324 00000000 00000000 00000000 100 C     000 F   PC         B+1      PC
 PC = 000000A9
  418: 000000A9  3F 0007FFFC A40F9324 0007FFFC A40F9324 00000000 00000000 00000000 03F       13B     PC         B+1      PC
 PC = 000000AA
F(000000A9) = 00
  419: 000000AA  00 0007FFFC A40F9324 0007FFFC A40F9324 00000000 00000000 00000000 13B       13C F   MBRU SL8   B        H
  H = 00000000

Cycle        PC MBR      MAR      MDR       SP      TOS       LV      CPP   OPC/T0 MPC  JAM Next Mem BBus Shift ALU      CBus
------ -------- --- -------- -------- -------- -------- -------- -------- -------- --- ---- ---- --- ---- ----- -------- ----
  420: 000000AA  00 0007FFFC A40F9324 0007FFFC A40F9324 00000000 00000000 00000000 13C       13D     PC         B+1      PC
 PC = 000000AB
F(000000AA) = 00
  421: 000000AB  00 0007FFFC A40F9324 0007FFFC A40F9324 00000000 00000000 00000000 13D       13E F   MBRU SL8   H or B   H
  H = 00000000
  422: 000000AB  00 0007FFFC A40F9324 0007FFFC A40F9324 00000000 00000000 00000000 13E       13F     PC         B+1      PC
 PC = 000000AC
F(000000AB) = 00
  423: 000000AC  00 0007FFFC A40F9324 0007FFFC A40F9324 00000000 00000000 00000000 13F       140 F   MBRU SL8   H or B   H
  H = 00000000
  424: 000000AC  00 0007FFFC A40F9324 0007FFFC A40F9324 00000000 00000000 00000000 140       141     PC         B+1      PC
 PC = 000000AD
F(000000AC) = 01
  425: 000000AD  01 0007FFFC A40F9324 0007FFFC A40F9324 00000000 00000000 00000000 141       142 F   MBRU       H or B   T1
 T1 = 00000001
  426: 000000AD  01 0007FFFC A40F9324 0007FFFC A40F9324 00000000 00000000 00000000 142       100                SVC# 1  

SVC_STOP_PROGRAM_EXECUTION: Mic1 stopped
