
    TOS0     TOS1     TOS2     TOS3        SP       PC Assembly instruction
-------- -------- -------- --------  -------- -------- ----------------------------------------
 (empty)                             0007FFFC 00000000                 PUSH     #message1
000000AB                             00080000 00000006                 SVC      #6
000000AB                             00080000 0000000B                 PUSHA    x
000000C5 000000AB                    00080004 00000011                 SVC      #4
**********
x? 00000008
**********
000000C5 000000AB                    00080004 00000016                 DISCARD  #2
 (empty)                             0007FFFC 0000001B                 PUSH     x
00000008                             00080000 00000021                 PUSH     #0X00000000
00000000 00000008                    00080004 00000027                 CMP      
00000001                             00080000 00000028                 JMPGE    elseif1
 (empty)                             0007FFFC 00000052 elseif1         NOOP     
 (empty)                             0007FFFC 00000053                 PUSH     x
00000008                             00080000 00000059                 PUSH     #0X00000000
00000000 00000008                    00080004 0000005F                 CMP      
00000001                             00080000 00000060                 JMPG     0X0000007F
 (empty)                             0007FFFC 0000007F                 NOOP     

    TOS0     TOS1     TOS2     TOS3        SP       PC Assembly instruction
-------- -------- -------- --------  -------- -------- ----------------------------------------
 (empty)                             0007FFFC 00000080                 PUSH     #result3
000000BD                             00080000 00000086                 SVC      #6
000000BD                             00080000 0000008B                 DISCARD  #1
 (empty)                             0007FFFC 00000090                 PUSH     x
00000008                             00080000 00000096 endif1          SVC      #3
00000008                             00080000 0000009B                 SVC      #7
**********
x > 0: 8
**********
00000008                             00080000 000000A0                 JMP      endif1
00000008                             00080000 000000A5 endif1          NOOP     
00000008                             00080000 000000A6                 SVC      #1

SVC_STOP_PROGRAM_EXECUTION: Mic1 stopped
