
    TOS0     TOS1     TOS2     TOS3        SP       PC Assembly instruction
-------- -------- -------- --------  -------- -------- ----------------------------------------
 (empty)                             0007FFFC 00000000 Main            NOOP     
 (empty)                             0007FFFC 00000001                 PUSH     #message1
000000D2                             00080000 00000007                 SVC      #6
000000D2                             00080000 0000000C                 PUSHA    x
000000D6 000000D2                    00080004 00000012                 SVC      #4
**********
x? 00000006
**********
000000D6 000000D2                    00080004 00000017                 DISCARD  #2
 (empty)                             0007FFFC 0000001C                 PUSH     #result1
000000DA                             00080000 00000022                 SVC      #6
000000DA                             00080000 00000027                 DISCARD  #1
 (empty)                             0007FFFC 0000002C                 PUSH     x
00000006                             00080000 00000032                 SVC      #3
00000006                             00080000 00000037                 SVC      #7
**********
x: 6
**********
00000006                             00080000 0000003C                 DISCARD  #1
 (empty)                             0007FFFC 00000041                 PUSH     #result2
000000DE                             00080000 00000047                 SVC      #6

    TOS0     TOS1     TOS2     TOS3        SP       PC Assembly instruction
-------- -------- -------- --------  -------- -------- ----------------------------------------
000000DE                             00080000 0000004C                 DISCARD  #1
 (empty)                             0007FFFC 00000051                 PUSH     x
00000006                             00080000 00000057                 NEG      
FFFFFFFA                             00080000 00000058                 SVC      #3
FFFFFFFA                             00080000 0000005D                 SVC      #7
**********
-x: -6
**********
FFFFFFFA                             00080000 00000062                 PUSH     #result3
000000E3 FFFFFFFA                    00080004 00000068                 SVC      #6
000000E3 FFFFFFFA                    00080004 0000006D                 DISCARD  #1
FFFFFFFA                             00080000 00000072                 PUSH     x
00000006 FFFFFFFA                    00080004 00000078                 PUSH     #0X00000001
00000001 00000006 FFFFFFFA           00080008 0000007E                 SUB      
00000005 FFFFFFFA                    00080004 0000007F                 SVC      #3
00000005 FFFFFFFA                    00080004 00000084                 SVC      #7
**********
x-1: 5
**********
00000005 FFFFFFFA                    00080004 00000089                 PUSH     #result4
000000E9 00000005 FFFFFFFA           00080008 0000008F                 SVC      #6

    TOS0     TOS1     TOS2     TOS3        SP       PC Assembly instruction
-------- -------- -------- --------  -------- -------- ----------------------------------------
000000E9 00000005 FFFFFFFA           00080008 00000094                 DISCARD  #1
00000005 FFFFFFFA                    00080004 00000099                 PUSH     x
00000006 00000005 FFFFFFFA           00080008 0000009F                 SL1      
0000000C 00000005 FFFFFFFA           00080008 000000A0                 SL1      
00000018 00000005 FFFFFFFA           00080008 000000A1                 SVC      #3
00000018 00000005 FFFFFFFA           00080008 000000A6                 SVC      #7
**********
4*x: 24
**********
00000018 00000005 FFFFFFFA           00080008 000000AB                 PUSH     #result5
000000EF 00000018 00000005 FFFFFFFA  0008000C 000000B1                 SVC      #6
000000EF 00000018 00000005 FFFFFFFA  0008000C 000000B6                 DISCARD  #1
00000018 00000005 FFFFFFFA           00080008 000000BB                 PUSH     x
00000006 00000018 00000005 FFFFFFFA  0008000C 000000C1                 SRA1     
00000003 00000018 00000005 FFFFFFFA  0008000C 000000C2                 SRA1     
00000001 00000018 00000005 FFFFFFFA  0008000C 000000C3                 SVC      #3
00000001 00000018 00000005 FFFFFFFA  0008000C 000000C8                 SVC      #7
**********
x/4: 1
**********
00000001 00000018 00000005 FFFFFFFA  0008000C 000000CD                 SVC      #1

SVC_STOP_PROGRAM_EXECUTION: Mic1 stopped
