
    TOS0     TOS1     TOS2     TOS3        SP       PC Assembly instruction
-------- -------- -------- --------  -------- -------- ----------------------------------------
 (empty)                             0007FFFC 00000000                 PUSH     #message1
0000006A                             00080000 00000006                 SVC      #6
0000006A                             00080000 0000000B                 PUSHA    n
00000062 0000006A                    00080004 00000011                 SVC      #4
**********
n? 00000006
**********
00000062 0000006A                    00080004 00000016                 DISCARD  #2
 (empty)                             0007FFFC 0000001B                 PUSH     #0X00000001
00000001                             00080000 00000021                 POP      i
 (empty)                             0007FFFC 00000027 forloop1        NOOP     
 (empty)                             0007FFFC 00000028                 PUSH     i
00000001                             00080000 0000002E                 PUSH     n
00000006 00000001                    00080004 00000034                 CMP      
FFFFFFFF                             00080000 00000035                 JMPG     0X0000005C
 (empty)                             0007FFFC 0000003A                 PUSH     i
00000001                             00080000 00000040                 SVC      #3
00000001                             00080000 00000045                 SVC      #7
**********
1
**********

    TOS0     TOS1     TOS2     TOS3        SP       PC Assembly instruction
-------- -------- -------- --------  -------- -------- ----------------------------------------
00000001                             00080000 0000004A                 PUSH     #0X00000001
00000001 00000001                    00080004 00000050                 ADD      
00000002                             00080000 00000051                 POP      i
 (empty)                             0007FFFC 00000057                 JMP      forloop1
 (empty)                             0007FFFC 00000027 forloop1        NOOP     
 (empty)                             0007FFFC 00000028                 PUSH     i
00000002                             00080000 0000002E                 PUSH     n
00000006 00000002                    00080004 00000034                 CMP      
FFFFFFFF                             00080000 00000035                 JMPG     0X0000005C
 (empty)                             0007FFFC 0000003A                 PUSH     i
00000002                             00080000 00000040                 SVC      #3
00000002                             00080000 00000045                 SVC      #7
**********
2
**********
00000002                             00080000 0000004A                 PUSH     #0X00000001
00000001 00000002                    00080004 00000050                 ADD      
00000003                             00080000 00000051                 POP      i

    TOS0     TOS1     TOS2     TOS3        SP       PC Assembly instruction
-------- -------- -------- --------  -------- -------- ----------------------------------------
 (empty)                             0007FFFC 00000057                 JMP      forloop1
 (empty)                             0007FFFC 00000027 forloop1        NOOP     
 (empty)                             0007FFFC 00000028                 PUSH     i
00000003                             00080000 0000002E                 PUSH     n
00000006 00000003                    00080004 00000034                 CMP      
FFFFFFFF                             00080000 00000035                 JMPG     0X0000005C
 (empty)                             0007FFFC 0000003A                 PUSH     i
00000003                             00080000 00000040                 SVC      #3
00000003                             00080000 00000045                 SVC      #7
**********
3
**********
00000003                             00080000 0000004A                 PUSH     #0X00000001
00000001 00000003                    00080004 00000050                 ADD      
00000004                             00080000 00000051                 POP      i
 (empty)                             0007FFFC 00000057                 JMP      forloop1
 (empty)                             0007FFFC 00000027 forloop1        NOOP     
 (empty)                             0007FFFC 00000028                 PUSH     i

    TOS0     TOS1     TOS2     TOS3        SP       PC Assembly instruction
-------- -------- -------- --------  -------- -------- ----------------------------------------
00000004                             00080000 0000002E                 PUSH     n
00000006 00000004                    00080004 00000034                 CMP      
FFFFFFFF                             00080000 00000035                 JMPG     0X0000005C
 (empty)                             0007FFFC 0000003A                 PUSH     i
00000004                             00080000 00000040                 SVC      #3
00000004                             00080000 00000045                 SVC      #7
**********
4
**********
00000004                             00080000 0000004A                 PUSH     #0X00000001
00000001 00000004                    00080004 00000050                 ADD      
00000005                             00080000 00000051                 POP      i
 (empty)                             0007FFFC 00000057                 JMP      forloop1
 (empty)                             0007FFFC 00000027 forloop1        NOOP     
 (empty)                             0007FFFC 00000028                 PUSH     i
00000005                             00080000 0000002E                 PUSH     n
00000006 00000005                    00080004 00000034                 CMP      
FFFFFFFF                             00080000 00000035                 JMPG     0X0000005C

    TOS0     TOS1     TOS2     TOS3        SP       PC Assembly instruction
-------- -------- -------- --------  -------- -------- ----------------------------------------
 (empty)                             0007FFFC 0000003A                 PUSH     i
00000005                             00080000 00000040                 SVC      #3
00000005                             00080000 00000045                 SVC      #7
**********
5
**********
00000005                             00080000 0000004A                 PUSH     #0X00000001
00000001 00000005                    00080004 00000050                 ADD      
00000006                             00080000 00000051                 POP      i
 (empty)                             0007FFFC 00000057                 JMP      forloop1
 (empty)                             0007FFFC 00000027 forloop1        NOOP     
 (empty)                             0007FFFC 00000028                 PUSH     i
00000006                             00080000 0000002E                 PUSH     n
00000006 00000006                    00080004 00000034                 CMP      
00000000                             00080000 00000035                 JMPG     0X0000005C
 (empty)                             0007FFFC 0000003A                 PUSH     i
00000006                             00080000 00000040                 SVC      #3
00000006                             00080000 00000045                 SVC      #7
**********
6
**********

    TOS0     TOS1     TOS2     TOS3        SP       PC Assembly instruction
-------- -------- -------- --------  -------- -------- ----------------------------------------
00000006                             00080000 0000004A                 PUSH     #0X00000001
00000001 00000006                    00080004 00000050                 ADD      
00000007                             00080000 00000051                 POP      i
 (empty)                             0007FFFC 00000057                 JMP      forloop1
 (empty)                             0007FFFC 00000027 forloop1        NOOP     
 (empty)                             0007FFFC 00000028                 PUSH     i
00000007                             00080000 0000002E                 PUSH     n
00000006 00000007                    00080004 00000034                 CMP      
00000001                             00080000 00000035                 JMPG     0X0000005C
 (empty)                             0007FFFC 0000005C                 NOOP     
 (empty)                             0007FFFC 0000005D                 SVC      #1

SVC_STOP_PROGRAM_EXECUTION: Mic1 stopped
