
    TOS0     TOS1     TOS2     TOS3        SP       PC Assembly instruction
-------- -------- -------- --------  -------- -------- ----------------------------------------
 (empty)                             0007FFFC 00000000                 PUSH     #message1
000000E1                             00080000 00000006                 SVC      #6
000000E1                             00080000 0000000B                 PUSHA    x
000000FC 000000E1                    00080004 00000011                 SVC      #2
**********
x? 2
**********
000000FC 000000E1                    00080004 00000016                 DISCARD  #2
 (empty)                             0007FFFC 0000001B                 PUSH     x
00000002                             00080000 00000021                 POP      resultSum
 (empty)                             0007FFFC 00000027                 PUSH     #message2
000000E5                             00080000 0000002D                 SVC      #6
000000E5                             00080000 00000032                 PUSHA    y
00000100 000000E5                    00080004 00000038                 SVC      #2
**********
y? 4
**********
00000100 000000E5                    00080004 0000003D                 DISCARD  #2
 (empty)                             0007FFFC 00000042                 PUSH     #result1
000000E9                             00080000 00000048                 SVC      #6
000000E9                             00080000 0000004D                 DISCARD  #1

    TOS0     TOS1     TOS2     TOS3        SP       PC Assembly instruction
-------- -------- -------- --------  -------- -------- ----------------------------------------
 (empty)                             0007FFFC 00000052                 PUSH     #0X00000001
00000001                             00080000 00000058                 POP      i
 (empty)                             0007FFFC 0000005E forloop1        NOOP     
 (empty)                             0007FFFC 0000005F                 PUSH     i
00000001                             00080000 00000065                 PUSH     y
00000004 00000001                    00080004 0000006B                 CMP      
FFFFFFFF                             00080000 0000006C                 JMPG     endfor1
 (empty)                             0007FFFC 00000071                 PUSH     x
00000002                             00080000 00000077                 SVC      #3
00000002                             00080000 0000007C                 PUSH     i
00000001 00000002                    00080004 00000082                 PUSH     y
00000004 00000001 00000002           00080008 00000088                 CMP      
FFFFFFFF 00000002                    00080004 00000089                 JMPGE    endif1
00000002                             00080000 0000008E                 PUSH     #resultMulText
000000F0 00000002                    00080004 00000094                 SVC      #6

    TOS0     TOS1     TOS2     TOS3        SP       PC Assembly instruction
-------- -------- -------- --------  -------- -------- ----------------------------------------
000000F0 00000002                    00080004 00000099                 PUSH     #0X00000002
00000002 000000F0 00000002           00080008 0000009F                 PUSH     #0X00000006
00000006 00000002 000000F0 00000002  0008000C 000000A5                 SL1      
0000000C 00000002 000000F0 00000002  0008000C 000000A6                 POP      resultSum
00000002 000000F0 00000002           00080008 000000AC endif1          NOOP     
00000002 000000F0 00000002           00080008 000000AD                 PUSH     i
00000001 00000002 000000F0 00000002  0008000C 000000B3                 PUSH     #0X00000001
00000001 00000001 00000002 000000F0  00080010 000000B9                 ADD      
00000002 00000002 000000F0 00000002  0008000C 000000BA                 POP      i
00000002 000000F0 00000002           00080008 000000C0                 JMP      forloop1
00000002 000000F0 00000002           00080008 0000005E forloop1        NOOP     
00000002 000000F0 00000002           00080008 0000005F                 PUSH     i
00000002 00000002 000000F0 00000002  0008000C 00000065                 PUSH     y
00000004 00000002 00000002 000000F0  00080010 0000006B                 CMP      
FFFFFFFF 00000002 000000F0 00000002  0008000C 0000006C                 JMPG     endfor1

    TOS0     TOS1     TOS2     TOS3        SP       PC Assembly instruction
-------- -------- -------- --------  -------- -------- ----------------------------------------
00000002 000000F0 00000002           00080008 00000071                 PUSH     x
00000002 00000002 000000F0 00000002  0008000C 00000077                 SVC      #3
00000002 00000002 000000F0 00000002  0008000C 0000007C                 PUSH     i
00000002 00000002 00000002 000000F0  00080010 00000082                 PUSH     y
00000004 00000002 00000002 00000002  00080014 00000088                 CMP      
FFFFFFFF 00000002 00000002 000000F0  00080010 00000089                 JMPGE    endif1
00000002 00000002 000000F0 00000002  0008000C 0000008E                 PUSH     #resultMulText
000000F0 00000002 00000002 000000F0  00080010 00000094                 SVC      #6
000000F0 00000002 00000002 000000F0  00080010 00000099                 PUSH     #0X00000002
00000002 000000F0 00000002 00000002  00080014 0000009F                 PUSH     #0X00000006
00000006 00000002 000000F0 00000002  00080018 000000A5                 SL1      
0000000C 00000002 000000F0 00000002  00080018 000000A6                 POP      resultSum
00000002 000000F0 00000002 00000002  00080014 000000AC endif1          NOOP     
00000002 000000F0 00000002 00000002  00080014 000000AD                 PUSH     i
00000002 00000002 000000F0 00000002  00080018 000000B3                 PUSH     #0X00000001

    TOS0     TOS1     TOS2     TOS3        SP       PC Assembly instruction
-------- -------- -------- --------  -------- -------- ----------------------------------------
00000001 00000002 00000002 000000F0  0008001C 000000B9                 ADD      
00000003 00000002 000000F0 00000002  00080018 000000BA                 POP      i
00000002 000000F0 00000002 00000002  00080014 000000C0                 JMP      forloop1
00000002 000000F0 00000002 00000002  00080014 0000005E forloop1        NOOP     
00000002 000000F0 00000002 00000002  00080014 0000005F                 PUSH     i
00000003 00000002 000000F0 00000002  00080018 00000065                 PUSH     y
00000004 00000003 00000002 000000F0  0008001C 0000006B                 CMP      
FFFFFFFF 00000002 000000F0 00000002  00080018 0000006C                 JMPG     endfor1
00000002 000000F0 00000002 00000002  00080014 00000071                 PUSH     x
00000002 00000002 000000F0 00000002  00080018 00000077                 SVC      #3
00000002 00000002 000000F0 00000002  00080018 0000007C                 PUSH     i
00000003 00000002 00000002 000000F0  0008001C 00000082                 PUSH     y
00000004 00000003 00000002 00000002  00080020 00000088                 CMP      
FFFFFFFF 00000002 00000002 000000F0  0008001C 00000089                 JMPGE    endif1
00000002 00000002 000000F0 00000002  00080018 0000008E                 PUSH     #resultMulText

    TOS0     TOS1     TOS2     TOS3        SP       PC Assembly instruction
-------- -------- -------- --------  -------- -------- ----------------------------------------
000000F0 00000002 00000002 000000F0  0008001C 00000094                 SVC      #6
000000F0 00000002 00000002 000000F0  0008001C 00000099                 PUSH     #0X00000002
00000002 000000F0 00000002 00000002  00080020 0000009F                 PUSH     #0X00000006
00000006 00000002 000000F0 00000002  00080024 000000A5                 SL1      
0000000C 00000002 000000F0 00000002  00080024 000000A6                 POP      resultSum
00000002 000000F0 00000002 00000002  00080020 000000AC endif1          NOOP     
00000002 000000F0 00000002 00000002  00080020 000000AD                 PUSH     i
00000003 00000002 000000F0 00000002  00080024 000000B3                 PUSH     #0X00000001
00000001 00000003 00000002 000000F0  00080028 000000B9                 ADD      
00000004 00000002 000000F0 00000002  00080024 000000BA                 POP      i
00000002 000000F0 00000002 00000002  00080020 000000C0                 JMP      forloop1
00000002 000000F0 00000002 00000002  00080020 0000005E forloop1        NOOP     
00000002 000000F0 00000002 00000002  00080020 0000005F                 PUSH     i
00000004 00000002 000000F0 00000002  00080024 00000065                 PUSH     y
00000004 00000004 00000002 000000F0  00080028 0000006B                 CMP      

    TOS0     TOS1     TOS2     TOS3        SP       PC Assembly instruction
-------- -------- -------- --------  -------- -------- ----------------------------------------
00000000 00000002 000000F0 00000002  00080024 0000006C                 JMPG     endfor1
00000002 000000F0 00000002 00000002  00080020 00000071                 PUSH     x
00000002 00000002 000000F0 00000002  00080024 00000077                 SVC      #3
00000002 00000002 000000F0 00000002  00080024 0000007C                 PUSH     i
00000004 00000002 00000002 000000F0  00080028 00000082                 PUSH     y
00000004 00000004 00000002 00000002  0008002C 00000088                 CMP      
00000000 00000002 00000002 000000F0  00080028 00000089                 JMPGE    endif1
00000002 00000002 000000F0 00000002  00080024 000000AC endif1          NOOP     
00000002 00000002 000000F0 00000002  00080024 000000AD                 PUSH     i
00000004 00000002 00000002 000000F0  00080028 000000B3                 PUSH     #0X00000001
00000001 00000004 00000002 00000002  0008002C 000000B9                 ADD      
00000005 00000002 00000002 000000F0  00080028 000000BA                 POP      i
00000002 00000002 000000F0 00000002  00080024 000000C0                 JMP      forloop1
00000002 00000002 000000F0 00000002  00080024 0000005E forloop1        NOOP     
00000002 00000002 000000F0 00000002  00080024 0000005F                 PUSH     i

    TOS0     TOS1     TOS2     TOS3        SP       PC Assembly instruction
-------- -------- -------- --------  -------- -------- ----------------------------------------
00000005 00000002 00000002 000000F0  00080028 00000065                 PUSH     y
00000004 00000005 00000002 00000002  0008002C 0000006B                 CMP      
00000001 00000002 00000002 000000F0  00080028 0000006C                 JMPG     endfor1
00000002 00000002 000000F0 00000002  00080024 000000C5 endfor1         NOOP     
00000002 00000002 000000F0 00000002  00080024 000000C6                 PUSH     #resultEquals
000000F4 00000002 00000002 000000F0  00080028 000000CC                 SVC      #6
000000F4 00000002 00000002 000000F0  00080028 000000D1                 PUSH     #resultSum
000000F8 000000F4 00000002 00000002  0008002C 000000D7                 SVC      #3
000000F8 000000F4 00000002 00000002  0008002C 000000DC                 SVC      #1
**********
x^y = 2 * 2 * 2 * 2 = 248
**********

SVC_STOP_PROGRAM_EXECUTION: Mic1 stopped
