
    TOS0     TOS1     TOS2     TOS3        SP       PC Assembly instruction
-------- -------- -------- --------  -------- -------- ----------------------------------------
 (empty)                             0007FFFC 00000000                 PUSH     #message1
00000089                             00080000 00000006                 SVC      #6
00000089                             00080000 0000000B                 PUSHA    n
0000007D 00000089                    00080004 00000011                 SVC      #2
**********
n? 13
**********
0000007D 00000089                    00080004 00000016                 DISCARD  #2
 (empty)                             0007FFFC 0000001B                 PUSH     #message2
0000008D                             00080000 00000021                 SVC      #6
0000008D                             00080000 00000026                 PUSHA    inc
00000081 0000008D                    00080004 0000002C                 SVC      #2
**********
inc? 3
**********
00000081 0000008D                    00080004 00000031                 DISCARD  #2
 (empty)                             0007FFFC 00000036                 PUSH     n
0000000D                             00080000 0000003C                 POP      i
 (empty)                             0007FFFC 00000042 forloop1        NOOP     
 (empty)                             0007FFFC 00000043                 PUSH     i
0000000D                             00080000 00000049                 PUSH     #0X00000001

    TOS0     TOS1     TOS2     TOS3        SP       PC Assembly instruction
-------- -------- -------- --------  -------- -------- ----------------------------------------
00000001 0000000D                    00080004 0000004F                 CMP      
00000001                             00080000 00000050                 JMPL     endif1
 (empty)                             0007FFFC 00000055                 PUSH     i
0000000D                             00080000 0000005B                 SVC      #3
0000000D                             00080000 00000060                 SVC      #7
**********
13
**********
0000000D                             00080000 00000065                 PUSH     inc
00000003 0000000D                    00080004 0000006B                 SUB      
0000000A                             00080000 0000006C                 POP      i
 (empty)                             0007FFFC 00000072                 JMP      forloop1
 (empty)                             0007FFFC 00000042 forloop1        NOOP     
 (empty)                             0007FFFC 00000043                 PUSH     i
0000000A                             00080000 00000049                 PUSH     #0X00000001
00000001 0000000A                    00080004 0000004F                 CMP      
00000001                             00080000 00000050                 JMPL     endif1
 (empty)                             0007FFFC 00000055                 PUSH     i

    TOS0     TOS1     TOS2     TOS3        SP       PC Assembly instruction
-------- -------- -------- --------  -------- -------- ----------------------------------------
0000000A                             00080000 0000005B                 SVC      #3
0000000A                             00080000 00000060                 SVC      #7
**********
10
**********
0000000A                             00080000 00000065                 PUSH     inc
00000003 0000000A                    00080004 0000006B                 SUB      
00000007                             00080000 0000006C                 POP      i
 (empty)                             0007FFFC 00000072                 JMP      forloop1
 (empty)                             0007FFFC 00000042 forloop1        NOOP     
 (empty)                             0007FFFC 00000043                 PUSH     i
00000007                             00080000 00000049                 PUSH     #0X00000001
00000001 00000007                    00080004 0000004F                 CMP      
00000001                             00080000 00000050                 JMPL     endif1
 (empty)                             0007FFFC 00000055                 PUSH     i
00000007                             00080000 0000005B                 SVC      #3
00000007                             00080000 00000060                 SVC      #7
**********
7
**********
00000007                             00080000 00000065                 PUSH     inc

    TOS0     TOS1     TOS2     TOS3        SP       PC Assembly instruction
-------- -------- -------- --------  -------- -------- ----------------------------------------
00000003 00000007                    00080004 0000006B                 SUB      
00000004                             00080000 0000006C                 POP      i
 (empty)                             0007FFFC 00000072                 JMP      forloop1
 (empty)                             0007FFFC 00000042 forloop1        NOOP     
 (empty)                             0007FFFC 00000043                 PUSH     i
00000004                             00080000 00000049                 PUSH     #0X00000001
00000001 00000004                    00080004 0000004F                 CMP      
00000001                             00080000 00000050                 JMPL     endif1
 (empty)                             0007FFFC 00000055                 PUSH     i
00000004                             00080000 0000005B                 SVC      #3
00000004                             00080000 00000060                 SVC      #7
**********
4
**********
00000004                             00080000 00000065                 PUSH     inc
00000003 00000004                    00080004 0000006B                 SUB      
00000001                             00080000 0000006C                 POP      i
 (empty)                             0007FFFC 00000072                 JMP      forloop1

    TOS0     TOS1     TOS2     TOS3        SP       PC Assembly instruction
-------- -------- -------- --------  -------- -------- ----------------------------------------
 (empty)                             0007FFFC 00000042 forloop1        NOOP     
 (empty)                             0007FFFC 00000043                 PUSH     i
00000001                             00080000 00000049                 PUSH     #0X00000001
00000001 00000001                    00080004 0000004F                 CMP      
00000000                             00080000 00000050                 JMPL     endif1
 (empty)                             0007FFFC 00000055                 PUSH     i
00000001                             00080000 0000005B                 SVC      #3
00000001                             00080000 00000060                 SVC      #7
**********
1
**********
00000001                             00080000 00000065                 PUSH     inc
00000003 00000001                    00080004 0000006B                 SUB      
FFFFFFFE                             00080000 0000006C                 POP      i
 (empty)                             0007FFFC 00000072                 JMP      forloop1
 (empty)                             0007FFFC 00000042 forloop1        NOOP     
 (empty)                             0007FFFC 00000043                 PUSH     i
FFFFFFFE                             00080000 00000049                 PUSH     #0X00000001

    TOS0     TOS1     TOS2     TOS3        SP       PC Assembly instruction
-------- -------- -------- --------  -------- -------- ----------------------------------------
00000001 FFFFFFFE                    00080004 0000004F                 CMP      
FFFFFFFF                             00080000 00000050                 JMPL     endif1
 (empty)                             0007FFFC 00000077 endif1          NOOP     
 (empty)                             0007FFFC 00000078                 SVC      #1

SVC_STOP_PROGRAM_EXECUTION: Mic1 stopped
