F(00000000) = 00
====================================================================================
    TOS0     TOS1     TOS2     TOS3        SP       PC Assembly instruction
 (empty)                             0007FFFC 00000000 Main            NOOP     
====================================================================================

Cycle        PC MBR      MAR      MDR       SP      TOS       LV      CPP   OPC/T0 MPC  JAM Next Mem BBus Shift ALU      CBus
------ -------- --- -------- -------- -------- -------- -------- -------- -------- --- ---- ---- --- ---- ----- -------- ----
    0: 00000000  00 00000000 00000000 0007FFFC 00000000 00000000 00000000 00000000 100 C     000 F   PC         B+1      PC
 PC = 00000001
    1: 00000001  00 00000000 00000000 0007FFFC 00000000 00000000 00000000 00000000 000       100                0       
F(00000001) = 02
====================================================================================
    TOS0     TOS1     TOS2     TOS3        SP       PC Assembly instruction
 (empty)                             0007FFFC 00000001                 PUSHA    Howdy
====================================================================================
    2: 00000001  02 00000000 00000000 0007FFFC 00000000 00000000 00000000 00000000 100 C     000 F   PC         B+1      PC
 PC = 00000002
    3: 00000002  02 00000000 00000000 0007FFFC 00000000 00000000 00000000 00000000 002       07F     PC         B+1      PC
 PC = 00000003
F(00000002) = 00
    4: 00000003  00 00000000 00000000 0007FFFC 00000000 00000000 00000000 00000000 07F       080 F   MBRU SL8   B        H
  H = 00000000
    5: 00000003  00 00000000 00000000 0007FFFC 00000000 00000000 00000000 00000000 080       081     PC         B+1      PC
 PC = 00000004
F(00000003) = 00
    6: 00000004  00 00000000 00000000 0007FFFC 00000000 00000000 00000000 00000000 081       082 F   MBRU SL8   H or B   H
  H = 00000000
    7: 00000004  00 00000000 00000000 0007FFFC 00000000 00000000 00000000 00000000 082       083     PC         B+1      PC
 PC = 00000005
F(00000004) = 00
    8: 00000005  00 00000000 00000000 0007FFFC 00000000 00000000 00000000 00000000 083       084 F   MBRU SL8   H or B   H
  H = 00000000
    9: 00000005  00 00000000 00000000 0007FFFC 00000000 00000000 00000000 00000000 084       085     PC         B+1      PC
 PC = 00000006
F(00000005) = 1B
   10: 00000006  1B 00000000 00000000 0007FFFC 00000000 00000000 00000000 00000000 085       086 F   MBRU       H or B   H
  H = 0000001B
   11: 00000006  1B 00000000 00000000 0007FFFC 00000000 00000000 00000000 00000000 086       087     PC         B+1      PC
 PC = 00000007
F(00000006) = 01
   12: 00000007  01 00000000 00000000 0007FFFC 00000000 00000000 00000000 00000000 087 C     050                0       
   13: 00000007  01 00000000 00000000 0007FFFC 00000000 00000000 00000000 00000000 051       08C                H        TOS
TOS = 0000001B
   14: 00000007  01 00000000 00000000 0007FFFC 0000001B 00000000 00000000 00000000 08C       08D     TOS        B        MDR
MDR = 0000001B

Cycle        PC MBR      MAR      MDR       SP      TOS       LV      CPP   OPC/T0 MPC  JAM Next Mem BBus Shift ALU      CBus
------ -------- --- -------- -------- -------- -------- -------- -------- -------- --- ---- ---- --- ---- ----- -------- ----
   15: 00000007  01 00000000 0000001B 0007FFFC 0000001B 00000000 00000000 00000000 08D       08E F W SP         B+4      SP MAR
 SP = 00080000
MAR = 00080000
   16: 00000007  01 00080000 0000001B 00080000 0000001B 00000000 00000000 00000000 08E       100                0       
F(00000007) = 3F
W(00080000) = 0000001B
====================================================================================
    TOS0     TOS1     TOS2     TOS3        SP       PC Assembly instruction
0000001B                             00080000 00000007                 SVC      #6
====================================================================================
   17: 00000007  3F 00080000 0000001B 00080000 0000001B 00000000 00000000 00000000 100 C     000 F   PC         B+1      PC
 PC = 00000008
   18: 00000008  3F 00080000 0000001B 00080000 0000001B 00000000 00000000 00000000 03F       13B     PC         B+1      PC
 PC = 00000009
F(00000008) = 00
   19: 00000009  00 00080000 0000001B 00080000 0000001B 00000000 00000000 00000000 13B       13C F   MBRU SL8   B        H
  H = 00000000
   20: 00000009  00 00080000 0000001B 00080000 0000001B 00000000 00000000 00000000 13C       13D     PC         B+1      PC
 PC = 0000000A
F(00000009) = 00
   21: 0000000A  00 00080000 0000001B 00080000 0000001B 00000000 00000000 00000000 13D       13E F   MBRU SL8   H or B   H
  H = 00000000
   22: 0000000A  00 00080000 0000001B 00080000 0000001B 00000000 00000000 00000000 13E       13F     PC         B+1      PC
 PC = 0000000B
F(0000000A) = 00
   23: 0000000B  00 00080000 0000001B 00080000 0000001B 00000000 00000000 00000000 13F       140 F   MBRU SL8   H or B   H
  H = 00000000
   24: 0000000B  00 00080000 0000001B 00080000 0000001B 00000000 00000000 00000000 140       141     PC         B+1      PC
 PC = 0000000C
F(0000000B) = 06
   25: 0000000C  06 00080000 0000001B 00080000 0000001B 00000000 00000000 00000000 141       142 F   MBRU       H or B   T1
 T1 = 00000006
   26: 0000000C  06 00080000 0000001B 00080000 0000001B 00000000 00000000 00000000 142       100                SVC# 6  
F(0000000C) = 04
====================================================================================
    TOS0     TOS1     TOS2     TOS3        SP       PC Assembly instruction
0000001B                             00080000 0000000C                 DISCARD  #1
====================================================================================
   27: 0000000C  04 00080000 0000001B 00080000 0000001B 00000000 00000000 00000000 100 C     000 F   PC         B+1      PC
 PC = 0000000D
   28: 0000000D  04 00080000 0000001B 00080000 0000001B 00000000 00000000 00000000 004       0A8     PC         B+1      PC
 PC = 0000000E
F(0000000D) = 00
   29: 0000000E  00 00080000 0000001B 00080000 0000001B 00000000 00000000 00000000 0A8       0A9 F   MBRU SL8   B        H
  H = 00000000

Cycle        PC MBR      MAR      MDR       SP      TOS       LV      CPP   OPC/T0 MPC  JAM Next Mem BBus Shift ALU      CBus
------ -------- --- -------- -------- -------- -------- -------- -------- -------- --- ---- ---- --- ---- ----- -------- ----
   30: 0000000E  00 00080000 0000001B 00080000 0000001B 00000000 00000000 00000000 0A9       0AA     PC         B+1      PC
 PC = 0000000F
F(0000000E) = 00
   31: 0000000F  00 00080000 0000001B 00080000 0000001B 00000000 00000000 00000000 0AA       0AB F   MBRU SL8   H or B   H
  H = 00000000
   32: 0000000F  00 00080000 0000001B 00080000 0000001B 00000000 00000000 00000000 0AB       0AC     PC         B+1      PC
 PC = 00000010
F(0000000F) = 00
   33: 00000010  00 00080000 0000001B 00080000 0000001B 00000000 00000000 00000000 0AC       0AD F   MBRU SL8   H or B   H
  H = 00000000
   34: 00000010  00 00080000 0000001B 00080000 0000001B 00000000 00000000 00000000 0AD       0AE     PC         B+1      PC
 PC = 00000011
F(00000010) = 01
   35: 00000011  01 00080000 0000001B 00080000 0000001B 00000000 00000000 00000000 0AE       143     MBRU       H or B   T1
 T1 = 00000001
   36: 00000011  01 00080000 0000001B 00080000 0000001B 00000000 00000000 00000000 143       0AF     SP         B-4      SP
 SP = 0007FFFC
   37: 00000011  01 00080000 0000001B 0007FFFC 0000001B 00000000 00000000 00000000 0AF       0B0     T1         B-1      T1
 T1 = 00000000
   38: 00000011  01 00080000 0000001B 0007FFFC 0000001B 00000000 00000000 00000000 0B0  N P  043     T1         B       
   39: 00000011  01 00080000 0000001B 0007FFFC 0000001B 00000000 00000000 00000000 043       0B1 FR  SP         B        MAR
MAR = 0007FFFC
   40: 00000011  01 0007FFFC 0000001B 0007FFFC 0000001B 00000000 00000000 00000000 0B1       0B2                0       
F(00000011) = 3F
R(0007FFFC) = C8E15B0C
   41: 00000011  3F 0007FFFC C8E15B0C 0007FFFC 0000001B 00000000 00000000 00000000 0B2       100     MDR        B        TOS
TOS = C8E15B0C
====================================================================================
    TOS0     TOS1     TOS2     TOS3        SP       PC Assembly instruction
 (empty)                             0007FFFC 00000011                 SVC      #7
====================================================================================
   42: 00000011  3F 0007FFFC C8E15B0C 0007FFFC C8E15B0C 00000000 00000000 00000000 100 C     000 F   PC         B+1      PC
 PC = 00000012
   43: 00000012  3F 0007FFFC C8E15B0C 0007FFFC C8E15B0C 00000000 00000000 00000000 03F       13B     PC         B+1      PC
 PC = 00000013
F(00000012) = 00
   44: 00000013  00 0007FFFC C8E15B0C 0007FFFC C8E15B0C 00000000 00000000 00000000 13B       13C F   MBRU SL8   B        H
  H = 00000000

Cycle        PC MBR      MAR      MDR       SP      TOS       LV      CPP   OPC/T0 MPC  JAM Next Mem BBus Shift ALU      CBus
------ -------- --- -------- -------- -------- -------- -------- -------- -------- --- ---- ---- --- ---- ----- -------- ----
   45: 00000013  00 0007FFFC C8E15B0C 0007FFFC C8E15B0C 00000000 00000000 00000000 13C       13D     PC         B+1      PC
 PC = 00000014
F(00000013) = 00
   46: 00000014  00 0007FFFC C8E15B0C 0007FFFC C8E15B0C 00000000 00000000 00000000 13D       13E F   MBRU SL8   H or B   H
  H = 00000000
   47: 00000014  00 0007FFFC C8E15B0C 0007FFFC C8E15B0C 00000000 00000000 00000000 13E       13F     PC         B+1      PC
 PC = 00000015
F(00000014) = 00
   48: 00000015  00 0007FFFC C8E15B0C 0007FFFC C8E15B0C 00000000 00000000 00000000 13F       140 F   MBRU SL8   H or B   H
  H = 00000000
   49: 00000015  00 0007FFFC C8E15B0C 0007FFFC C8E15B0C 00000000 00000000 00000000 140       141     PC         B+1      PC
 PC = 00000016
F(00000015) = 07
   50: 00000016  07 0007FFFC C8E15B0C 0007FFFC C8E15B0C 00000000 00000000 00000000 141       142 F   MBRU       H or B   T1
 T1 = 00000007
   51: 00000016  07 0007FFFC C8E15B0C 0007FFFC C8E15B0C 00000000 00000000 00000000 142       100                SVC# 7  
**********
Howdy!
**********
F(00000016) = 3F
====================================================================================
    TOS0     TOS1     TOS2     TOS3        SP       PC Assembly instruction
 (empty)                             0007FFFC 00000016                 SVC      #1
====================================================================================
   52: 00000016  3F 0007FFFC C8E15B0C 0007FFFC C8E15B0C 00000000 00000000 00000000 100 C     000 F   PC         B+1      PC
 PC = 00000017
   53: 00000017  3F 0007FFFC C8E15B0C 0007FFFC C8E15B0C 00000000 00000000 00000000 03F       13B     PC         B+1      PC
 PC = 00000018
F(00000017) = 00
   54: 00000018  00 0007FFFC C8E15B0C 0007FFFC C8E15B0C 00000000 00000000 00000000 13B       13C F   MBRU SL8   B        H
  H = 00000000
   55: 00000018  00 0007FFFC C8E15B0C 0007FFFC C8E15B0C 00000000 00000000 00000000 13C       13D     PC         B+1      PC
 PC = 00000019
F(00000018) = 00
   56: 00000019  00 0007FFFC C8E15B0C 0007FFFC C8E15B0C 00000000 00000000 00000000 13D       13E F   MBRU SL8   H or B   H
  H = 00000000
   57: 00000019  00 0007FFFC C8E15B0C 0007FFFC C8E15B0C 00000000 00000000 00000000 13E       13F     PC         B+1      PC
 PC = 0000001A
F(00000019) = 00
   58: 0000001A  00 0007FFFC C8E15B0C 0007FFFC C8E15B0C 00000000 00000000 00000000 13F       140 F   MBRU SL8   H or B   H
  H = 00000000
   59: 0000001A  00 0007FFFC C8E15B0C 0007FFFC C8E15B0C 00000000 00000000 00000000 140       141     PC         B+1      PC
 PC = 0000001B
F(0000001A) = 01

Cycle        PC MBR      MAR      MDR       SP      TOS       LV      CPP   OPC/T0 MPC  JAM Next Mem BBus Shift ALU      CBus
------ -------- --- -------- -------- -------- -------- -------- -------- -------- --- ---- ---- --- ---- ----- -------- ----
   60: 0000001B  01 0007FFFC C8E15B0C 0007FFFC C8E15B0C 00000000 00000000 00000000 141       142 F   MBRU       H or B   T1
 T1 = 00000001
   61: 0000001B  01 0007FFFC C8E15B0C 0007FFFC C8E15B0C 00000000 00000000 00000000 142       100                SVC# 1  

SVC_STOP_PROGRAM_EXECUTION: Mic1 stopped
