Page    1

Line Source Line
---- ----------------------------------------------------------------------
   1 $-----------------------------------------------------------
   2 $ Dr. Art Hanna
   3 $ Problem #9
   4 $ Problem9.sdl
   5 $-----------------------------------------------------------
   6 COMPONENTS
   7    XOR g1
   8    XOR g2
   9    XOR g3
  10    XOR g4
  11 
  12    NOT g5
  13    NOT g6
  14    NOT g7
  15    NOT g8
  16 
  17    AND*4 g9
  18 
  19    NOT g10
  20    NOT g11
  21    NOT g12
  22 
  23    AND g13
  24    AND*3 g14
  25    AND*4 g15
  26    OR*3 g16
  27 
  28    AND g17
  29    NOT g18
  30    AND g19
  31    OR g20
  32 
  33    NOT g21
  34    NOT g22
  35    AND g23
  36 
  37 ALIASES
  38    A3        =  IN#1
  39    A2        =  IN#2
  40    A1        =  IN#3
  41    A0        =  IN#4
  42    B3        =  IN#5
  43    B2        =  IN#6
  44    B1        =  IN#7
  45    B0        =  IN#8
  46    N         = OUT#1
  47    Z         = OUT#2
  48    P         = OUT#3
  49 
  50 CONNECTIONS
Page    2

Line Source Line
---- ----------------------------------------------------------------------
  51 
  52    $XOR1
  53    g1#1 - A0
  54    g1#2 - B0
  55 
  56    $XOR2
  57    g2#1 - A1
  58    g2#2 - B1
  59 
  60    $XOR3
  61    g3#1 - A2
  62    g3#2 - B2
  63 
  64    $XOR4
  65    g4#1 - A3
  66    g4#2 - B3
  67 
  68    $NOT XOR1
  69    g5#1 - g1#3
  70 
  71    $NOT XOR2
  72    g6#1 - g2#3
  73 
  74    $NOT XOR3
  75    g7#1 - g3#3
  76 
  77    $NOT XOR4
  78    g8#1 - g4#3
  79 
  80    $Z
  81    g9#1 - g5#2
  82    g9#2 - g6#2
  83    g9#3 - g7#2
  84    g9#4 - g8#2
  85    g9#5 - Z
  86 
  87    $~B
  88    g10#1 - B2
  89    g11#1 - B1
  90    g12#1 - B0
  91 
  92    $AND AND*3 AND*4
  93    g13#1 - g10#2
  94    g13#2 - A2
  95 
  96    g14#1 - g7#2
  97    g14#2 - g11#2
  98    g14#3 - A1
  99 
 100    g15#1 - A0
Page    3

Line Source Line
---- ----------------------------------------------------------------------
 101    g15#2 - g12#2
 102    g15#3 - g7#2
 103    g15#4 - g6#2
 104 
 105    $GT3 OR
 106    g16#1 - g13#3
 107    g16#2 - g14#4
 108    g16#3 - g15#5
 109 
 110    $AND GT3 x3
 111    g17#1 - g8#2
 112    g17#2 - g16#4
 113 
 114    $ NOT x3
 115    g18#1 - g8#2
 116 
 117    $NOT x3 compare to B3
 118    g19#1 - g18#2
 119    g19#2 - B3
 120 
 121    $OR for GT(p)
 122    g20#1 - g17#3
 123    g20#2 - g19#3
 124    g20#3 - P
 125 
 126    $NOT GT(p)
 127    g21#1 - g20#3
 128 
 129    $NOT Z
 130    g22#1 - g9#5
 131 
 132    $NOT GT(p) AND NOT Z
 133    g23#1 - g21#2
 134    g23#2 - g22#2
 135    g23#3 - N
 136 
 137 END
1638 characters, 137 lines
  23 components (g1...g23)
  45 connections
