Page    1

Line Source Line
---- ----------------------------------------------------------------------
   1 $-----------------------------------------------------------
   2 $ Azariel Del Carmen
   3 $ Problem #28, Part 2
   4 $ Problem28Part2.sdl
   5 $-----------------------------------------------------------
   6 COMPONENTS
   7    XOR g1
   8    XOR g2
   9    XOR g3
  10    XOR g4
  11 
  12    AND*4 g5
  13 
  14    NOT g6
  15    NOT g7
  16    NOT g8
  17    NOT g9
  18 
  19    NOT g10
  20 
  21    NOT g11
  22    NOT g12
  23    NOT g13
  24    NOT g14
  25    
  26    AND g15
  27    AND*3 g16
  28    AND*4 g17
  29    AND*5 g18
  30    OR*4 g19
  31 
  32    OR g20
  33    OR g21
  34 
  35    AND g22
  36    NOT g23
  37 
  38 ALIASES
  39    A0 = IN#1
  40    B0 = IN#2
  41    A1 = IN#3
  42    B1 = IN#4
  43    A2 = IN#5
  44    B2 = IN#6
  45    A3 = IN#7
  46    B3 = IN#8
  47    EQ = OUT#1
  48    NE = OUT#2
  49    LT =  OUT#3
  50    GT =  OUT#4
Page    2

Line Source Line
---- ----------------------------------------------------------------------
  51    LE =  OUT#5
  52    GE =  OUT#6
  53 
  54 CONNECTIONS
  55 
  56    $XOR0
  57    g1#1 - A0
  58    g1#2 - B0
  59 
  60    $XOR1
  61    g2#1 - A1
  62    g2#2 - B1
  63 
  64    $XOR2
  65    g3#1 - A2
  66    g3#2 - B2
  67 
  68    $XOR3
  69    g4#1 - A3
  70    g4#2 - B3
  71 
  72    $NOT XOR0
  73    g6#1 - g1#3
  74 
  75    $NOT XOR0
  76    g7#1 - g2#3
  77 
  78    $NOT XOR0
  79    g8#1 - g3#3
  80 
  81    $NOT XOR0
  82    g9#1 - g4#3
  83 
  84    $ANDEQ
  85    g5#1 - g6#2
  86    g5#2 - g7#2
  87    g5#3 - g8#2
  88    g5#4 - g9#2
  89    g5#5 - EQ
  90 
  91    $NOT ANDEQ
  92    g10#1 - g5#5
  93    g10#2 - NE
  94 
  95    $~B
  96    g11#1 - B3
  97    g12#1 - B2
  98    g13#1 - B1
  99    g14#1 - B0
 100 
Page    3

Line Source Line
---- ----------------------------------------------------------------------
 101    $ AND A3
 102    g15#1 - g11#2
 103    g15#2 - A3
 104 
 105    g16#1 - g12#2
 106    g16#2 - A2
 107    g16#3 - g9#2
 108 
 109    g17#1 - g13#2
 110    g17#2 - A1
 111    g17#3 - g9#2
 112    g17#4 - g8#2
 113 
 114    g18#1 - g14#2
 115    g18#2 - A0
 116    g18#3 - g9#2
 117    g18#4 - g8#2
 118    g18#5 - g7#2
 119 
 120    $ GT
 121    g19#1 - g15#3
 122    g19#2 - g16#4
 123    g19#3 - g17#5
 124    g19#4 - g18#6
 125    g19#5 - GT
 126 
 127    $ GE
 128    g20#1 - g5#5
 129    g20#2 - g19#5
 130    g20#3 - GE
 131 
 132    $LT
 133    g22#1 - g23#2
 134    g22#2 - g10#2
 135    g22#3 - LT
 136 
 137    $ LE
 138    g21#1 - g5#5
 139    g21#2 - g22#3
 140    g21#3 - LE
 141 
 142    $NOT GT
 143    g23#1 - g19#5
 144 
 145 END
1654 characters, 145 lines
  23 components (g1...g23)
  52 connections
